#
# A fatal error has been detected by the Java Runtime Environment:
#
#  EXCEPTION_ACCESS_VIOLATION (0xc0000005) at pc=0x00007ffb7ff9cce8, pid=8944, tid=10756
#
# JRE version: OpenJDK Runtime Environment Temurin-17.0.2+8 (17.0.2+8) (build 17.0.2+8)
# Java VM: OpenJDK 64-Bit Server VM Temurin-17.0.2+8 (17.0.2+8, mixed mode, tiered, compressed oops, compressed class ptrs, g1 gc, windows-amd64)
# Problematic frame:
# V  [jvm.dll+0x23cce8]
#
# No core dump will be written. Minidumps are not enabled by default on client versions of Windows
#
# If you would like to submit a bug report, please visit:
#   https://github.com/adoptium/adoptium-support/issues
#

---------------  S U M M A R Y ------------

Command Line: -XX:+ShowCodeDetailsInExceptionMessages -agentlib:jdwp=transport=dt_socket,suspend=y,address=localhost:56966 -javaagent:C:\Users\jeanmartin\eclipse\java-2022-03\eclipse\configuration\org.eclipse.osgi\225\0\.cp\lib\javaagent-shaded.jar -Dfile.encoding=Cp1252 com.maintain.Maintainance

Host: Intel(R) Core(TM) i7-4500U CPU @ 1.80GHz, 4 cores, 15G,  Windows 10 , 64 bit Build 19041 (10.0.19041.2546)
Time: Sat Mar 25 11:56:42 2023 India Standard Time elapsed time: 49.944084 seconds (0d 0h 0m 49s)

---------------  T H R E A D  ---------------

Current thread (0x0000024556802750):  VMThread "VM Thread" [stack: 0x0000007f27600000,0x0000007f27700000] [id=10756]

Stack: [0x0000007f27600000,0x0000007f27700000],  sp=0x0000007f276feb78,  free space=1018k
Native frames: (J=compiled Java code, j=interpreted, Vv=VM code, C=native code)
V  [jvm.dll+0x23cce8]


siginfo: EXCEPTION_ACCESS_VIOLATION (0xc0000005), reading address 0x000002455ab13668


Register to memory mapping:

RIP=0x00007ffb7ff9cce8 jvm.dll
RAX=0x0000000000194340 is an unknown value
RBX=0x000002455a97e990 is pointing into metadata
RCX=0x000002455a97f328 is pointing into metadata
RDX=0x000000000000ca19 is an unknown value
RSP=0x0000007f276feb78 points into unknown readable memory: 0x00007ffb7ff9cd6e | 6e cd f9 7f fb 7f 00 00
RBP=0x0000007f276fecb0 points into unknown readable memory: 0xffffffffffffffff | ff ff ff ff ff ff ff ff
RSI=0x0 is NULL
RDI=0x0000007f276ff2c0 points into unknown readable memory: 0x00007ffb80702eb0 | b0 2e 70 80 fb 7f 00 00
R8 =0x0 is NULL
R9 =0x000002455a97e990 is pointing into metadata
R10=0x0 is NULL
R11=0x0000000047000000 is an unknown value
R12=0x00007ffb7fd60000 jvm.dll
R13=0x0000024558111500 points into unknown readable memory: 0x0000016f00000000 | 00 00 00 00 6f 01 00 00
R14=0x000002455a97e3f2 is pointing into metadata
R15=0x00000000000001f8 is an unknown value


Registers:
RAX=0x0000000000194340, RBX=0x000002455a97e990, RCX=0x000002455a97f328, RDX=0x000000000000ca19
RSP=0x0000007f276feb78, RBP=0x0000007f276fecb0, RSI=0x0000000000000000, RDI=0x0000007f276ff2c0
R8 =0x0000000000000000, R9 =0x000002455a97e990, R10=0x0000000000000000, R11=0x0000000047000000
R12=0x00007ffb7fd60000, R13=0x0000024558111500, R14=0x000002455a97e3f2, R15=0x00000000000001f8
RIP=0x00007ffb7ff9cce8, EFLAGS=0x0000000000010202

Top of Stack: (sp=0x0000007f276feb78)
0x0000007f276feb78:   00007ffb7ff9cd6e 0000007f276fec08
0x0000007f276feb88:   0000000000000000 0000024555ac3fb0
0x0000007f276feb98:   0000000000000000 0000007f276ff130
0x0000007f276feba8:   00007ffb80095934 0000000000000001
0x0000007f276febb8:   0000000000000000 0000000000000000
0x0000007f276febc8:   00007ffb8037b900 0000024535a5e9d0
0x0000007f276febd8:   0000007f276fee00 0000024555acaaf8
0x0000007f276febe8:   00007ffb0000000c 0000000000000000
0x0000007f276febf8:   0000007f276fec50 0000024500000002
0x0000007f276fec08:   0000024555acaaf8 0000002d00000014
0x0000007f276fec18:   000000000000002d 000000030000000c
0x0000007f276fec28:   0000024555ac3fb0 0000000000000000
0x0000007f276fec38:   00000000460001c7 0000007f276ff390
0x0000007f276fec48:   00007ffb804ad930 4fffffff4fffffff
0x0000007f276fec58:   00007ffb4fffffff 0000007f276fedc0
0x0000007f276fec68:   0000007f276fecf0 0000007f276ff2c0 

Instructions: (pc=0x00007ffb7ff9cce8)
0x00007ffb7ff9cbe8:   03 03 03 03 03 03 03 03 03 03 03 03 03 03 03 03
0x00007ffb7ff9cbf8:   03 03 03 03 03 03 03 03 03 03 03 03 03 03 03 03
0x00007ffb7ff9cc08:   03 03 03 03 03 03 03 03 03 03 03 03 03 03 03 03
0x00007ffb7ff9cc18:   03 03 03 03 03 03 03 03 03 03 03 03 03 03 03 03
0x00007ffb7ff9cc28:   03 03 03 02 03 03 02 cc 48 89 5c 24 08 48 89 74
0x00007ffb7ff9cc38:   24 10 57 48 83 ec 20 48 63 da 41 0f b6 f0 48 8b
0x00007ffb7ff9cc48:   f9 85 d2 79 24 4c 8d 0d 34 32 70 00 ba b4 02 00
0x00007ffb7ff9cc58:   00 4c 8d 05 60 32 70 00 48 8d 0d b9 31 70 00 e8
0x00007ffb7ff9cc68:   84 84 00 00 e8 4f 85 43 00 40 84 f6 75 18 48 8b
0x00007ffb7ff9cc78:   4f 10 48 85 c9 74 0f 48 8d 43 01 48 c1 e0 05 48
0x00007ffb7ff9cc88:   8b 04 08 0f b7 d8 48 8b 74 24 38 48 63 c3 48 8b
0x00007ffb7ff9cc98:   5c 24 30 0f b7 44 c7 48 48 83 c4 20 5f c3 cc cc
0x00007ffb7ff9cca8:   cc cc cc cc cc cc cc cc 4c 8b c9 45 84 c0 75 41
0x00007ffb7ff9ccb8:   48 8b 49 10 48 85 c9 74 38 85 d2 79 19 f7 d2 8b
0x00007ffb7ff9ccc8:   c2 48 ff c0 48 c1 e0 05 48 8b 04 08 0f b7 c8 41
0x00007ffb7ff9ccd8:   0f b7 44 c9 4a c3 48 63 c2 48 ff c0 48 c1 e0 05
0x00007ffb7ff9cce8:   48 8b 04 08 0f b7 d0 48 63 c2 41 0f b7 44 c1 4a
0x00007ffb7ff9ccf8:   c3 49 8b 41 08 4c 63 c2 42 0f b6 44 00 04 8d 48
0x00007ffb7ff9cd08:   ef 80 f9 01 76 0e 3c 6a 74 0a 48 63 c2 41 0f b7
0x00007ffb7ff9cd18:   44 c1 4a c3 43 0f b7 44 c1 4a c3 cc cc cc cc cc
0x00007ffb7ff9cd28:   cc cc cc cc cc cc cc cc 40 53 48 83 ec 20 48 8b
0x00007ffb7ff9cd38:   d9 e8 72 ff ff ff 48 63 d0 0f b7 44 d3 48 48 8b
0x00007ffb7ff9cd48:   44 c3 48 48 83 c4 20 5b c3 cc cc cc cc cc cc cc
0x00007ffb7ff9cd58:   cc cc cc cc cc cc cc cc 40 53 48 83 ec 20 48 8b
0x00007ffb7ff9cd68:   d9 e8 42 ff ff ff 48 63 d0 0f b7 44 d3 4a 48 8b
0x00007ffb7ff9cd78:   44 c3 48 48 83 c4 20 5b c3 cc cc cc cc cc cc cc
0x00007ffb7ff9cd88:   cc cc cc cc cc cc cc cc 4c 8b d1 45 84 c9 75 28
0x00007ffb7ff9cd98:   4c 8b 49 10 4d 85 c9 74 1f 45 85 c0 79 08 41 f7
0x00007ffb7ff9cda8:   d0 41 8b c0 eb 03 49 63 c0 48 ff c0 48 c1 e0 05
0x00007ffb7ff9cdb8:   4a 8b 04 08 44 0f b7 c0 49 8b 42 08 49 63 c8 0f
0x00007ffb7ff9cdc8:   b6 4c 08 04 48 8b c2 88 0a c3 cc cc cc cc cc cc
0x00007ffb7ff9cdd8:   cc cc cc cc cc cc cc cc 40 56 57 41 54 41 56 41 


Stack slot to memory mapping:
stack at sp + 0 slots: 0x00007ffb7ff9cd6e jvm.dll
stack at sp + 1 slots: 0x0000007f276fec08 points into unknown readable memory: 0x0000024555acaaf8 | f8 aa ac 55 45 02 00 00
stack at sp + 2 slots: 0x0 is NULL
stack at sp + 3 slots: 0x0000024555ac3fb0 points into unknown readable memory: 0x616a00106e30ffff | ff ff 30 6e 10 00 6a 61
stack at sp + 4 slots: 0x0 is NULL
stack at sp + 5 slots: 0x0000007f276ff130 points into unknown readable memory: 0x000002455a97e780 | 80 e7 97 5a 45 02 00 00
stack at sp + 6 slots: 0x00007ffb80095934 jvm.dll
stack at sp + 7 slots: 0x0000000000000001 is an unknown value

VM_Operation (0x0000007f281ff6f0): get/set locals, mode: safepoint, requested by thread 0x0000024556b1fb90


---------------  P R O C E S S  ---------------

Threads class SMR info:
_java_thread_list=0x0000024559b8c450, length=16, elements={
0x000002453597f370, 0x0000024555c008f0, 0x0000024555c016f0, 0x0000024556857620,
0x0000024556859f00, 0x000002455685a8b0, 0x0000024556866770, 0x000002455686b460,
0x000002455686be50, 0x0000024556877020, 0x000002455695f6c0, 0x0000024556b1fb90,
0x0000024556aeeba0, 0x0000024556af11b0, 0x0000024556bfde80, 0x000002455716ab30
}

Java Threads: ( => current thread )
  0x000002453597f370 JavaThread "main" [_thread_blocked, id=2676, stack(0x0000007f27000000,0x0000007f27100000)]
  0x0000024555c008f0 JavaThread "Reference Handler" daemon [_thread_blocked, id=15560, stack(0x0000007f27700000,0x0000007f27800000)]
  0x0000024555c016f0 JavaThread "Finalizer" daemon [_thread_blocked, id=12936, stack(0x0000007f27800000,0x0000007f27900000)]
  0x0000024556857620 JavaThread "Signal Dispatcher" daemon [_thread_blocked, id=13900, stack(0x0000007f27900000,0x0000007f27a00000)]
  0x0000024556859f00 JavaThread "Attach Listener" daemon [_thread_blocked, id=20196, stack(0x0000007f27a00000,0x0000007f27b00000)]
  0x000002455685a8b0 JavaThread "Service Thread" daemon [_thread_blocked, id=5948, stack(0x0000007f27b00000,0x0000007f27c00000)]
  0x0000024556866770 JavaThread "Monitor Deflation Thread" daemon [_thread_blocked, id=10012, stack(0x0000007f27c00000,0x0000007f27d00000)]
  0x000002455686b460 JavaThread "C2 CompilerThread0" daemon [_thread_blocked, id=1464, stack(0x0000007f27d00000,0x0000007f27e00000)]
  0x000002455686be50 JavaThread "C1 CompilerThread0" daemon [_thread_blocked, id=11428, stack(0x0000007f27e00000,0x0000007f27f00000)]
  0x0000024556877020 JavaThread "Sweeper thread" daemon [_thread_blocked, id=15184, stack(0x0000007f27f00000,0x0000007f28000000)]
  0x000002455695f6c0 JavaThread "Common-Cleaner" daemon [_thread_blocked, id=8740, stack(0x0000007f28000000,0x0000007f28100000)]
  0x0000024556b1fb90 JavaThread "JDWP Transport Listener: dt_socket" daemon [_thread_blocked, id=2572, stack(0x0000007f28100000,0x0000007f28200000)]
  0x0000024556aeeba0 JavaThread "JDWP Event Helper Thread" daemon [_thread_blocked, id=15096, stack(0x0000007f28200000,0x0000007f28300000)]
  0x0000024556af11b0 JavaThread "JDWP Command Reader" daemon [_thread_in_native, id=11716, stack(0x0000007f28300000,0x0000007f28400000)]
  0x0000024556bfde80 JavaThread "Notification Thread" daemon [_thread_blocked, id=15616, stack(0x0000007f28400000,0x0000007f28500000)]
  0x000002455716ab30 JavaThread "mysql-cj-abandoned-connection-cleanup" daemon [_thread_blocked, id=7800, stack(0x0000007f28600000,0x0000007f28700000)]

Other Threads:
=>0x0000024556802750 VMThread "VM Thread" [stack: 0x0000007f27600000,0x0000007f27700000] [id=10756]
  0x00000245359ebe50 WatcherThread [stack: 0x0000007f28500000,0x0000007f28600000] [id=13580]
  0x00000245359ce080 GCTaskThread "GC Thread#0" [stack: 0x0000007f27100000,0x0000007f27200000] [id=20316]
  0x00000245580d6d00 GCTaskThread "GC Thread#1" [stack: 0x0000007f28700000,0x0000007f28800000] [id=1988]
  0x0000024557739c90 GCTaskThread "GC Thread#2" [stack: 0x0000007f28800000,0x0000007f28900000] [id=6444]
  0x00000245574413a0 GCTaskThread "GC Thread#3" [stack: 0x0000007f28900000,0x0000007f28a00000] [id=7728]
  0x00000245359df5b0 ConcurrentGCThread "G1 Main Marker" [stack: 0x0000007f27200000,0x0000007f27300000] [id=14012]
  0x00000245359dffd0 ConcurrentGCThread "G1 Conc#0" [stack: 0x0000007f27300000,0x0000007f27400000] [id=16976]
  0x0000024535a48a40 ConcurrentGCThread "G1 Refine#0" [stack: 0x0000007f27400000,0x0000007f27500000] [id=5688]
  0x0000024535a49460 ConcurrentGCThread "G1 Service" [stack: 0x0000007f27500000,0x0000007f27600000] [id=14468]

Threads with active compile tasks:

VM state: at safepoint (normal execution)

VM Mutex/Monitor currently owned by a thread:  ([mutex/lock_event])
[0x000002453597a9f0] Threads_lock - owner thread: 0x0000024556802750

Heap address: 0x0000000701a00000, size: 4070 MB, Compressed Oops mode: Zero based, Oop shift amount: 3

CDS archive(s) not mapped
Compressed class space mapped at: 0x0000000800000000-0x0000000840000000, reserved size: 1073741824
Narrow klass base: 0x0000000800000000, Narrow klass shift: 0, Narrow klass range: 0x40000000

GC Precious Log:
 CPUs: 4 total, 4 available
 Memory: 16272M
 Large Page Support: Disabled
 NUMA Support: Disabled
 Compressed Oops: Enabled (Zero based)
 Heap Region Size: 2M
 Heap Min Capacity: 8M
 Heap Initial Capacity: 256M
 Heap Max Capacity: 4070M
 Pre-touch: Disabled
 Parallel Workers: 4
 Concurrent Workers: 1
 Concurrent Refinement Workers: 4
 Periodic GC: Disabled

Heap:
 garbage-first heap   total 262144K, used 27225K [0x0000000701a00000, 0x0000000800000000)
  region size 2048K, 15 young (30720K), 1 survivors (2048K)
 Metaspace       used 20054K, committed 20224K, reserved 1073152K
  class space    used 1930K, committed 1984K, reserved 1048576K

Heap Regions: E=young(eden), S=young(survivor), O=old, HS=humongous(starts), HC=humongous(continues), CS=collection set, F=free, OA=open archive, CA=closed archive, TAMS=top-at-mark-start (previous, next)
|   0|0x0000000701a00000, 0x0000000701bfb000, 0x0000000701c00000| 99%| O|  |TAMS 0x0000000701a00000, 0x0000000701a00000| Untracked 
|   1|0x0000000701c00000, 0x0000000701c00000, 0x0000000701e00000|  0%| F|  |TAMS 0x0000000701c00000, 0x0000000701c00000| Untracked 
|   2|0x0000000701e00000, 0x0000000701e00000, 0x0000000702000000|  0%| F|  |TAMS 0x0000000701e00000, 0x0000000701e00000| Untracked 
|   3|0x0000000702000000, 0x0000000702000000, 0x0000000702200000|  0%| F|  |TAMS 0x0000000702000000, 0x0000000702000000| Untracked 
|   4|0x0000000702200000, 0x0000000702200000, 0x0000000702400000|  0%| F|  |TAMS 0x0000000702200000, 0x0000000702200000| Untracked 
|   5|0x0000000702400000, 0x0000000702400000, 0x0000000702600000|  0%| F|  |TAMS 0x0000000702400000, 0x0000000702400000| Untracked 
|   6|0x0000000702600000, 0x0000000702600000, 0x0000000702800000|  0%| F|  |TAMS 0x0000000702600000, 0x0000000702600000| Untracked 
|   7|0x0000000702800000, 0x0000000702800000, 0x0000000702a00000|  0%| F|  |TAMS 0x0000000702800000, 0x0000000702800000| Untracked 
|   8|0x0000000702a00000, 0x0000000702a00000, 0x0000000702c00000|  0%| F|  |TAMS 0x0000000702a00000, 0x0000000702a00000| Untracked 
|   9|0x0000000702c00000, 0x0000000702c00000, 0x0000000702e00000|  0%| F|  |TAMS 0x0000000702c00000, 0x0000000702c00000| Untracked 
|  10|0x0000000702e00000, 0x0000000702e00000, 0x0000000703000000|  0%| F|  |TAMS 0x0000000702e00000, 0x0000000702e00000| Untracked 
|  11|0x0000000703000000, 0x0000000703000000, 0x0000000703200000|  0%| F|  |TAMS 0x0000000703000000, 0x0000000703000000| Untracked 
|  12|0x0000000703200000, 0x0000000703200000, 0x0000000703400000|  0%| F|  |TAMS 0x0000000703200000, 0x0000000703200000| Untracked 
|  13|0x0000000703400000, 0x0000000703400000, 0x0000000703600000|  0%| F|  |TAMS 0x0000000703400000, 0x0000000703400000| Untracked 
|  14|0x0000000703600000, 0x0000000703600000, 0x0000000703800000|  0%| F|  |TAMS 0x0000000703600000, 0x0000000703600000| Untracked 
|  15|0x0000000703800000, 0x0000000703800000, 0x0000000703a00000|  0%| F|  |TAMS 0x0000000703800000, 0x0000000703800000| Untracked 
|  16|0x0000000703a00000, 0x0000000703a00000, 0x0000000703c00000|  0%| F|  |TAMS 0x0000000703a00000, 0x0000000703a00000| Untracked 
|  17|0x0000000703c00000, 0x0000000703c00000, 0x0000000703e00000|  0%| F|  |TAMS 0x0000000703c00000, 0x0000000703c00000| Untracked 
|  18|0x0000000703e00000, 0x0000000703e00000, 0x0000000704000000|  0%| F|  |TAMS 0x0000000703e00000, 0x0000000703e00000| Untracked 
|  19|0x0000000704000000, 0x0000000704000000, 0x0000000704200000|  0%| F|  |TAMS 0x0000000704000000, 0x0000000704000000| Untracked 
|  20|0x0000000704200000, 0x0000000704200000, 0x0000000704400000|  0%| F|  |TAMS 0x0000000704200000, 0x0000000704200000| Untracked 
|  21|0x0000000704400000, 0x0000000704400000, 0x0000000704600000|  0%| F|  |TAMS 0x0000000704400000, 0x0000000704400000| Untracked 
|  22|0x0000000704600000, 0x0000000704600000, 0x0000000704800000|  0%| F|  |TAMS 0x0000000704600000, 0x0000000704600000| Untracked 
|  23|0x0000000704800000, 0x0000000704800000, 0x0000000704a00000|  0%| F|  |TAMS 0x0000000704800000, 0x0000000704800000| Untracked 
|  24|0x0000000704a00000, 0x0000000704a00000, 0x0000000704c00000|  0%| F|  |TAMS 0x0000000704a00000, 0x0000000704a00000| Untracked 
|  25|0x0000000704c00000, 0x0000000704c00000, 0x0000000704e00000|  0%| F|  |TAMS 0x0000000704c00000, 0x0000000704c00000| Untracked 
|  26|0x0000000704e00000, 0x0000000704e00000, 0x0000000705000000|  0%| F|  |TAMS 0x0000000704e00000, 0x0000000704e00000| Untracked 
|  27|0x0000000705000000, 0x0000000705000000, 0x0000000705200000|  0%| F|  |TAMS 0x0000000705000000, 0x0000000705000000| Untracked 
|  28|0x0000000705200000, 0x0000000705200000, 0x0000000705400000|  0%| F|  |TAMS 0x0000000705200000, 0x0000000705200000| Untracked 
|  29|0x0000000705400000, 0x0000000705400000, 0x0000000705600000|  0%| F|  |TAMS 0x0000000705400000, 0x0000000705400000| Untracked 
|  30|0x0000000705600000, 0x0000000705600000, 0x0000000705800000|  0%| F|  |TAMS 0x0000000705600000, 0x0000000705600000| Untracked 
|  31|0x0000000705800000, 0x0000000705800000, 0x0000000705a00000|  0%| F|  |TAMS 0x0000000705800000, 0x0000000705800000| Untracked 
|  32|0x0000000705a00000, 0x0000000705a00000, 0x0000000705c00000|  0%| F|  |TAMS 0x0000000705a00000, 0x0000000705a00000| Untracked 
|  33|0x0000000705c00000, 0x0000000705c00000, 0x0000000705e00000|  0%| F|  |TAMS 0x0000000705c00000, 0x0000000705c00000| Untracked 
|  34|0x0000000705e00000, 0x0000000705e00000, 0x0000000706000000|  0%| F|  |TAMS 0x0000000705e00000, 0x0000000705e00000| Untracked 
|  35|0x0000000706000000, 0x0000000706000000, 0x0000000706200000|  0%| F|  |TAMS 0x0000000706000000, 0x0000000706000000| Untracked 
|  36|0x0000000706200000, 0x0000000706200000, 0x0000000706400000|  0%| F|  |TAMS 0x0000000706200000, 0x0000000706200000| Untracked 
|  37|0x0000000706400000, 0x0000000706400000, 0x0000000706600000|  0%| F|  |TAMS 0x0000000706400000, 0x0000000706400000| Untracked 
|  38|0x0000000706600000, 0x0000000706600000, 0x0000000706800000|  0%| F|  |TAMS 0x0000000706600000, 0x0000000706600000| Untracked 
|  39|0x0000000706800000, 0x0000000706800000, 0x0000000706a00000|  0%| F|  |TAMS 0x0000000706800000, 0x0000000706800000| Untracked 
|  40|0x0000000706a00000, 0x0000000706a00000, 0x0000000706c00000|  0%| F|  |TAMS 0x0000000706a00000, 0x0000000706a00000| Untracked 
|  41|0x0000000706c00000, 0x0000000706c00000, 0x0000000706e00000|  0%| F|  |TAMS 0x0000000706c00000, 0x0000000706c00000| Untracked 
|  42|0x0000000706e00000, 0x0000000706e00000, 0x0000000707000000|  0%| F|  |TAMS 0x0000000706e00000, 0x0000000706e00000| Untracked 
|  43|0x0000000707000000, 0x0000000707000000, 0x0000000707200000|  0%| F|  |TAMS 0x0000000707000000, 0x0000000707000000| Untracked 
|  44|0x0000000707200000, 0x0000000707200000, 0x0000000707400000|  0%| F|  |TAMS 0x0000000707200000, 0x0000000707200000| Untracked 
|  45|0x0000000707400000, 0x0000000707400000, 0x0000000707600000|  0%| F|  |TAMS 0x0000000707400000, 0x0000000707400000| Untracked 
|  46|0x0000000707600000, 0x0000000707600000, 0x0000000707800000|  0%| F|  |TAMS 0x0000000707600000, 0x0000000707600000| Untracked 
|  47|0x0000000707800000, 0x0000000707800000, 0x0000000707a00000|  0%| F|  |TAMS 0x0000000707800000, 0x0000000707800000| Untracked 
|  48|0x0000000707a00000, 0x0000000707a00000, 0x0000000707c00000|  0%| F|  |TAMS 0x0000000707a00000, 0x0000000707a00000| Untracked 
|  49|0x0000000707c00000, 0x0000000707c00000, 0x0000000707e00000|  0%| F|  |TAMS 0x0000000707c00000, 0x0000000707c00000| Untracked 
|  50|0x0000000707e00000, 0x0000000707e00000, 0x0000000708000000|  0%| F|  |TAMS 0x0000000707e00000, 0x0000000707e00000| Untracked 
|  51|0x0000000708000000, 0x0000000708000000, 0x0000000708200000|  0%| F|  |TAMS 0x0000000708000000, 0x0000000708000000| Untracked 
|  52|0x0000000708200000, 0x0000000708200000, 0x0000000708400000|  0%| F|  |TAMS 0x0000000708200000, 0x0000000708200000| Untracked 
|  53|0x0000000708400000, 0x0000000708400000, 0x0000000708600000|  0%| F|  |TAMS 0x0000000708400000, 0x0000000708400000| Untracked 
|  54|0x0000000708600000, 0x0000000708600000, 0x0000000708800000|  0%| F|  |TAMS 0x0000000708600000, 0x0000000708600000| Untracked 
|  55|0x0000000708800000, 0x0000000708800000, 0x0000000708a00000|  0%| F|  |TAMS 0x0000000708800000, 0x0000000708800000| Untracked 
|  56|0x0000000708a00000, 0x0000000708a00000, 0x0000000708c00000|  0%| F|  |TAMS 0x0000000708a00000, 0x0000000708a00000| Untracked 
|  57|0x0000000708c00000, 0x0000000708c00000, 0x0000000708e00000|  0%| F|  |TAMS 0x0000000708c00000, 0x0000000708c00000| Untracked 
|  58|0x0000000708e00000, 0x0000000708e00000, 0x0000000709000000|  0%| F|  |TAMS 0x0000000708e00000, 0x0000000708e00000| Untracked 
|  59|0x0000000709000000, 0x0000000709000000, 0x0000000709200000|  0%| F|  |TAMS 0x0000000709000000, 0x0000000709000000| Untracked 
|  60|0x0000000709200000, 0x0000000709200000, 0x0000000709400000|  0%| F|  |TAMS 0x0000000709200000, 0x0000000709200000| Untracked 
|  61|0x0000000709400000, 0x0000000709400000, 0x0000000709600000|  0%| F|  |TAMS 0x0000000709400000, 0x0000000709400000| Untracked 
|  62|0x0000000709600000, 0x0000000709600000, 0x0000000709800000|  0%| F|  |TAMS 0x0000000709600000, 0x0000000709600000| Untracked 
|  63|0x0000000709800000, 0x0000000709800000, 0x0000000709a00000|  0%| F|  |TAMS 0x0000000709800000, 0x0000000709800000| Untracked 
|  64|0x0000000709a00000, 0x0000000709a00000, 0x0000000709c00000|  0%| F|  |TAMS 0x0000000709a00000, 0x0000000709a00000| Untracked 
|  65|0x0000000709c00000, 0x0000000709c00000, 0x0000000709e00000|  0%| F|  |TAMS 0x0000000709c00000, 0x0000000709c00000| Untracked 
|  66|0x0000000709e00000, 0x0000000709e00000, 0x000000070a000000|  0%| F|  |TAMS 0x0000000709e00000, 0x0000000709e00000| Untracked 
|  67|0x000000070a000000, 0x000000070a000000, 0x000000070a200000|  0%| F|  |TAMS 0x000000070a000000, 0x000000070a000000| Untracked 
|  68|0x000000070a200000, 0x000000070a200000, 0x000000070a400000|  0%| F|  |TAMS 0x000000070a200000, 0x000000070a200000| Untracked 
|  69|0x000000070a400000, 0x000000070a400000, 0x000000070a600000|  0%| F|  |TAMS 0x000000070a400000, 0x000000070a400000| Untracked 
|  70|0x000000070a600000, 0x000000070a600000, 0x000000070a800000|  0%| F|  |TAMS 0x000000070a600000, 0x000000070a600000| Untracked 
|  71|0x000000070a800000, 0x000000070a800000, 0x000000070aa00000|  0%| F|  |TAMS 0x000000070a800000, 0x000000070a800000| Untracked 
|  72|0x000000070aa00000, 0x000000070aa00000, 0x000000070ac00000|  0%| F|  |TAMS 0x000000070aa00000, 0x000000070aa00000| Untracked 
|  73|0x000000070ac00000, 0x000000070ac00000, 0x000000070ae00000|  0%| F|  |TAMS 0x000000070ac00000, 0x000000070ac00000| Untracked 
|  74|0x000000070ae00000, 0x000000070ae00000, 0x000000070b000000|  0%| F|  |TAMS 0x000000070ae00000, 0x000000070ae00000| Untracked 
|  75|0x000000070b000000, 0x000000070b000000, 0x000000070b200000|  0%| F|  |TAMS 0x000000070b000000, 0x000000070b000000| Untracked 
|  76|0x000000070b200000, 0x000000070b200000, 0x000000070b400000|  0%| F|  |TAMS 0x000000070b200000, 0x000000070b200000| Untracked 
|  77|0x000000070b400000, 0x000000070b400000, 0x000000070b600000|  0%| F|  |TAMS 0x000000070b400000, 0x000000070b400000| Untracked 
|  78|0x000000070b600000, 0x000000070b600000, 0x000000070b800000|  0%| F|  |TAMS 0x000000070b600000, 0x000000070b600000| Untracked 
|  79|0x000000070b800000, 0x000000070b800000, 0x000000070ba00000|  0%| F|  |TAMS 0x000000070b800000, 0x000000070b800000| Untracked 
|  80|0x000000070ba00000, 0x000000070ba00000, 0x000000070bc00000|  0%| F|  |TAMS 0x000000070ba00000, 0x000000070ba00000| Untracked 
|  81|0x000000070bc00000, 0x000000070bc00000, 0x000000070be00000|  0%| F|  |TAMS 0x000000070bc00000, 0x000000070bc00000| Untracked 
|  82|0x000000070be00000, 0x000000070be00000, 0x000000070c000000|  0%| F|  |TAMS 0x000000070be00000, 0x000000070be00000| Untracked 
|  83|0x000000070c000000, 0x000000070c000000, 0x000000070c200000|  0%| F|  |TAMS 0x000000070c000000, 0x000000070c000000| Untracked 
|  84|0x000000070c200000, 0x000000070c200000, 0x000000070c400000|  0%| F|  |TAMS 0x000000070c200000, 0x000000070c200000| Untracked 
|  85|0x000000070c400000, 0x000000070c400000, 0x000000070c600000|  0%| F|  |TAMS 0x000000070c400000, 0x000000070c400000| Untracked 
|  86|0x000000070c600000, 0x000000070c600000, 0x000000070c800000|  0%| F|  |TAMS 0x000000070c600000, 0x000000070c600000| Untracked 
|  87|0x000000070c800000, 0x000000070c800000, 0x000000070ca00000|  0%| F|  |TAMS 0x000000070c800000, 0x000000070c800000| Untracked 
|  88|0x000000070ca00000, 0x000000070ca00000, 0x000000070cc00000|  0%| F|  |TAMS 0x000000070ca00000, 0x000000070ca00000| Untracked 
|  89|0x000000070cc00000, 0x000000070cc00000, 0x000000070ce00000|  0%| F|  |TAMS 0x000000070cc00000, 0x000000070cc00000| Untracked 
|  90|0x000000070ce00000, 0x000000070ce00000, 0x000000070d000000|  0%| F|  |TAMS 0x000000070ce00000, 0x000000070ce00000| Untracked 
|  91|0x000000070d000000, 0x000000070d000000, 0x000000070d200000|  0%| F|  |TAMS 0x000000070d000000, 0x000000070d000000| Untracked 
|  92|0x000000070d200000, 0x000000070d200000, 0x000000070d400000|  0%| F|  |TAMS 0x000000070d200000, 0x000000070d200000| Untracked 
|  93|0x000000070d400000, 0x000000070d400000, 0x000000070d600000|  0%| F|  |TAMS 0x000000070d400000, 0x000000070d400000| Untracked 
|  94|0x000000070d600000, 0x000000070d600000, 0x000000070d800000|  0%| F|  |TAMS 0x000000070d600000, 0x000000070d600000| Untracked 
|  95|0x000000070d800000, 0x000000070d800000, 0x000000070da00000|  0%| F|  |TAMS 0x000000070d800000, 0x000000070d800000| Untracked 
|  96|0x000000070da00000, 0x000000070da00000, 0x000000070dc00000|  0%| F|  |TAMS 0x000000070da00000, 0x000000070da00000| Untracked 
|  97|0x000000070dc00000, 0x000000070dc00000, 0x000000070de00000|  0%| F|  |TAMS 0x000000070dc00000, 0x000000070dc00000| Untracked 
|  98|0x000000070de00000, 0x000000070de00000, 0x000000070e000000|  0%| F|  |TAMS 0x000000070de00000, 0x000000070de00000| Untracked 
|  99|0x000000070e000000, 0x000000070e000000, 0x000000070e200000|  0%| F|  |TAMS 0x000000070e000000, 0x000000070e000000| Untracked 
| 100|0x000000070e200000, 0x000000070e200000, 0x000000070e400000|  0%| F|  |TAMS 0x000000070e200000, 0x000000070e200000| Untracked 
| 101|0x000000070e400000, 0x000000070e400000, 0x000000070e600000|  0%| F|  |TAMS 0x000000070e400000, 0x000000070e400000| Untracked 
| 102|0x000000070e600000, 0x000000070e600000, 0x000000070e800000|  0%| F|  |TAMS 0x000000070e600000, 0x000000070e600000| Untracked 
| 103|0x000000070e800000, 0x000000070e800000, 0x000000070ea00000|  0%| F|  |TAMS 0x000000070e800000, 0x000000070e800000| Untracked 
| 104|0x000000070ea00000, 0x000000070ea00000, 0x000000070ec00000|  0%| F|  |TAMS 0x000000070ea00000, 0x000000070ea00000| Untracked 
| 105|0x000000070ec00000, 0x000000070ec00000, 0x000000070ee00000|  0%| F|  |TAMS 0x000000070ec00000, 0x000000070ec00000| Untracked 
| 106|0x000000070ee00000, 0x000000070ee00000, 0x000000070f000000|  0%| F|  |TAMS 0x000000070ee00000, 0x000000070ee00000| Untracked 
| 107|0x000000070f000000, 0x000000070f000000, 0x000000070f200000|  0%| F|  |TAMS 0x000000070f000000, 0x000000070f000000| Untracked 
| 108|0x000000070f200000, 0x000000070f200000, 0x000000070f400000|  0%| F|  |TAMS 0x000000070f200000, 0x000000070f200000| Untracked 
| 109|0x000000070f400000, 0x000000070f400000, 0x000000070f600000|  0%| F|  |TAMS 0x000000070f400000, 0x000000070f400000| Untracked 
| 110|0x000000070f600000, 0x000000070f600000, 0x000000070f800000|  0%| F|  |TAMS 0x000000070f600000, 0x000000070f600000| Untracked 
| 111|0x000000070f800000, 0x000000070f800000, 0x000000070fa00000|  0%| F|  |TAMS 0x000000070f800000, 0x000000070f800000| Untracked 
| 112|0x000000070fa00000, 0x000000070fa00000, 0x000000070fc00000|  0%| F|  |TAMS 0x000000070fa00000, 0x000000070fa00000| Untracked 
| 113|0x000000070fc00000, 0x000000070fe00000, 0x000000070fe00000|100%| E|  |TAMS 0x000000070fc00000, 0x000000070fc00000| Complete 
| 114|0x000000070fe00000, 0x0000000710000000, 0x0000000710000000|100%| E|CS|TAMS 0x000000070fe00000, 0x000000070fe00000| Complete 
| 115|0x0000000710000000, 0x0000000710200000, 0x0000000710200000|100%| E|CS|TAMS 0x0000000710000000, 0x0000000710000000| Complete 
| 116|0x0000000710200000, 0x0000000710400000, 0x0000000710400000|100%| E|CS|TAMS 0x0000000710200000, 0x0000000710200000| Complete 
| 117|0x0000000710400000, 0x0000000710600000, 0x0000000710600000|100%| E|CS|TAMS 0x0000000710400000, 0x0000000710400000| Complete 
| 118|0x0000000710600000, 0x0000000710800000, 0x0000000710800000|100%| E|CS|TAMS 0x0000000710600000, 0x0000000710600000| Complete 
| 119|0x0000000710800000, 0x000000071089b440, 0x0000000710a00000| 30%| S|CS|TAMS 0x0000000710800000, 0x0000000710800000| Complete 
| 120|0x0000000710a00000, 0x0000000710c00000, 0x0000000710c00000|100%| E|CS|TAMS 0x0000000710a00000, 0x0000000710a00000| Complete 
| 121|0x0000000710c00000, 0x0000000710e00000, 0x0000000710e00000|100%| E|CS|TAMS 0x0000000710c00000, 0x0000000710c00000| Complete 
| 122|0x0000000710e00000, 0x0000000711000000, 0x0000000711000000|100%| E|CS|TAMS 0x0000000710e00000, 0x0000000710e00000| Complete 
| 123|0x0000000711000000, 0x0000000711200000, 0x0000000711200000|100%| E|CS|TAMS 0x0000000711000000, 0x0000000711000000| Complete 
| 124|0x0000000711200000, 0x0000000711400000, 0x0000000711400000|100%| E|CS|TAMS 0x0000000711200000, 0x0000000711200000| Complete 
| 125|0x0000000711400000, 0x0000000711600000, 0x0000000711600000|100%| E|CS|TAMS 0x0000000711400000, 0x0000000711400000| Complete 
| 126|0x0000000711600000, 0x0000000711800000, 0x0000000711800000|100%| E|CS|TAMS 0x0000000711600000, 0x0000000711600000| Complete 
| 127|0x0000000711800000, 0x0000000711a00000, 0x0000000711a00000|100%| E|  |TAMS 0x0000000711800000, 0x0000000711800000| Complete 

Card table byte_map: [0x000002454a650000,0x000002454ae50000] _byte_map_base: 0x0000024546e43000

Marking Bits (Prev, Next): (CMBitMap*) 0x00000245359ce690, (CMBitMap*) 0x00000245359ce6d0
 Prev Bits: [0x000002454b650000, 0x000002454f5e8000)
 Next Bits: [0x000002454f5f0000, 0x0000024553588000)

Polling page: 0x0000024535a60000

Metaspace:

Usage:
  Non-class:     17.70 MB used.
      Class:      1.89 MB used.
       Both:     19.58 MB used.

Virtual space:
  Non-class space:       24.00 MB reserved,      17.81 MB ( 74%) committed,  3 nodes.
      Class space:        1.00 GB reserved,       1.94 MB ( <1%) committed,  1 nodes.
             Both:        1.02 GB reserved,      19.75 MB (  2%) committed. 

Chunk freelists:
   Non-Class:  1.98 MB
       Class:  2.01 MB
        Both:  4.00 MB

MaxMetaspaceSize: unlimited
CompressedClassSpaceSize: 1.00 GB
Initial GC threshold: 21.00 MB
Current GC threshold: 21.00 MB
CDS: off
MetaspaceReclaimPolicy: balanced
 - commit_granule_bytes: 65536.
 - commit_granule_words: 8192.
 - virtual_space_node_default_size: 1048576.
 - enlarge_chunks_in_place: 1.
 - new_chunks_are_fully_committed: 0.
 - uncommit_free_chunks: 1.
 - use_allocation_guard: 0.
 - handle_deallocations: 1.


Internal statistics:

num_allocs_failed_limit: 0.
num_arena_births: 62.
num_arena_deaths: 0.
num_vsnodes_births: 4.
num_vsnodes_deaths: 0.
num_space_committed: 316.
num_space_uncommitted: 0.
num_chunks_returned_to_freelist: 0.
num_chunks_taken_from_freelist: 273.
num_chunk_merges: 0.
num_chunk_splits: 165.
num_chunks_enlarged: 124.
num_purges: 0.
num_inconsistent_stats: 0.

CodeHeap 'non-profiled nmethods': size=120000Kb used=826Kb max_used=826Kb free=119173Kb
 bounds [0x0000024542300000, 0x0000024542570000, 0x0000024549830000]
CodeHeap 'profiled nmethods': size=120000Kb used=3628Kb max_used=3628Kb free=116371Kb
 bounds [0x000002453add0000, 0x000002453b160000, 0x0000024542300000]
CodeHeap 'non-nmethods': size=5760Kb used=1291Kb max_used=1381Kb free=4468Kb
 bounds [0x000002453a830000, 0x000002453aaa0000, 0x000002453add0000]
 total_blobs=2246 nmethods=1719 adapters=440
 compilation: enabled
              stopped_count=0, restarted_count=0
 full_count=0

Compilation events (20 events):
Event: 11.077 Thread 0x000002455686be50 1718       3       java.lang.invoke.InnerClassLambdaMetafactory::getOpcodeOffset (38 bytes)
Event: 11.078 Thread 0x000002455686be50 nmethod 1718 0x000002453b158b10 code [0x000002453b158ce0, 0x000002453b158fb8]
Event: 11.078 Thread 0x000002455686be50 1719       3       java.lang.reflect.Constructor::setConstructorAccessor (21 bytes)
Event: 11.079 Thread 0x000002455686be50 nmethod 1719 0x000002453b159090 code [0x000002453b159240, 0x000002453b159548]
Event: 11.081 Thread 0x000002455686be50 1720       3       jdk.internal.reflect.ConstructorAccessorImpl::<init> (5 bytes)
Event: 11.081 Thread 0x000002455686be50 nmethod 1720 0x000002453b159690 code [0x000002453b159840, 0x000002453b1599f8]
Event: 11.083 Thread 0x000002455686be50 1722       3       java.util.ResourceBundle::getObject (82 bytes)
Event: 11.084 Thread 0x000002455686be50 nmethod 1722 0x000002453b159b10 code [0x000002453b159de0, 0x000002453b15a9d8]
Event: 11.085 Thread 0x000002455686b460 nmethod 1713 0x00000245423c2c90 code [0x00000245423c2e60, 0x00000245423c3858]
Event: 11.085 Thread 0x000002455686b460 1721       4       java.util.HashMap::putVal (300 bytes)
Event: 11.087 Thread 0x0000024558b789f0 nmethod 1690 0x00000245423c3d10 code [0x00000245423c3ee0, 0x00000245423c5508]
Event: 11.088 Thread 0x0000024558b789f0 1717       4       java.util.StringTokenizer::scanToken (179 bytes)
Event: 11.094 Thread 0x0000024558b789f0 nmethod 1717 0x00000245423c5d90 code [0x00000245423c5f20, 0x00000245423c6268]
Event: 11.094 Thread 0x0000024558b789f0 1714       4       sun.util.locale.BaseLocale::getInstance (149 bytes)
Event: 11.114 Thread 0x000002455686be50 1723       3       java.lang.StringBuffer::<init> (7 bytes)
Event: 11.114 Thread 0x000002455686be50 nmethod 1723 0x000002453b15ae90 code [0x000002453b15b020, 0x000002453b15b168]
Event: 11.126 Thread 0x000002455686b460 nmethod 1721 0x00000245423c6590 code [0x00000245423c67c0, 0x00000245423c7d70]
Event: 11.126 Thread 0x000002455686b460 1715       4       java.lang.invoke.MethodType::parameterCount (6 bytes)
Event: 11.127 Thread 0x000002455686b460 nmethod 1715 0x00000245423c8590 code [0x00000245423c8700, 0x00000245423c8798]
Event: 11.284 Thread 0x0000024558b789f0 nmethod 1714 0x00000245423c8890 code [0x00000245423c8c60, 0x00000245423cc8d0]

GC Heap History (4 events):
Event: 0.849 GC heap before
{Heap before GC invocations=0 (full 0):
 garbage-first heap   total 262144K, used 12288K [0x0000000701a00000, 0x0000000800000000)
  region size 2048K, 6 young (12288K), 0 survivors (0K)
 Metaspace       used 11209K, committed 11392K, reserved 1064960K
  class space    used 980K, committed 1088K, reserved 1048576K
}
Event: 0.854 GC heap after
{Heap after GC invocations=1 (full 0):
 garbage-first heap   total 262144K, used 2404K [0x0000000701a00000, 0x0000000800000000)
  region size 2048K, 1 young (2048K), 1 survivors (2048K)
 Metaspace       used 11209K, committed 11392K, reserved 1064960K
  class space    used 980K, committed 1088K, reserved 1048576K
}
Event: 1.165 GC heap before
{Heap before GC invocations=1 (full 0):
 garbage-first heap   total 262144K, used 14692K [0x0000000701a00000, 0x0000000800000000)
  region size 2048K, 8 young (16384K), 1 survivors (2048K)
 Metaspace       used 13709K, committed 13888K, reserved 1064960K
  class space    used 1212K, committed 1280K, reserved 1048576K
}
Event: 1.169 GC heap after
{Heap after GC invocations=2 (full 0):
 garbage-first heap   total 262144K, used 2649K [0x0000000701a00000, 0x0000000800000000)
  region size 2048K, 1 young (2048K), 1 survivors (2048K)
 Metaspace       used 13709K, committed 13888K, reserved 1064960K
  class space    used 1212K, committed 1280K, reserved 1048576K
}

Deoptimization events (20 events):
Event: 3.671 Thread 0x000002453597f370 Uncommon trap: trap_request=0xffffff45 fr.pc=0x0000024542314260 relative=0x00000000000000c0
Event: 3.671 Thread 0x000002453597f370 Uncommon trap: reason=unstable_if action=reinterpret pc=0x0000024542314260 method=java.lang.CharacterDataLatin1.digit(II)I @ 12 c2
Event: 3.672 Thread 0x000002453597f370 DEOPT PACKING pc=0x0000024542314260 sp=0x0000007f270fe990
Event: 3.672 Thread 0x000002453597f370 DEOPT UNPACKING pc=0x000002453a8823a3 sp=0x0000007f270fe918 mode 2
Event: 3.710 Thread 0x000002453597f370 DEOPT PACKING pc=0x000002453ae3e2cf sp=0x0000007f270fe000
Event: 3.710 Thread 0x000002453597f370 DEOPT UNPACKING pc=0x000002453a882b43 sp=0x0000007f270fd4c8 mode 1
Event: 3.748 Thread 0x000002453597f370 Uncommon trap: trap_request=0xffffff45 fr.pc=0x000002454234128c relative=0x000000000000016c
Event: 3.748 Thread 0x000002453597f370 Uncommon trap: reason=unstable_if action=reinterpret pc=0x000002454234128c method=java.lang.AbstractStringBuilder.putStringAt(ILjava/lang/String;II)V @ 8 c2
Event: 3.748 Thread 0x000002453597f370 DEOPT PACKING pc=0x000002454234128c sp=0x0000007f270feda0
Event: 3.748 Thread 0x000002453597f370 DEOPT UNPACKING pc=0x000002453a8823a3 sp=0x0000007f270fed00 mode 2
Event: 11.001 Thread 0x000002453597f370 DEOPT PACKING pc=0x000002453b0a9b02 sp=0x0000007f270fdcb0
Event: 11.001 Thread 0x000002453597f370 DEOPT UNPACKING pc=0x000002453a882b43 sp=0x0000007f270fd0f0 mode 0
Event: 11.011 Thread 0x000002453597f370 DEOPT PACKING pc=0x000002453af44f5f sp=0x0000007f270fa260
Event: 11.011 Thread 0x000002453597f370 DEOPT UNPACKING pc=0x000002453a882b43 sp=0x0000007f270f9788 mode 0
Event: 11.045 Thread 0x000002453597f370 DEOPT PACKING pc=0x000002453b11dc1d sp=0x0000007f270fdba0
Event: 11.045 Thread 0x000002453597f370 DEOPT UNPACKING pc=0x000002453a882b43 sp=0x0000007f270fd0d0 mode 0
Event: 11.078 Thread 0x000002453597f370 Uncommon trap: trap_request=0xffffff45 fr.pc=0x000002454236ccd8 relative=0x0000000000001138
Event: 11.078 Thread 0x000002453597f370 Uncommon trap: reason=unstable_if action=reinterpret pc=0x000002454236ccd8 method=java.util.concurrent.ConcurrentHashMap.putVal(Ljava/lang/Object;Ljava/lang/Object;Z)Ljava/lang/Object; @ 231 c2
Event: 11.078 Thread 0x000002453597f370 DEOPT PACKING pc=0x000002454236ccd8 sp=0x0000007f270fe230
Event: 11.078 Thread 0x000002453597f370 DEOPT UNPACKING pc=0x000002453a8823a3 sp=0x0000007f270fe1b0 mode 2

Classes unloaded (0 events):
No events

Classes redefined (2 events):
Event: 49.705 Thread 0x0000024556802750 redefined class name=com.user.UserPortal$UserAccess, count=1
Event: 49.705 Thread 0x0000024556802750 redefined class name=com.user.UserPortal, count=1

Internal exceptions (14 events):
Event: 0.760 Thread 0x000002453597f370 Exception <a 'java/lang/NoSuchMethodError'{0x00000007110b50d0}: 'java.lang.Object java.lang.invoke.DirectMethodHandle$Holder.invokeStaticInit(java.lang.Object)'> (0x00000007110b50d0) 
thrown [e:\jenkins\tmp\workspace\build\src\src\hotspot\share\interpreter\linkResolver.cpp, line 766]
Event: 0.761 Thread 0x000002453597f370 Exception <a 'java/lang/NoSuchMethodError'{0x00000007110bc098}: 'java.lang.Object java.lang.invoke.DirectMethodHandle$Holder.invokeInterface(java.lang.Object, java.lang.Object)'> (0x00000007110bc098) 
thrown [e:\jenkins\tmp\workspace\build\src\src\hotspot\share\interpreter\linkResolver.cpp, line 766]
Event: 0.799 Thread 0x000002453597f370 Exception <a 'java/lang/NoSuchMethodError'{0x0000000711176308}: 'void java.lang.invoke.DirectMethodHandle$Holder.invokeSpecial(java.lang.Object, java.lang.Object, java.lang.Object)'> (0x0000000711176308) 
thrown [e:\jenkins\tmp\workspace\build\src\src\hotspot\share\interpreter\linkResolver.cpp, line 766]
Event: 0.800 Thread 0x000002453597f370 Exception <a 'java/lang/NoSuchMethodError'{0x000000071117d998}: 'void java.lang.invoke.DirectMethodHandle$Holder.invokeStatic(java.lang.Object, java.lang.Object, java.lang.Object)'> (0x000000071117d998) 
thrown [e:\jenkins\tmp\workspace\build\src\src\hotspot\share\interpreter\linkResolver.cpp, line 766]
Event: 0.802 Thread 0x000002453597f370 Exception <a 'java/lang/NoSuchMethodError'{0x0000000711188808}: 'java.lang.Object java.lang.invoke.DirectMethodHandle$Holder.invokeVirtual(java.lang.Object, java.lang.Object, java.lang.Object)'> (0x0000000711188808) 
thrown [e:\jenkins\tmp\workspace\build\src\src\hotspot\share\interpreter\linkResolver.cpp, line 766]
Event: 1.054 Thread 0x000002453597f370 Exception <a 'java/lang/NoSuchMethodError'{0x0000000711111c18}: 'void java.lang.invoke.DirectMethodHandle$Holder.invokeStatic(java.lang.Object, java.lang.Object)'> (0x0000000711111c18) 
thrown [e:\jenkins\tmp\workspace\build\src\src\hotspot\share\interpreter\linkResolver.cpp, line 766]
Event: 1.268 Thread 0x000002453597f370 Exception <a 'java/lang/NoSuchMethodError'{0x000000071144a480}: 'void java.lang.invoke.DirectMethodHandle$Holder.invokeStaticInit(java.lang.Object, java.lang.Object)'> (0x000000071144a480) 
thrown [e:\jenkins\tmp\workspace\build\src\src\hotspot\share\interpreter\linkResolver.cpp, line 766]
Event: 1.315 Thread 0x000002453597f370 Exception <a 'sun/nio/fs/WindowsException'{0x000000071158cf48}> (0x000000071158cf48) 
thrown [e:\jenkins\tmp\workspace\build\src\src\hotspot\share\prims\jni.cpp, line 516]
Event: 1.337 Thread 0x000002453597f370 Exception <a 'java/lang/NoSuchMethodError'{0x00000007115e8b28}: 'int java.lang.invoke.DirectMethodHandle$Holder.invokeStaticInit(java.lang.Object, java.lang.Object, java.lang.Object, java.lang.Object)'> (0x00000007115e8b28) 
thrown [e:\jenkins\tmp\workspace\build\src\src\hotspot\share\interpreter\linkResolver.cpp, line 766]
Event: 1.339 Thread 0x000002453597f370 Exception <a 'java/lang/IncompatibleClassChangeError'{0x00000007115f1cf0}: Found class java.lang.Object, but interface was expected> (0x00000007115f1cf0) 
thrown [e:\jenkins\tmp\workspace\build\src\src\hotspot\share\interpreter\linkResolver.cpp, line 833]
Event: 1.340 Thread 0x000002453597f370 Exception <a 'java/lang/NoSuchMethodError'{0x00000007115f8560}: 'int java.lang.invoke.DirectMethodHandle$Holder.invokeStaticInit(java.lang.Object, java.lang.Object)'> (0x00000007115f8560) 
thrown [e:\jenkins\tmp\workspace\build\src\src\hotspot\share\interpreter\linkResolver.cpp, line 766]
Event: 1.408 Thread 0x000002453597f370 Exception <a 'java/lang/NoSuchMethodError'{0x00000007113e6370}: 'java.lang.Object java.lang.invoke.DirectMethodHandle$Holder.invokeStaticInit(java.lang.Object, int, int, int, int)'> (0x00000007113e6370) 
thrown [e:\jenkins\tmp\workspace\build\src\src\hotspot\share\interpreter\linkResolver.cpp, line 766]
Event: 1.492 Thread 0x000002453597f370 Exception <a 'java/lang/NoSuchMethodError'{0x00000007110cb7a0}: 'java.lang.Object java.lang.invoke.DirectMethodHandle$Holder.invokeStaticInit(java.lang.Object, java.lang.Object, int, int, int, int)'> (0x00000007110cb7a0) 
thrown [e:\jenkins\tmp\workspace\build\src\src\hotspot\share\interpreter\linkResolver.cpp, line 766]
Event: 1.810 Thread 0x000002453597f370 Exception <a 'java/io/IOException'{0x0000000710427bd0}> (0x0000000710427bd0) 
thrown [e:\jenkins\tmp\workspace\build\src\src\hotspot\share\prims\jni.cpp, line 516]

VM Operations (20 events):
Event: 49.794 Executing VM operation: ChangeBreakpoints done
Event: 49.794 Executing VM operation: ChangeBreakpoints
Event: 49.795 Executing VM operation: ChangeBreakpoints done
Event: 49.801 Executing VM operation: ChangeBreakpoints
Event: 49.802 Executing VM operation: ChangeBreakpoints done
Event: 49.814 Executing VM operation: ChangeBreakpoints
Event: 49.815 Executing VM operation: ChangeBreakpoints done
Event: 49.815 Executing VM operation: ChangeBreakpoints
Event: 49.816 Executing VM operation: ChangeBreakpoints done
Event: 49.824 Executing VM operation: ChangeBreakpoints
Event: 49.825 Executing VM operation: ChangeBreakpoints done
Event: 49.838 Executing VM operation: ChangeBreakpoints
Event: 49.839 Executing VM operation: ChangeBreakpoints done
Event: 49.841 Executing VM operation: ChangeSingleStep
Event: 49.841 Executing VM operation: ChangeSingleStep done
Event: 49.841 Executing VM operation: get/set locals
Event: 49.841 Executing VM operation: get/set locals done
Event: 49.842 Executing VM operation: ChangeSingleStep
Event: 49.842 Executing VM operation: ChangeSingleStep done
Event: 49.938 Executing VM operation: get/set locals

Events (20 events):
Event: 11.085 loading class sun/util/resources/TimeZoneNames_en done
Event: 11.090 loading class java/math/BigDecimal$StringBuilderHelper
Event: 11.090 loading class java/math/BigDecimal$StringBuilderHelper done
Event: 16.287 Thread 0x0000024558b789f0 Thread exited: 0x0000024558b789f0
Event: 18.901 loading class java/text/SimpleDateFormat
Event: 18.904 loading class java/text/DateFormat
Event: 18.904 loading class java/text/DateFormat done
Event: 18.905 loading class java/text/SimpleDateFormat done
Event: 18.912 loading class java/text/DateFormat$Field
Event: 18.912 loading class java/text/DateFormat$Field done
Event: 18.926 loading class java/text/DateFormatSymbols
Event: 18.927 loading class java/text/DateFormatSymbols done
Event: 18.941 loading class sun/util/locale/provider/DateFormatSymbolsProviderImpl
Event: 18.941 loading class sun/util/locale/provider/DateFormatSymbolsProviderImpl done
Event: 19.175 loading class java/text/DontCareFieldPosition
Event: 19.176 loading class java/text/DontCareFieldPosition done
Event: 19.176 loading class java/text/DontCareFieldPosition$1
Event: 19.176 loading class java/text/Format$FieldDelegate
Event: 19.176 loading class java/text/Format$FieldDelegate done
Event: 19.176 loading class java/text/DontCareFieldPosition$1 done


Dynamic libraries:
0x00007ff6eea60000 - 0x00007ff6eea6e000 	C:\Users\jeanmartin\.p2\pool\plugins\org.eclipse.justj.openjdk.hotspot.jre.full.win32.x86_64_17.0.2.v20220201-1208\jre\bin\javaw.exe
0x00007ffbd1e10000 - 0x00007ffbd2008000 	C:\WINDOWS\SYSTEM32\ntdll.dll
0x00007ffbd1220000 - 0x00007ffbd12df000 	C:\WINDOWS\System32\KERNEL32.DLL
0x00007ffbcf740000 - 0x00007ffbcfa12000 	C:\WINDOWS\System32\KERNELBASE.dll
0x00007ffbcfab0000 - 0x00007ffbcfbb0000 	C:\WINDOWS\System32\ucrtbase.dll
0x00007ffbc6570000 - 0x00007ffbc6588000 	C:\Users\jeanmartin\.p2\pool\plugins\org.eclipse.justj.openjdk.hotspot.jre.full.win32.x86_64_17.0.2.v20220201-1208\jre\bin\jli.dll
0x00007ffbc6550000 - 0x00007ffbc6569000 	C:\Users\jeanmartin\.p2\pool\plugins\org.eclipse.justj.openjdk.hotspot.jre.full.win32.x86_64_17.0.2.v20220201-1208\jre\bin\VCRUNTIME140.dll
0x00007ffbd1c20000 - 0x00007ffbd1dc1000 	C:\WINDOWS\System32\USER32.dll
0x00007ffbcfe50000 - 0x00007ffbcfe72000 	C:\WINDOWS\System32\win32u.dll
0x00007ffbc66b0000 - 0x00007ffbc694a000 	C:\WINDOWS\WinSxS\amd64_microsoft.windows.common-controls_6595b64144ccf1df_6.0.19041.1110_none_60b5254171f9507e\COMCTL32.dll
0x00007ffbd0e90000 - 0x00007ffbd0ebb000 	C:\WINDOWS\System32\GDI32.dll
0x00007ffbd0d40000 - 0x00007ffbd0dde000 	C:\WINDOWS\System32\msvcrt.dll
0x00007ffbcfd10000 - 0x00007ffbcfe1f000 	C:\WINDOWS\System32\gdi32full.dll
0x00007ffbcf5a0000 - 0x00007ffbcf63d000 	C:\WINDOWS\System32\msvcp_win.dll
0x00007ffbd13b0000 - 0x00007ffbd13e0000 	C:\WINDOWS\System32\IMM32.DLL
0x00007ffbc79b0000 - 0x00007ffbc79bc000 	C:\Users\jeanmartin\.p2\pool\plugins\org.eclipse.justj.openjdk.hotspot.jre.full.win32.x86_64_17.0.2.v20220201-1208\jre\bin\vcruntime140_1.dll
0x00007ffba6dc0000 - 0x00007ffba6e51000 	C:\Users\jeanmartin\.p2\pool\plugins\org.eclipse.justj.openjdk.hotspot.jre.full.win32.x86_64_17.0.2.v20220201-1208\jre\bin\msvcp140.dll
0x00007ffb7fd60000 - 0x00007ffb809a7000 	C:\Users\jeanmartin\.p2\pool\plugins\org.eclipse.justj.openjdk.hotspot.jre.full.win32.x86_64_17.0.2.v20220201-1208\jre\bin\server\jvm.dll
0x00007ffbd1630000 - 0x00007ffbd16de000 	C:\WINDOWS\System32\ADVAPI32.dll
0x00007ffbd00e0000 - 0x00007ffbd017c000 	C:\WINDOWS\System32\sechost.dll
0x00007ffbd1af0000 - 0x00007ffbd1c14000 	C:\WINDOWS\System32\RPCRT4.dll
0x00007ffbd1540000 - 0x00007ffbd1548000 	C:\WINDOWS\System32\PSAPI.DLL
0x00007ffbcaf30000 - 0x00007ffbcaf39000 	C:\WINDOWS\SYSTEM32\WSOCK32.dll
0x00007ffbc8670000 - 0x00007ffbc8697000 	C:\WINDOWS\SYSTEM32\WINMM.dll
0x00007ffbd1440000 - 0x00007ffbd14ab000 	C:\WINDOWS\System32\WS2_32.dll
0x00007ffbc5d70000 - 0x00007ffbc5d7a000 	C:\WINDOWS\SYSTEM32\VERSION.dll
0x00007ffbcd460000 - 0x00007ffbcd472000 	C:\WINDOWS\SYSTEM32\kernel.appcore.dll
0x00007ffbc6b20000 - 0x00007ffbc6b2a000 	C:\Users\jeanmartin\.p2\pool\plugins\org.eclipse.justj.openjdk.hotspot.jre.full.win32.x86_64_17.0.2.v20220201-1208\jre\bin\jimage.dll
0x00007ffbc8730000 - 0x00007ffbc8914000 	C:\WINDOWS\SYSTEM32\DBGHELP.DLL
0x00007ffbc78b0000 - 0x00007ffbc78e5000 	C:\WINDOWS\SYSTEM32\dbgcore.DLL
0x00007ffbcfa20000 - 0x00007ffbcfaa2000 	C:\WINDOWS\System32\bcryptPrimitives.dll
0x00007ffbc1c00000 - 0x00007ffbc1c3b000 	C:\Users\jeanmartin\.p2\pool\plugins\org.eclipse.justj.openjdk.hotspot.jre.full.win32.x86_64_17.0.2.v20220201-1208\jre\bin\jdwp.dll
0x00007ffbc6540000 - 0x00007ffbc654e000 	C:\Users\jeanmartin\.p2\pool\plugins\org.eclipse.justj.openjdk.hotspot.jre.full.win32.x86_64_17.0.2.v20220201-1208\jre\bin\instrument.dll
0x00007ffbc4c20000 - 0x00007ffbc4c45000 	C:\Users\jeanmartin\.p2\pool\plugins\org.eclipse.justj.openjdk.hotspot.jre.full.win32.x86_64_17.0.2.v20220201-1208\jre\bin\java.dll
0x00007ffbc4c00000 - 0x00007ffbc4c18000 	C:\Users\jeanmartin\.p2\pool\plugins\org.eclipse.justj.openjdk.hotspot.jre.full.win32.x86_64_17.0.2.v20220201-1208\jre\bin\zip.dll
0x00007ffbd05f0000 - 0x00007ffbd0d35000 	C:\WINDOWS\System32\SHELL32.dll
0x00007ffbcd660000 - 0x00007ffbcddf2000 	C:\WINDOWS\SYSTEM32\windows.storage.dll
0x00007ffbd0ec0000 - 0x00007ffbd1215000 	C:\WINDOWS\System32\combase.dll
0x00007ffbcf000000 - 0x00007ffbcf030000 	C:\WINDOWS\SYSTEM32\Wldp.dll
0x00007ffbd0de0000 - 0x00007ffbd0e8d000 	C:\WINDOWS\System32\SHCORE.dll
0x00007ffbd0080000 - 0x00007ffbd00d5000 	C:\WINDOWS\System32\shlwapi.dll
0x00007ffbcf4e0000 - 0x00007ffbcf4ff000 	C:\WINDOWS\SYSTEM32\profapi.dll
0x00007ffbc6530000 - 0x00007ffbc653c000 	C:\Users\jeanmartin\.p2\pool\plugins\org.eclipse.justj.openjdk.hotspot.jre.full.win32.x86_64_17.0.2.v20220201-1208\jre\bin\dt_socket.dll
0x00007ffbce9e0000 - 0x00007ffbcea1b000 	C:\WINDOWS\SYSTEM32\IPHLPAPI.DLL
0x00007ffbced10000 - 0x00007ffbced7a000 	C:\WINDOWS\system32\mswsock.dll
0x00007ffbcea20000 - 0x00007ffbceaeb000 	C:\WINDOWS\SYSTEM32\DNSAPI.dll
0x00007ffbd14b0000 - 0x00007ffbd14b8000 	C:\WINDOWS\System32\NSI.dll
0x00007ffbc5770000 - 0x00007ffbc577a000 	C:\Windows\System32\rasadhlp.dll
0x00007ffbc5990000 - 0x00007ffbc5a10000 	C:\WINDOWS\System32\fwpuclnt.dll
0x00007ffbcfe20000 - 0x00007ffbcfe47000 	C:\WINDOWS\System32\bcrypt.dll
0x00007ffbc4be0000 - 0x00007ffbc4bf9000 	C:\Users\jeanmartin\.p2\pool\plugins\org.eclipse.justj.openjdk.hotspot.jre.full.win32.x86_64_17.0.2.v20220201-1208\jre\bin\net.dll
0x00007ffbc5a60000 - 0x00007ffbc5b6a000 	C:\WINDOWS\SYSTEM32\WINHTTP.dll
0x00007ffbc42e0000 - 0x00007ffbc42f5000 	C:\Users\jeanmartin\.p2\pool\plugins\org.eclipse.justj.openjdk.hotspot.jre.full.win32.x86_64_17.0.2.v20220201-1208\jre\bin\nio.dll
0x00007ffbc4880000 - 0x00007ffbc4890000 	C:\Users\jeanmartin\.p2\pool\plugins\org.eclipse.justj.openjdk.hotspot.jre.full.win32.x86_64_17.0.2.v20220201-1208\jre\bin\verify.dll
0x00007ffbcef50000 - 0x00007ffbcef68000 	C:\WINDOWS\SYSTEM32\CRYPTSP.dll
0x00007ffbce5a0000 - 0x00007ffbce5d4000 	C:\WINDOWS\system32\rsaenh.dll
0x00007ffbcf4a0000 - 0x00007ffbcf4ce000 	C:\WINDOWS\SYSTEM32\USERENV.dll
0x00007ffbcef70000 - 0x00007ffbcef7c000 	C:\WINDOWS\SYSTEM32\CRYPTBASE.dll
0x00007ffbc6270000 - 0x00007ffbc6287000 	C:\WINDOWS\SYSTEM32\dhcpcsvc6.DLL
0x00007ffbc6b90000 - 0x00007ffbc6bad000 	C:\WINDOWS\SYSTEM32\dhcpcsvc.DLL
0x00007ffbc4050000 - 0x00007ffbc405e000 	C:\Users\jeanmartin\.p2\pool\plugins\org.eclipse.justj.openjdk.hotspot.jre.full.win32.x86_64_17.0.2.v20220201-1208\jre\bin\sunmscapi.dll
0x00007ffbcfbb0000 - 0x00007ffbcfd06000 	C:\WINDOWS\System32\CRYPT32.dll
0x00007ffbcf070000 - 0x00007ffbcf097000 	C:\WINDOWS\SYSTEM32\ncrypt.dll
0x00007ffbcf030000 - 0x00007ffbcf06b000 	C:\WINDOWS\SYSTEM32\NTASN1.dll

dbghelp: loaded successfully - version: 4.0.5 - missing functions: none
symbol engine: initialized successfully - sym options: 0x614 - pdb path: .;C:\Users\jeanmartin\.p2\pool\plugins\org.eclipse.justj.openjdk.hotspot.jre.full.win32.x86_64_17.0.2.v20220201-1208\jre\bin;C:\WINDOWS\SYSTEM32;C:\WINDOWS\WinSxS\amd64_microsoft.windows.common-controls_6595b64144ccf1df_6.0.19041.1110_none_60b5254171f9507e;C:\Users\jeanmartin\.p2\pool\plugins\org.eclipse.justj.openjdk.hotspot.jre.full.win32.x86_64_17.0.2.v20220201-1208\jre\bin\server

VM Arguments:
jvm_args: -XX:+ShowCodeDetailsInExceptionMessages -agentlib:jdwp=transport=dt_socket,suspend=y,address=localhost:56966 -javaagent:C:\Users\jeanmartin\eclipse\java-2022-03\eclipse\configuration\org.eclipse.osgi\225\0\.cp\lib\javaagent-shaded.jar -Dfile.encoding=Cp1252 
java_command: com.maintain.Maintainance
java_class_path (initial): C:\Users\jeanmartin\eclipse-workspace\Attendance_Maintenance\bin;C:\Users\jeanmartin\eclipse-workspace\Attendance_Maintenance\Driver\mysql-connector-java-8.0.30.jar
Launcher Type: SUN_STANDARD

[Global flags]
     intx CICompilerCount                          = 3                                         {product} {ergonomic}
     uint ConcGCThreads                            = 1                                         {product} {ergonomic}
     uint G1ConcRefinementThreads                  = 4                                         {product} {ergonomic}
   size_t G1HeapRegionSize                         = 2097152                                   {product} {ergonomic}
    uintx GCDrainStackTargetSize                   = 64                                        {product} {ergonomic}
   size_t InitialHeapSize                          = 268435456                                 {product} {ergonomic}
   size_t MarkStackSize                            = 4194304                                   {product} {ergonomic}
   size_t MaxHeapSize                              = 4267704320                                {product} {ergonomic}
   size_t MaxNewSize                               = 2560622592                                {product} {ergonomic}
   size_t MinHeapDeltaBytes                        = 2097152                                   {product} {ergonomic}
   size_t MinHeapSize                              = 8388608                                   {product} {ergonomic}
    uintx NonNMethodCodeHeapSize                   = 5832780                                {pd product} {ergonomic}
    uintx NonProfiledCodeHeapSize                  = 122912730                              {pd product} {ergonomic}
    uintx ProfiledCodeHeapSize                     = 122912730                              {pd product} {ergonomic}
    uintx ReservedCodeCacheSize                    = 251658240                              {pd product} {ergonomic}
     bool SegmentedCodeCache                       = true                                      {product} {ergonomic}
     bool ShowCodeDetailsInExceptionMessages       = true                                   {manageable} {command line}
   size_t SoftMaxHeapSize                          = 4267704320                             {manageable} {ergonomic}
     bool UseCompressedClassPointers               = true                           {product lp64_product} {ergonomic}
     bool UseCompressedOops                        = true                           {product lp64_product} {ergonomic}
     bool UseG1GC                                  = true                                      {product} {ergonomic}
     bool UseLargePagesIndividualAllocation        = false                                  {pd product} {ergonomic}

Logging:
Log output configuration:
 #0: stdout all=warning uptime,level,tags
 #1: stderr all=off uptime,level,tags

Environment Variables:
JAVA_HOME=C:\Program Files\Java\jdk-11
PATH=C:\Users\jeanmartin\.p2\pool\plugins\org.eclipse.justj.openjdk.hotspot.jre.full.win32.x86_64_17.0.2.v20220201-1208\jre\bin;C:/Users/jeanmartin/.p2/pool/plugins/org.eclipse.justj.openjdk.hotspot.jre.full.win32.x86_64_17.0.2.v20220201-1208/jre/bin/server;C:/Users/jeanmartin/.p2/pool/plugins/org.eclipse.justj.openjdk.hotspot.jre.full.win32.x86_64_17.0.2.v20220201-1208/jre/bin;C:\Python311\Scripts\;C:\Python311\;C:\Program Files\Common Files\Oracle\Java\javapath;C:\WINDOWS\System32\WindowsPowerShell\v1.0\;C:\Program Files (x86)\Common Files\Oracle\Java\javapath;C:\WINDOWS\system32;C:\WINDOWS;C:\WINDOWS\System32\Wbem;C:\WINDOWS\System32\OpenSSH\;C:\Program Files\Java\jdk-11\bin;C:\ProgramData\chocolatey\bin;D:\Prakash\;C:\Program Files\Git\cmd;C:\Program Files\MySQL\MySQL Shell 8.0\bin\;C:\Users\jeanmartin\AppData\Local\Microsoft\WindowsApps;C:\Users\jeanmartin\AppData\Local\Programs\Microsoft VS Code\bin;C:\Users\jeanmartin\AppData\Roaming\npm;C:\WINDOWS\system32;
USERNAME=jeanmartin
OS=Windows_NT
PROCESSOR_IDENTIFIER=Intel64 Family 6 Model 69 Stepping 1, GenuineIntel



---------------  S Y S T E M  ---------------

OS:
 Windows 10 , 64 bit Build 19041 (10.0.19041.2546)
OS uptime: 10 days 7:54 hours

CPU: total 4 (initial active 4) (2 cores per cpu, 2 threads per core) family 6 model 69 stepping 1 microcode 0x25, cx8, cmov, fxsr, ht, mmx, sse, sse2, sse3, ssse3, sse4.1, sse4.2, popcnt, lzcnt, tsc, tscinvbit, avx, avx2, aes, erms, clmul, bmi1, bmi2, fma, vzeroupper, clflush

Memory: 4k page, system-wide physical 16272M (6537M free)
TotalPageFile size 19712M (AvailPageFile size 3331M)
current process WorkingSet (physical memory assigned to process): 94M, peak: 135M
current process commit charge ("private bytes"): 353M, peak: 402M

vm_info: OpenJDK 64-Bit Server VM (17.0.2+8) for windows-amd64 JRE (17.0.2+8), built on Jan 20 2022 04:52:34 by "" with MS VC++ 16.7 (VS2019)

END.
