#
# A fatal error has been detected by the Java Runtime Environment:
#
#  EXCEPTION_ACCESS_VIOLATION (0xc0000005) at pc=0x00007ffb7ff9cd76, pid=10508, tid=20264
#
# JRE version: OpenJDK Runtime Environment Temurin-17.0.2+8 (17.0.2+8) (build 17.0.2+8)
# Java VM: OpenJDK 64-Bit Server VM Temurin-17.0.2+8 (17.0.2+8, mixed mode, tiered, compressed oops, compressed class ptrs, g1 gc, windows-amd64)
# Problematic frame:
# V  [jvm.dll+0x23cd76]
#
# No core dump will be written. Minidumps are not enabled by default on client versions of Windows
#
# If you would like to submit a bug report, please visit:
#   https://github.com/adoptium/adoptium-support/issues
#

---------------  S U M M A R Y ------------

Command Line: -XX:+ShowCodeDetailsInExceptionMessages -agentlib:jdwp=transport=dt_socket,suspend=y,address=localhost:61537 -javaagent:C:\Users\jeanmartin\eclipse\java-2022-03\eclipse\configuration\org.eclipse.osgi\225\0\.cp\lib\javaagent-shaded.jar -Dfile.encoding=Cp1252 com.maintain.Maintainance

Host: Intel(R) Core(TM) i7-4500U CPU @ 1.80GHz, 4 cores, 15G,  Windows 10 , 64 bit Build 19041 (10.0.19041.2546)
Time: Sat Mar 25 12:11:41 2023 India Standard Time elapsed time: 139.362383 seconds (0d 0h 2m 19s)

---------------  T H R E A D  ---------------

Current thread (0x0000016dcf47e6e0):  VMThread "VM Thread" [stack: 0x0000002797800000,0x0000002797900000] [id=20264]

Stack: [0x0000002797800000,0x0000002797900000],  sp=0x00000027978fed00,  free space=1019k
Native frames: (J=compiled Java code, j=interpreted, Vv=VM code, C=native code)
V  [jvm.dll+0x23cd76]
V  [jvm.dll+0x335934]
V  [jvm.dll+0x337ad5]
V  [jvm.dll+0x33814e]
V  [jvm.dll+0x33579f]
V  [jvm.dll+0x334a57]
V  [jvm.dll+0x663d2a]
V  [jvm.dll+0x663a43]
V  [jvm.dll+0x628398]
V  [jvm.dll+0x826eb5]
V  [jvm.dll+0x525c76]
V  [jvm.dll+0x835ebb]
V  [jvm.dll+0x836bf4]
V  [jvm.dll+0x83710c]
V  [jvm.dll+0x8374e4]
V  [jvm.dll+0x8375b0]
V  [jvm.dll+0x7dff2a]
V  [jvm.dll+0x6744d5]
C  [ucrtbase.dll+0x21bb2]
C  [KERNEL32.DLL+0x17614]
C  [ntdll.dll+0x526a1]


siginfo: EXCEPTION_ACCESS_VIOLATION (0xc0000005), reading address 0x0000016dd3e73058


Register to memory mapping:

RIP=0x00007ffb7ff9cd76 jvm.dll
RAX=0x000000000000cf32 is an unknown value
RBX=0x0000016dd3e0b680 is pointing into metadata
RCX=0x0000016dd1307190 is pointing into metadata
RDX=0x0000000000000039 is an unknown value
RSP=0x00000027978fed00 points into unknown readable memory: 0x00000027978fed88 | 88 ed 8f 97 27 00 00 00
RBP=0x00000027978fee30 points into unknown readable memory: 0xffffffffffffffff | ff ff ff ff ff ff ff ff
RSI=0x0 is NULL
RDI=0x00000027978ff440 points into unknown readable memory: 0x00007ffb80702eb0 | b0 2e 70 80 fb 7f 00 00
R8 =0x0 is NULL
R9 =0x0000016dd3e0b680 is pointing into metadata
R10=0x0 is NULL
R11=0x0000000047000000 is an unknown value
R12=0x00007ffb7fd60000 jvm.dll
R13=0x0000016dd30e9860 points into unknown readable memory: 0x0000000000000000 | 00 00 00 00 00 00 00 00
R14=0x0000016dd3e0a732 is pointing into metadata
R15=0x00000000000000ff is an unknown value


Registers:
RAX=0x000000000000cf32, RBX=0x0000016dd3e0b680, RCX=0x0000016dd1307190, RDX=0x0000000000000039
RSP=0x00000027978fed00, RBP=0x00000027978fee30, RSI=0x0000000000000000, RDI=0x00000027978ff440
R8 =0x0000000000000000, R9 =0x0000016dd3e0b680, R10=0x0000000000000000, R11=0x0000000047000000
R12=0x00007ffb7fd60000, R13=0x0000016dd30e9860, R14=0x0000016dd3e0a732, R15=0x00000000000000ff
RIP=0x00007ffb7ff9cd76, EFLAGS=0x0000000000010206

Top of Stack: (sp=0x00000027978fed00)
0x00000027978fed00:   00000027978fed88 0000000000000000
0x00000027978fed10:   0000016dcf324090 0000000000000000
0x00000027978fed20:   00000027978ff2b0 00007ffb80095934
0x00000027978fed30:   0000000000000001 0000000000000000
0x00000027978fed40:   0000000000000000 00007ffb8037b900
0x00000027978fed50:   0000016db122ed60 00000027978fef80
0x00000027978fed60:   0000016dd0b13b30 00007ffb0000000c
0x00000027978fed70:   0000000000000000 00000027978fedd0
0x00000027978fed80:   0000016d00000002 0000016dd0b13b30
0x00000027978fed90:   0000002800000014 0000000000000028
0x00000027978feda0:   000000030000000c 0000016dcf324090
0x00000027978fedb0:   0000000000000000 00000000460000e6
0x00000027978fedc0:   00000027978ff510 00007ffb804ad930
0x00000027978fedd0:   4fffffff4fffffff 00007ffb4fffffff
0x00000027978fede0:   00000027978fef40 00000027978fee70
0x00000027978fedf0:   00000027978ff440 00007ffb80095c25 

Instructions: (pc=0x00007ffb7ff9cd76)
0x00007ffb7ff9cc76:   48 8b 4f 10 48 85 c9 74 0f 48 8d 43 01 48 c1 e0
0x00007ffb7ff9cc86:   05 48 8b 04 08 0f b7 d8 48 8b 74 24 38 48 63 c3
0x00007ffb7ff9cc96:   48 8b 5c 24 30 0f b7 44 c7 48 48 83 c4 20 5f c3
0x00007ffb7ff9cca6:   cc cc cc cc cc cc cc cc cc cc 4c 8b c9 45 84 c0
0x00007ffb7ff9ccb6:   75 41 48 8b 49 10 48 85 c9 74 38 85 d2 79 19 f7
0x00007ffb7ff9ccc6:   d2 8b c2 48 ff c0 48 c1 e0 05 48 8b 04 08 0f b7
0x00007ffb7ff9ccd6:   c8 41 0f b7 44 c9 4a c3 48 63 c2 48 ff c0 48 c1
0x00007ffb7ff9cce6:   e0 05 48 8b 04 08 0f b7 d0 48 63 c2 41 0f b7 44
0x00007ffb7ff9ccf6:   c1 4a c3 49 8b 41 08 4c 63 c2 42 0f b6 44 00 04
0x00007ffb7ff9cd06:   8d 48 ef 80 f9 01 76 0e 3c 6a 74 0a 48 63 c2 41
0x00007ffb7ff9cd16:   0f b7 44 c1 4a c3 43 0f b7 44 c1 4a c3 cc cc cc
0x00007ffb7ff9cd26:   cc cc cc cc cc cc cc cc cc cc 40 53 48 83 ec 20
0x00007ffb7ff9cd36:   48 8b d9 e8 72 ff ff ff 48 63 d0 0f b7 44 d3 48
0x00007ffb7ff9cd46:   48 8b 44 c3 48 48 83 c4 20 5b c3 cc cc cc cc cc
0x00007ffb7ff9cd56:   cc cc cc cc cc cc cc cc cc cc 40 53 48 83 ec 20
0x00007ffb7ff9cd66:   48 8b d9 e8 42 ff ff ff 48 63 d0 0f b7 44 d3 4a
0x00007ffb7ff9cd76:   48 8b 44 c3 48 48 83 c4 20 5b c3 cc cc cc cc cc
0x00007ffb7ff9cd86:   cc cc cc cc cc cc cc cc cc cc 4c 8b d1 45 84 c9
0x00007ffb7ff9cd96:   75 28 4c 8b 49 10 4d 85 c9 74 1f 45 85 c0 79 08
0x00007ffb7ff9cda6:   41 f7 d0 41 8b c0 eb 03 49 63 c0 48 ff c0 48 c1
0x00007ffb7ff9cdb6:   e0 05 4a 8b 04 08 44 0f b7 c0 49 8b 42 08 49 63
0x00007ffb7ff9cdc6:   c8 0f b6 4c 08 04 48 8b c2 88 0a c3 cc cc cc cc
0x00007ffb7ff9cdd6:   cc cc cc cc cc cc cc cc cc cc 40 56 57 41 54 41
0x00007ffb7ff9cde6:   56 41 57 48 83 ec 20 45 8b 30 49 8b f0 49 63 f9
0x00007ffb7ff9cdf6:   4c 8b e2 4c 8b f9 45 85 f6 0f 8e 20 01 00 00 48
0x00007ffb7ff9ce06:   89 5c 24 50 33 db 48 89 6c 24 58 48 8b 6c 24 70
0x00007ffb7ff9ce16:   45 85 c9 7e 77 8d 47 ff 44 8b cb 85 c0 44 8d 43
0x00007ffb7ff9ce26:   03 49 8b cc 44 0f 4f c8 49 63 c1 4c 8b cd 48 8d
0x00007ffb7ff9ce36:   04 45 0f 00 00 00 48 c1 e8 03 48 63 d0 e8 38 de
0x00007ffb7ff9ce46:   3d 00 48 8b d0 48 85 c0 74 04 89 38 eb 03 48 8b
0x00007ffb7ff9ce56:   d3 48 39 5d 08 0f 85 ba 00 00 00 85 ff 74 25 4c
0x00007ffb7ff9ce66:   8b c3 4c 8d 4a 04 0f 1f 40 00 48 8b 46 08 4d 8d 


Stack slot to memory mapping:
stack at sp + 0 slots: 0x00000027978fed88 points into unknown readable memory: 0x0000016dd0b13b30 | 30 3b b1 d0 6d 01 00 00
stack at sp + 1 slots: 0x0 is NULL
stack at sp + 2 slots: 0x0000016dcf324090 points into unknown readable memory: 0x616a00106e30ffff | ff ff 30 6e 10 00 6a 61
stack at sp + 3 slots: 0x0 is NULL
stack at sp + 4 slots: 0x00000027978ff2b0 points into unknown readable memory: 0x0000016dd1307770 | 70 77 30 d1 6d 01 00 00
stack at sp + 5 slots: 0x00007ffb80095934 jvm.dll
stack at sp + 6 slots: 0x0000000000000001 is an unknown value
stack at sp + 7 slots: 0x0 is NULL

VM_Operation (0x00000027983ff4c0): get/set locals, mode: safepoint, requested by thread 0x0000016dd0350860


---------------  P R O C E S S  ---------------

Threads class SMR info:
_java_thread_list=0x0000016dd0296500, length=16, elements={
0x0000016db1150970, 0x0000016dcf461560, 0x0000016dcf4624a0, 0x0000016dd002b440,
0x0000016dd002c920, 0x0000016dd002cdf0, 0x0000016dd0030d50, 0x0000016dd006bdf0,
0x0000016dd006c300, 0x0000016dd0078810, 0x0000016dcf401020, 0x0000016dd0350860,
0x0000016dd02fa610, 0x0000016dd02fab00, 0x0000016dd0324a40, 0x0000016dd03bb4c0
}

Java Threads: ( => current thread )
  0x0000016db1150970 JavaThread "main" [_thread_blocked, id=12004, stack(0x0000002797200000,0x0000002797300000)]
  0x0000016dcf461560 JavaThread "Reference Handler" daemon [_thread_blocked, id=9380, stack(0x0000002797900000,0x0000002797a00000)]
  0x0000016dcf4624a0 JavaThread "Finalizer" daemon [_thread_blocked, id=14704, stack(0x0000002797a00000,0x0000002797b00000)]
  0x0000016dd002b440 JavaThread "Signal Dispatcher" daemon [_thread_blocked, id=5920, stack(0x0000002797b00000,0x0000002797c00000)]
  0x0000016dd002c920 JavaThread "Attach Listener" daemon [_thread_blocked, id=11652, stack(0x0000002797c00000,0x0000002797d00000)]
  0x0000016dd002cdf0 JavaThread "Service Thread" daemon [_thread_blocked, id=1144, stack(0x0000002797d00000,0x0000002797e00000)]
  0x0000016dd0030d50 JavaThread "Monitor Deflation Thread" daemon [_thread_blocked, id=15292, stack(0x0000002797e00000,0x0000002797f00000)]
  0x0000016dd006bdf0 JavaThread "C2 CompilerThread0" daemon [_thread_blocked, id=18576, stack(0x0000002797f00000,0x0000002798000000)]
  0x0000016dd006c300 JavaThread "C1 CompilerThread0" daemon [_thread_blocked, id=10960, stack(0x0000002798000000,0x0000002798100000)]
  0x0000016dd0078810 JavaThread "Sweeper thread" daemon [_thread_blocked, id=18252, stack(0x0000002798100000,0x0000002798200000)]
  0x0000016dcf401020 JavaThread "Common-Cleaner" daemon [_thread_blocked, id=4408, stack(0x0000002798200000,0x0000002798300000)]
  0x0000016dd0350860 JavaThread "JDWP Transport Listener: dt_socket" daemon [_thread_blocked, id=18036, stack(0x0000002798300000,0x0000002798400000)]
  0x0000016dd02fa610 JavaThread "JDWP Event Helper Thread" daemon [_thread_blocked, id=5228, stack(0x0000002798400000,0x0000002798500000)]
  0x0000016dd02fab00 JavaThread "JDWP Command Reader" daemon [_thread_in_native, id=14104, stack(0x0000002798500000,0x0000002798600000)]
  0x0000016dd0324a40 JavaThread "Notification Thread" daemon [_thread_blocked, id=4492, stack(0x0000002798600000,0x0000002798700000)]
  0x0000016dd03bb4c0 JavaThread "mysql-cj-abandoned-connection-cleanup" daemon [_thread_blocked, id=16868, stack(0x0000002798800000,0x0000002798900000)]

Other Threads:
=>0x0000016dcf47e6e0 VMThread "VM Thread" [stack: 0x0000002797800000,0x0000002797900000] [id=20264]
  0x0000016dd076b410 WatcherThread [stack: 0x0000002798700000,0x0000002798800000] [id=19224]
  0x0000016db119e670 GCTaskThread "GC Thread#0" [stack: 0x0000002797300000,0x0000002797400000] [id=16740]
  0x0000016dd0d07680 GCTaskThread "GC Thread#1" [stack: 0x0000002798a00000,0x0000002798b00000] [id=18888]
  0x0000016dd0b5cf40 GCTaskThread "GC Thread#2" [stack: 0x0000002798b00000,0x0000002798c00000] [id=16380]
  0x0000016dd0c78440 GCTaskThread "GC Thread#3" [stack: 0x0000002798c00000,0x0000002798d00000] [id=7668]
  0x0000016db11afba0 ConcurrentGCThread "G1 Main Marker" [stack: 0x0000002797400000,0x0000002797500000] [id=16532]
  0x0000016db11b15c0 ConcurrentGCThread "G1 Conc#0" [stack: 0x0000002797500000,0x0000002797600000] [id=10272]
  0x0000016dcf2e20c0 ConcurrentGCThread "G1 Refine#0" [stack: 0x0000002797600000,0x0000002797700000] [id=18072]
  0x0000016dcf2e3990 ConcurrentGCThread "G1 Service" [stack: 0x0000002797700000,0x0000002797800000] [id=14948]

Threads with active compile tasks:

VM state: at safepoint (normal execution)

VM Mutex/Monitor currently owned by a thread:  ([mutex/lock_event])
[0x0000016db114aff0] Threads_lock - owner thread: 0x0000016dcf47e6e0

Heap address: 0x0000000701a00000, size: 4070 MB, Compressed Oops mode: Zero based, Oop shift amount: 3

CDS archive(s) not mapped
Compressed class space mapped at: 0x0000000800000000-0x0000000840000000, reserved size: 1073741824
Narrow klass base: 0x0000000800000000, Narrow klass shift: 0, Narrow klass range: 0x40000000

GC Precious Log:
 CPUs: 4 total, 4 available
 Memory: 16272M
 Large Page Support: Disabled
 NUMA Support: Disabled
 Compressed Oops: Enabled (Zero based)
 Heap Region Size: 2M
 Heap Min Capacity: 8M
 Heap Initial Capacity: 256M
 Heap Max Capacity: 4070M
 Pre-touch: Disabled
 Parallel Workers: 4
 Concurrent Workers: 1
 Concurrent Refinement Workers: 4
 Periodic GC: Disabled

Heap:
 garbage-first heap   total 262144K, used 29361K [0x0000000701a00000, 0x0000000800000000)
  region size 2048K, 16 young (32768K), 1 survivors (2048K)
 Metaspace       used 20095K, committed 20224K, reserved 1073152K
  class space    used 1944K, committed 1984K, reserved 1048576K

Heap Regions: E=young(eden), S=young(survivor), O=old, HS=humongous(starts), HC=humongous(continues), CS=collection set, F=free, OA=open archive, CA=closed archive, TAMS=top-at-mark-start (previous, next)
|   0|0x0000000701a00000, 0x0000000701c00000, 0x0000000701c00000|100%| O|  |TAMS 0x0000000701a00000, 0x0000000701a00000| Untracked 
|   1|0x0000000701c00000, 0x0000000701c1cc00, 0x0000000701e00000|  5%| O|  |TAMS 0x0000000701c00000, 0x0000000701c00000| Untracked 
|   2|0x0000000701e00000, 0x0000000701e00000, 0x0000000702000000|  0%| F|  |TAMS 0x0000000701e00000, 0x0000000701e00000| Untracked 
|   3|0x0000000702000000, 0x0000000702000000, 0x0000000702200000|  0%| F|  |TAMS 0x0000000702000000, 0x0000000702000000| Untracked 
|   4|0x0000000702200000, 0x0000000702200000, 0x0000000702400000|  0%| F|  |TAMS 0x0000000702200000, 0x0000000702200000| Untracked 
|   5|0x0000000702400000, 0x0000000702400000, 0x0000000702600000|  0%| F|  |TAMS 0x0000000702400000, 0x0000000702400000| Untracked 
|   6|0x0000000702600000, 0x0000000702600000, 0x0000000702800000|  0%| F|  |TAMS 0x0000000702600000, 0x0000000702600000| Untracked 
|   7|0x0000000702800000, 0x0000000702800000, 0x0000000702a00000|  0%| F|  |TAMS 0x0000000702800000, 0x0000000702800000| Untracked 
|   8|0x0000000702a00000, 0x0000000702a00000, 0x0000000702c00000|  0%| F|  |TAMS 0x0000000702a00000, 0x0000000702a00000| Untracked 
|   9|0x0000000702c00000, 0x0000000702c00000, 0x0000000702e00000|  0%| F|  |TAMS 0x0000000702c00000, 0x0000000702c00000| Untracked 
|  10|0x0000000702e00000, 0x0000000702e00000, 0x0000000703000000|  0%| F|  |TAMS 0x0000000702e00000, 0x0000000702e00000| Untracked 
|  11|0x0000000703000000, 0x0000000703000000, 0x0000000703200000|  0%| F|  |TAMS 0x0000000703000000, 0x0000000703000000| Untracked 
|  12|0x0000000703200000, 0x0000000703200000, 0x0000000703400000|  0%| F|  |TAMS 0x0000000703200000, 0x0000000703200000| Untracked 
|  13|0x0000000703400000, 0x0000000703400000, 0x0000000703600000|  0%| F|  |TAMS 0x0000000703400000, 0x0000000703400000| Untracked 
|  14|0x0000000703600000, 0x0000000703600000, 0x0000000703800000|  0%| F|  |TAMS 0x0000000703600000, 0x0000000703600000| Untracked 
|  15|0x0000000703800000, 0x0000000703800000, 0x0000000703a00000|  0%| F|  |TAMS 0x0000000703800000, 0x0000000703800000| Untracked 
|  16|0x0000000703a00000, 0x0000000703a00000, 0x0000000703c00000|  0%| F|  |TAMS 0x0000000703a00000, 0x0000000703a00000| Untracked 
|  17|0x0000000703c00000, 0x0000000703c00000, 0x0000000703e00000|  0%| F|  |TAMS 0x0000000703c00000, 0x0000000703c00000| Untracked 
|  18|0x0000000703e00000, 0x0000000703e00000, 0x0000000704000000|  0%| F|  |TAMS 0x0000000703e00000, 0x0000000703e00000| Untracked 
|  19|0x0000000704000000, 0x0000000704000000, 0x0000000704200000|  0%| F|  |TAMS 0x0000000704000000, 0x0000000704000000| Untracked 
|  20|0x0000000704200000, 0x0000000704200000, 0x0000000704400000|  0%| F|  |TAMS 0x0000000704200000, 0x0000000704200000| Untracked 
|  21|0x0000000704400000, 0x0000000704400000, 0x0000000704600000|  0%| F|  |TAMS 0x0000000704400000, 0x0000000704400000| Untracked 
|  22|0x0000000704600000, 0x0000000704600000, 0x0000000704800000|  0%| F|  |TAMS 0x0000000704600000, 0x0000000704600000| Untracked 
|  23|0x0000000704800000, 0x0000000704800000, 0x0000000704a00000|  0%| F|  |TAMS 0x0000000704800000, 0x0000000704800000| Untracked 
|  24|0x0000000704a00000, 0x0000000704a00000, 0x0000000704c00000|  0%| F|  |TAMS 0x0000000704a00000, 0x0000000704a00000| Untracked 
|  25|0x0000000704c00000, 0x0000000704c00000, 0x0000000704e00000|  0%| F|  |TAMS 0x0000000704c00000, 0x0000000704c00000| Untracked 
|  26|0x0000000704e00000, 0x0000000704e00000, 0x0000000705000000|  0%| F|  |TAMS 0x0000000704e00000, 0x0000000704e00000| Untracked 
|  27|0x0000000705000000, 0x0000000705000000, 0x0000000705200000|  0%| F|  |TAMS 0x0000000705000000, 0x0000000705000000| Untracked 
|  28|0x0000000705200000, 0x0000000705200000, 0x0000000705400000|  0%| F|  |TAMS 0x0000000705200000, 0x0000000705200000| Untracked 
|  29|0x0000000705400000, 0x0000000705400000, 0x0000000705600000|  0%| F|  |TAMS 0x0000000705400000, 0x0000000705400000| Untracked 
|  30|0x0000000705600000, 0x0000000705600000, 0x0000000705800000|  0%| F|  |TAMS 0x0000000705600000, 0x0000000705600000| Untracked 
|  31|0x0000000705800000, 0x0000000705800000, 0x0000000705a00000|  0%| F|  |TAMS 0x0000000705800000, 0x0000000705800000| Untracked 
|  32|0x0000000705a00000, 0x0000000705a00000, 0x0000000705c00000|  0%| F|  |TAMS 0x0000000705a00000, 0x0000000705a00000| Untracked 
|  33|0x0000000705c00000, 0x0000000705c00000, 0x0000000705e00000|  0%| F|  |TAMS 0x0000000705c00000, 0x0000000705c00000| Untracked 
|  34|0x0000000705e00000, 0x0000000705e00000, 0x0000000706000000|  0%| F|  |TAMS 0x0000000705e00000, 0x0000000705e00000| Untracked 
|  35|0x0000000706000000, 0x0000000706000000, 0x0000000706200000|  0%| F|  |TAMS 0x0000000706000000, 0x0000000706000000| Untracked 
|  36|0x0000000706200000, 0x0000000706200000, 0x0000000706400000|  0%| F|  |TAMS 0x0000000706200000, 0x0000000706200000| Untracked 
|  37|0x0000000706400000, 0x0000000706400000, 0x0000000706600000|  0%| F|  |TAMS 0x0000000706400000, 0x0000000706400000| Untracked 
|  38|0x0000000706600000, 0x0000000706600000, 0x0000000706800000|  0%| F|  |TAMS 0x0000000706600000, 0x0000000706600000| Untracked 
|  39|0x0000000706800000, 0x0000000706800000, 0x0000000706a00000|  0%| F|  |TAMS 0x0000000706800000, 0x0000000706800000| Untracked 
|  40|0x0000000706a00000, 0x0000000706a00000, 0x0000000706c00000|  0%| F|  |TAMS 0x0000000706a00000, 0x0000000706a00000| Untracked 
|  41|0x0000000706c00000, 0x0000000706c00000, 0x0000000706e00000|  0%| F|  |TAMS 0x0000000706c00000, 0x0000000706c00000| Untracked 
|  42|0x0000000706e00000, 0x0000000706e00000, 0x0000000707000000|  0%| F|  |TAMS 0x0000000706e00000, 0x0000000706e00000| Untracked 
|  43|0x0000000707000000, 0x0000000707000000, 0x0000000707200000|  0%| F|  |TAMS 0x0000000707000000, 0x0000000707000000| Untracked 
|  44|0x0000000707200000, 0x0000000707200000, 0x0000000707400000|  0%| F|  |TAMS 0x0000000707200000, 0x0000000707200000| Untracked 
|  45|0x0000000707400000, 0x0000000707400000, 0x0000000707600000|  0%| F|  |TAMS 0x0000000707400000, 0x0000000707400000| Untracked 
|  46|0x0000000707600000, 0x0000000707600000, 0x0000000707800000|  0%| F|  |TAMS 0x0000000707600000, 0x0000000707600000| Untracked 
|  47|0x0000000707800000, 0x0000000707800000, 0x0000000707a00000|  0%| F|  |TAMS 0x0000000707800000, 0x0000000707800000| Untracked 
|  48|0x0000000707a00000, 0x0000000707a00000, 0x0000000707c00000|  0%| F|  |TAMS 0x0000000707a00000, 0x0000000707a00000| Untracked 
|  49|0x0000000707c00000, 0x0000000707c00000, 0x0000000707e00000|  0%| F|  |TAMS 0x0000000707c00000, 0x0000000707c00000| Untracked 
|  50|0x0000000707e00000, 0x0000000707e00000, 0x0000000708000000|  0%| F|  |TAMS 0x0000000707e00000, 0x0000000707e00000| Untracked 
|  51|0x0000000708000000, 0x0000000708000000, 0x0000000708200000|  0%| F|  |TAMS 0x0000000708000000, 0x0000000708000000| Untracked 
|  52|0x0000000708200000, 0x0000000708200000, 0x0000000708400000|  0%| F|  |TAMS 0x0000000708200000, 0x0000000708200000| Untracked 
|  53|0x0000000708400000, 0x0000000708400000, 0x0000000708600000|  0%| F|  |TAMS 0x0000000708400000, 0x0000000708400000| Untracked 
|  54|0x0000000708600000, 0x0000000708600000, 0x0000000708800000|  0%| F|  |TAMS 0x0000000708600000, 0x0000000708600000| Untracked 
|  55|0x0000000708800000, 0x0000000708800000, 0x0000000708a00000|  0%| F|  |TAMS 0x0000000708800000, 0x0000000708800000| Untracked 
|  56|0x0000000708a00000, 0x0000000708a00000, 0x0000000708c00000|  0%| F|  |TAMS 0x0000000708a00000, 0x0000000708a00000| Untracked 
|  57|0x0000000708c00000, 0x0000000708c00000, 0x0000000708e00000|  0%| F|  |TAMS 0x0000000708c00000, 0x0000000708c00000| Untracked 
|  58|0x0000000708e00000, 0x0000000708e00000, 0x0000000709000000|  0%| F|  |TAMS 0x0000000708e00000, 0x0000000708e00000| Untracked 
|  59|0x0000000709000000, 0x0000000709000000, 0x0000000709200000|  0%| F|  |TAMS 0x0000000709000000, 0x0000000709000000| Untracked 
|  60|0x0000000709200000, 0x0000000709200000, 0x0000000709400000|  0%| F|  |TAMS 0x0000000709200000, 0x0000000709200000| Untracked 
|  61|0x0000000709400000, 0x0000000709400000, 0x0000000709600000|  0%| F|  |TAMS 0x0000000709400000, 0x0000000709400000| Untracked 
|  62|0x0000000709600000, 0x0000000709600000, 0x0000000709800000|  0%| F|  |TAMS 0x0000000709600000, 0x0000000709600000| Untracked 
|  63|0x0000000709800000, 0x0000000709800000, 0x0000000709a00000|  0%| F|  |TAMS 0x0000000709800000, 0x0000000709800000| Untracked 
|  64|0x0000000709a00000, 0x0000000709a00000, 0x0000000709c00000|  0%| F|  |TAMS 0x0000000709a00000, 0x0000000709a00000| Untracked 
|  65|0x0000000709c00000, 0x0000000709c00000, 0x0000000709e00000|  0%| F|  |TAMS 0x0000000709c00000, 0x0000000709c00000| Untracked 
|  66|0x0000000709e00000, 0x0000000709e00000, 0x000000070a000000|  0%| F|  |TAMS 0x0000000709e00000, 0x0000000709e00000| Untracked 
|  67|0x000000070a000000, 0x000000070a000000, 0x000000070a200000|  0%| F|  |TAMS 0x000000070a000000, 0x000000070a000000| Untracked 
|  68|0x000000070a200000, 0x000000070a200000, 0x000000070a400000|  0%| F|  |TAMS 0x000000070a200000, 0x000000070a200000| Untracked 
|  69|0x000000070a400000, 0x000000070a400000, 0x000000070a600000|  0%| F|  |TAMS 0x000000070a400000, 0x000000070a400000| Untracked 
|  70|0x000000070a600000, 0x000000070a600000, 0x000000070a800000|  0%| F|  |TAMS 0x000000070a600000, 0x000000070a600000| Untracked 
|  71|0x000000070a800000, 0x000000070a800000, 0x000000070aa00000|  0%| F|  |TAMS 0x000000070a800000, 0x000000070a800000| Untracked 
|  72|0x000000070aa00000, 0x000000070aa00000, 0x000000070ac00000|  0%| F|  |TAMS 0x000000070aa00000, 0x000000070aa00000| Untracked 
|  73|0x000000070ac00000, 0x000000070ac00000, 0x000000070ae00000|  0%| F|  |TAMS 0x000000070ac00000, 0x000000070ac00000| Untracked 
|  74|0x000000070ae00000, 0x000000070ae00000, 0x000000070b000000|  0%| F|  |TAMS 0x000000070ae00000, 0x000000070ae00000| Untracked 
|  75|0x000000070b000000, 0x000000070b000000, 0x000000070b200000|  0%| F|  |TAMS 0x000000070b000000, 0x000000070b000000| Untracked 
|  76|0x000000070b200000, 0x000000070b200000, 0x000000070b400000|  0%| F|  |TAMS 0x000000070b200000, 0x000000070b200000| Untracked 
|  77|0x000000070b400000, 0x000000070b400000, 0x000000070b600000|  0%| F|  |TAMS 0x000000070b400000, 0x000000070b400000| Untracked 
|  78|0x000000070b600000, 0x000000070b600000, 0x000000070b800000|  0%| F|  |TAMS 0x000000070b600000, 0x000000070b600000| Untracked 
|  79|0x000000070b800000, 0x000000070b800000, 0x000000070ba00000|  0%| F|  |TAMS 0x000000070b800000, 0x000000070b800000| Untracked 
|  80|0x000000070ba00000, 0x000000070ba00000, 0x000000070bc00000|  0%| F|  |TAMS 0x000000070ba00000, 0x000000070ba00000| Untracked 
|  81|0x000000070bc00000, 0x000000070bc00000, 0x000000070be00000|  0%| F|  |TAMS 0x000000070bc00000, 0x000000070bc00000| Untracked 
|  82|0x000000070be00000, 0x000000070be00000, 0x000000070c000000|  0%| F|  |TAMS 0x000000070be00000, 0x000000070be00000| Untracked 
|  83|0x000000070c000000, 0x000000070c000000, 0x000000070c200000|  0%| F|  |TAMS 0x000000070c000000, 0x000000070c000000| Untracked 
|  84|0x000000070c200000, 0x000000070c200000, 0x000000070c400000|  0%| F|  |TAMS 0x000000070c200000, 0x000000070c200000| Untracked 
|  85|0x000000070c400000, 0x000000070c400000, 0x000000070c600000|  0%| F|  |TAMS 0x000000070c400000, 0x000000070c400000| Untracked 
|  86|0x000000070c600000, 0x000000070c600000, 0x000000070c800000|  0%| F|  |TAMS 0x000000070c600000, 0x000000070c600000| Untracked 
|  87|0x000000070c800000, 0x000000070c800000, 0x000000070ca00000|  0%| F|  |TAMS 0x000000070c800000, 0x000000070c800000| Untracked 
|  88|0x000000070ca00000, 0x000000070ca00000, 0x000000070cc00000|  0%| F|  |TAMS 0x000000070ca00000, 0x000000070ca00000| Untracked 
|  89|0x000000070cc00000, 0x000000070cc00000, 0x000000070ce00000|  0%| F|  |TAMS 0x000000070cc00000, 0x000000070cc00000| Untracked 
|  90|0x000000070ce00000, 0x000000070ce00000, 0x000000070d000000|  0%| F|  |TAMS 0x000000070ce00000, 0x000000070ce00000| Untracked 
|  91|0x000000070d000000, 0x000000070d000000, 0x000000070d200000|  0%| F|  |TAMS 0x000000070d000000, 0x000000070d000000| Untracked 
|  92|0x000000070d200000, 0x000000070d200000, 0x000000070d400000|  0%| F|  |TAMS 0x000000070d200000, 0x000000070d200000| Untracked 
|  93|0x000000070d400000, 0x000000070d400000, 0x000000070d600000|  0%| F|  |TAMS 0x000000070d400000, 0x000000070d400000| Untracked 
|  94|0x000000070d600000, 0x000000070d600000, 0x000000070d800000|  0%| F|  |TAMS 0x000000070d600000, 0x000000070d600000| Untracked 
|  95|0x000000070d800000, 0x000000070d800000, 0x000000070da00000|  0%| F|  |TAMS 0x000000070d800000, 0x000000070d800000| Untracked 
|  96|0x000000070da00000, 0x000000070da00000, 0x000000070dc00000|  0%| F|  |TAMS 0x000000070da00000, 0x000000070da00000| Untracked 
|  97|0x000000070dc00000, 0x000000070dc00000, 0x000000070de00000|  0%| F|  |TAMS 0x000000070dc00000, 0x000000070dc00000| Untracked 
|  98|0x000000070de00000, 0x000000070de00000, 0x000000070e000000|  0%| F|  |TAMS 0x000000070de00000, 0x000000070de00000| Untracked 
|  99|0x000000070e000000, 0x000000070e000000, 0x000000070e200000|  0%| F|  |TAMS 0x000000070e000000, 0x000000070e000000| Untracked 
| 100|0x000000070e200000, 0x000000070e200000, 0x000000070e400000|  0%| F|  |TAMS 0x000000070e200000, 0x000000070e200000| Untracked 
| 101|0x000000070e400000, 0x000000070e400000, 0x000000070e600000|  0%| F|  |TAMS 0x000000070e400000, 0x000000070e400000| Untracked 
| 102|0x000000070e600000, 0x000000070e600000, 0x000000070e800000|  0%| F|  |TAMS 0x000000070e600000, 0x000000070e600000| Untracked 
| 103|0x000000070e800000, 0x000000070e800000, 0x000000070ea00000|  0%| F|  |TAMS 0x000000070e800000, 0x000000070e800000| Untracked 
| 104|0x000000070ea00000, 0x000000070ea00000, 0x000000070ec00000|  0%| F|  |TAMS 0x000000070ea00000, 0x000000070ea00000| Untracked 
| 105|0x000000070ec00000, 0x000000070ec00000, 0x000000070ee00000|  0%| F|  |TAMS 0x000000070ec00000, 0x000000070ec00000| Untracked 
| 106|0x000000070ee00000, 0x000000070ee00000, 0x000000070f000000|  0%| F|  |TAMS 0x000000070ee00000, 0x000000070ee00000| Untracked 
| 107|0x000000070f000000, 0x000000070f000000, 0x000000070f200000|  0%| F|  |TAMS 0x000000070f000000, 0x000000070f000000| Untracked 
| 108|0x000000070f200000, 0x000000070f200000, 0x000000070f400000|  0%| F|  |TAMS 0x000000070f200000, 0x000000070f200000| Untracked 
| 109|0x000000070f400000, 0x000000070f400000, 0x000000070f600000|  0%| F|  |TAMS 0x000000070f400000, 0x000000070f400000| Untracked 
| 110|0x000000070f600000, 0x000000070f600000, 0x000000070f800000|  0%| F|  |TAMS 0x000000070f600000, 0x000000070f600000| Untracked 
| 111|0x000000070f800000, 0x000000070f800000, 0x000000070fa00000|  0%| F|  |TAMS 0x000000070f800000, 0x000000070f800000| Untracked 
| 112|0x000000070fa00000, 0x000000070fc00000, 0x000000070fc00000|100%| E|  |TAMS 0x000000070fa00000, 0x000000070fa00000| Complete 
| 113|0x000000070fc00000, 0x000000070fe00000, 0x000000070fe00000|100%| E|CS|TAMS 0x000000070fc00000, 0x000000070fc00000| Complete 
| 114|0x000000070fe00000, 0x0000000710000000, 0x0000000710000000|100%| E|CS|TAMS 0x000000070fe00000, 0x000000070fe00000| Complete 
| 115|0x0000000710000000, 0x0000000710200000, 0x0000000710200000|100%| E|CS|TAMS 0x0000000710000000, 0x0000000710000000| Complete 
| 116|0x0000000710200000, 0x0000000710400000, 0x0000000710400000|100%| E|CS|TAMS 0x0000000710200000, 0x0000000710200000| Complete 
| 117|0x0000000710400000, 0x0000000710600000, 0x0000000710600000|100%| E|CS|TAMS 0x0000000710400000, 0x0000000710400000| Complete 
| 118|0x0000000710600000, 0x0000000710800000, 0x0000000710800000|100%| E|CS|TAMS 0x0000000710600000, 0x0000000710600000| Complete 
| 119|0x0000000710800000, 0x000000071088f9f8, 0x0000000710a00000| 28%| S|CS|TAMS 0x0000000710800000, 0x0000000710800000| Complete 
| 120|0x0000000710a00000, 0x0000000710c00000, 0x0000000710c00000|100%| E|CS|TAMS 0x0000000710a00000, 0x0000000710a00000| Complete 
| 121|0x0000000710c00000, 0x0000000710e00000, 0x0000000710e00000|100%| E|CS|TAMS 0x0000000710c00000, 0x0000000710c00000| Complete 
| 122|0x0000000710e00000, 0x0000000711000000, 0x0000000711000000|100%| E|CS|TAMS 0x0000000710e00000, 0x0000000710e00000| Complete 
| 123|0x0000000711000000, 0x0000000711200000, 0x0000000711200000|100%| E|CS|TAMS 0x0000000711000000, 0x0000000711000000| Complete 
| 124|0x0000000711200000, 0x0000000711400000, 0x0000000711400000|100%| E|CS|TAMS 0x0000000711200000, 0x0000000711200000| Complete 
| 125|0x0000000711400000, 0x0000000711600000, 0x0000000711600000|100%| E|CS|TAMS 0x0000000711400000, 0x0000000711400000| Complete 
| 126|0x0000000711600000, 0x0000000711800000, 0x0000000711800000|100%| E|CS|TAMS 0x0000000711600000, 0x0000000711600000| Complete 
| 127|0x0000000711800000, 0x0000000711a00000, 0x0000000711a00000|100%| E|  |TAMS 0x0000000711800000, 0x0000000711800000| Complete 

Card table byte_map: [0x0000016dc4010000,0x0000016dc4810000] _byte_map_base: 0x0000016dc0803000

Marking Bits (Prev, Next): (CMBitMap*) 0x0000016db119ec80, (CMBitMap*) 0x0000016db119ecc0
 Prev Bits: [0x0000016dc5010000, 0x0000016dc8fa8000)
 Next Bits: [0x0000016dc8fb0000, 0x0000016dccf48000)

Polling page: 0x0000016daef60000

Metaspace:

Usage:
  Non-class:     17.73 MB used.
      Class:      1.90 MB used.
       Both:     19.62 MB used.

Virtual space:
  Non-class space:       24.00 MB reserved,      17.81 MB ( 74%) committed,  3 nodes.
      Class space:        1.00 GB reserved,       1.94 MB ( <1%) committed,  1 nodes.
             Both:        1.02 GB reserved,      19.75 MB (  2%) committed. 

Chunk freelists:
   Non-Class:  1.94 MB
       Class:  2.00 MB
        Both:  3.94 MB

MaxMetaspaceSize: unlimited
CompressedClassSpaceSize: 1.00 GB
Initial GC threshold: 21.00 MB
Current GC threshold: 21.00 MB
CDS: off
MetaspaceReclaimPolicy: balanced
 - commit_granule_bytes: 65536.
 - commit_granule_words: 8192.
 - virtual_space_node_default_size: 1048576.
 - enlarge_chunks_in_place: 1.
 - new_chunks_are_fully_committed: 0.
 - uncommit_free_chunks: 1.
 - use_allocation_guard: 0.
 - handle_deallocations: 1.


Internal statistics:

num_allocs_failed_limit: 0.
num_arena_births: 62.
num_arena_deaths: 0.
num_vsnodes_births: 4.
num_vsnodes_deaths: 0.
num_space_committed: 316.
num_space_uncommitted: 0.
num_chunks_returned_to_freelist: 0.
num_chunks_taken_from_freelist: 281.
num_chunk_merges: 0.
num_chunk_splits: 169.
num_chunks_enlarged: 124.
num_purges: 0.
num_inconsistent_stats: 0.

CodeHeap 'non-profiled nmethods': size=120000Kb used=888Kb max_used=888Kb free=119111Kb
 bounds [0x0000016dbc2e0000, 0x0000016dbc550000, 0x0000016dc3810000]
CodeHeap 'profiled nmethods': size=120000Kb used=3481Kb max_used=3481Kb free=116519Kb
 bounds [0x0000016db4db0000, 0x0000016db5120000, 0x0000016dbc2e0000]
CodeHeap 'non-nmethods': size=5760Kb used=1291Kb max_used=1389Kb free=4468Kb
 bounds [0x0000016db4810000, 0x0000016db4a80000, 0x0000016db4db0000]
 total_blobs=2229 nmethods=1702 adapters=440
 compilation: enabled
              stopped_count=0, restarted_count=0
 full_count=0

Compilation events (20 events):
Event: 12.298 Thread 0x0000016dd006c300 1701       3       java.util.ResourceBundle::getObject (82 bytes)
Event: 12.299 Thread 0x0000016dd006c300 nmethod 1701 0x0000016db5114090 code [0x0000016db5114360, 0x0000016db5114f58]
Event: 12.311 Thread 0x0000016dd006bdf0 nmethod 1693 0x0000016dbc3adb90 code [0x0000016dbc3add60, 0x0000016dbc3ae738]
Event: 12.311 Thread 0x0000016dd006bdf0 1630       4       java.util.Collections::emptyList (4 bytes)
Event: 12.312 Thread 0x0000016dd006bdf0 nmethod 1630 0x0000016dbc3aec10 code [0x0000016dbc3aed80, 0x0000016dbc3aedd8]
Event: 12.312 Thread 0x0000016dd006bdf0 1682       4       java.lang.String::startsWith (7 bytes)
Event: 12.318 Thread 0x0000016dd006bdf0 nmethod 1682 0x0000016dbc3aef10 code [0x0000016dbc3af0a0, 0x0000016dbc3af2f8]
Event: 12.318 Thread 0x0000016dd006bdf0 1661       4       java.util.HashMap::get (19 bytes)
Event: 12.325 Thread 0x0000016dd006bdf0 nmethod 1661 0x0000016dbc3af510 code [0x0000016dbc3af6a0, 0x0000016dbc3af9d8]
Event: 12.325 Thread 0x0000016dd006c300 1702       3       java.lang.StringBuffer::<init> (7 bytes)
Event: 12.325 Thread 0x0000016dd006c300 nmethod 1702 0x0000016db5115410 code [0x0000016db51155a0, 0x0000016db51156e8]
Event: 12.510 Thread 0x0000016dd3956970 nmethod 1612 0x0000016dbc3afc90 code [0x0000016dbc3b00a0, 0x0000016dbc3b89e0]
Event: 60.734 Thread 0x0000016dd006bdf0 1703       4       java.lang.String::getBytes (46 bytes)
Event: 60.741 Thread 0x0000016dd006bdf0 nmethod 1703 0x0000016dbc3bd290 code [0x0000016dbc3bd420, 0x0000016dbc3bd738]
Event: 65.735 Thread 0x0000016dd006bdf0 1704       4       java.lang.String::startsWith (138 bytes)
Event: 65.739 Thread 0x0000016dd006bdf0 nmethod 1704 0x0000016dbc3bd890 code [0x0000016dbc3bda20, 0x0000016dbc3bdc98]
Event: 75.745 Thread 0x0000016dd006c300 1705       3       jdk.internal.loader.BuiltinClassLoader::hasClassPath (13 bytes)
Event: 75.746 Thread 0x0000016dd006c300 nmethod 1705 0x0000016db5115790 code [0x0000016db5115920, 0x0000016db5115a98]
Event: 125.805 Thread 0x0000016dd006c300 1707       3       java.io.File::exists (34 bytes)
Event: 125.807 Thread 0x0000016dd006c300 nmethod 1707 0x0000016db5115b10 code [0x0000016db5115d00, 0x0000016db5116248]

GC Heap History (4 events):
Event: 0.800 GC heap before
{Heap before GC invocations=0 (full 0):
 garbage-first heap   total 262144K, used 12288K [0x0000000701a00000, 0x0000000800000000)
  region size 2048K, 6 young (12288K), 0 survivors (0K)
 Metaspace       used 11187K, committed 11328K, reserved 1064960K
  class space    used 980K, committed 1088K, reserved 1048576K
}
Event: 0.804 GC heap after
{Heap after GC invocations=1 (full 0):
 garbage-first heap   total 262144K, used 2433K [0x0000000701a00000, 0x0000000800000000)
  region size 2048K, 1 young (2048K), 1 survivors (2048K)
 Metaspace       used 11187K, committed 11328K, reserved 1064960K
  class space    used 980K, committed 1088K, reserved 1048576K
}
Event: 1.120 GC heap before
{Heap before GC invocations=1 (full 0):
 garbage-first heap   total 262144K, used 14721K [0x0000000701a00000, 0x0000000800000000)
  region size 2048K, 8 young (16384K), 1 survivors (2048K)
 Metaspace       used 13703K, committed 13888K, reserved 1064960K
  class space    used 1213K, committed 1280K, reserved 1048576K
}
Event: 1.124 GC heap after
{Heap after GC invocations=2 (full 0):
 garbage-first heap   total 262144K, used 2737K [0x0000000701a00000, 0x0000000800000000)
  region size 2048K, 1 young (2048K), 1 survivors (2048K)
 Metaspace       used 13703K, committed 13888K, reserved 1064960K
  class space    used 1213K, committed 1280K, reserved 1048576K
}

Deoptimization events (20 events):
Event: 2.855 Thread 0x0000016db1150970 Uncommon trap: trap_request=0xffffffde fr.pc=0x0000016dbc364770 relative=0x00000000000001d0
Event: 2.856 Thread 0x0000016db1150970 Uncommon trap: reason=class_check action=maybe_recompile pc=0x0000016dbc364770 method=java.util.regex.Matcher.getTextLength()I @ 4 c2
Event: 2.856 Thread 0x0000016db1150970 DEOPT PACKING pc=0x0000016dbc364770 sp=0x00000027972fef40
Event: 2.856 Thread 0x0000016db1150970 DEOPT UNPACKING pc=0x0000016db48623a3 sp=0x00000027972fee78 mode 2
Event: 2.856 Thread 0x0000016db1150970 Uncommon trap: trap_request=0xffffff45 fr.pc=0x0000016dbc323e0c relative=0x000000000000016c
Event: 2.856 Thread 0x0000016db1150970 Uncommon trap: reason=unstable_if action=reinterpret pc=0x0000016dbc323e0c method=java.lang.AbstractStringBuilder.putStringAt(ILjava/lang/String;II)V @ 8 c2
Event: 2.856 Thread 0x0000016db1150970 DEOPT PACKING pc=0x0000016dbc323e0c sp=0x00000027972fedf0
Event: 2.856 Thread 0x0000016db1150970 DEOPT UNPACKING pc=0x0000016db48623a3 sp=0x00000027972fed50 mode 2
Event: 7.142 Thread 0x0000016db1150970 Uncommon trap: trap_request=0xffffffde fr.pc=0x0000016dbc39e450 relative=0x00000000000005f0
Event: 7.142 Thread 0x0000016db1150970 Uncommon trap: reason=class_check action=maybe_recompile pc=0x0000016dbc39e450 method=java.util.regex.Matcher.search(I)Z @ 121 c2
Event: 7.142 Thread 0x0000016db1150970 DEOPT PACKING pc=0x0000016dbc39e450 sp=0x00000027972fefa0
Event: 7.142 Thread 0x0000016db1150970 DEOPT UNPACKING pc=0x0000016db48623a3 sp=0x00000027972fef60 mode 2
Event: 12.222 Thread 0x0000016db1150970 Uncommon trap: trap_request=0xffffffde fr.pc=0x0000016dbc39e450 relative=0x00000000000005f0
Event: 12.222 Thread 0x0000016db1150970 Uncommon trap: reason=class_check action=maybe_recompile pc=0x0000016dbc39e450 method=java.util.regex.Matcher.search(I)Z @ 121 c2
Event: 12.222 Thread 0x0000016db1150970 DEOPT PACKING pc=0x0000016dbc39e450 sp=0x00000027972fefa0
Event: 12.222 Thread 0x0000016db1150970 DEOPT UNPACKING pc=0x0000016db48623a3 sp=0x00000027972fef60 mode 2
Event: 12.234 Thread 0x0000016db1150970 DEOPT PACKING pc=0x0000016db4f2c493 sp=0x00000027972fc1d0
Event: 12.234 Thread 0x0000016db1150970 DEOPT UNPACKING pc=0x0000016db4862b43 sp=0x00000027972fb6c0 mode 0
Event: 12.235 Thread 0x0000016db1150970 DEOPT PACKING pc=0x0000016db4f2fc99 sp=0x00000027972fa650
Event: 12.235 Thread 0x0000016db1150970 DEOPT UNPACKING pc=0x0000016db4862b43 sp=0x00000027972f9c00 mode 0

Classes unloaded (0 events):
No events

Classes redefined (4 events):
Event: 58.492 Thread 0x0000016dcf47e6e0 redefined class name=com.user.UserPortal$UserAccess, count=1
Event: 58.492 Thread 0x0000016dcf47e6e0 redefined class name=com.user.UserPortal, count=1
Event: 139.204 Thread 0x0000016dcf47e6e0 redefined class name=com.user.UserPortal$UserAccess, count=2
Event: 139.204 Thread 0x0000016dcf47e6e0 redefined class name=com.user.UserPortal, count=2

Internal exceptions (14 events):
Event: 0.709 Thread 0x0000016db1150970 Exception <a 'java/lang/NoSuchMethodError'{0x00000007110b59f0}: 'java.lang.Object java.lang.invoke.DirectMethodHandle$Holder.invokeStaticInit(java.lang.Object)'> (0x00000007110b59f0) 
thrown [e:\jenkins\tmp\workspace\build\src\src\hotspot\share\interpreter\linkResolver.cpp, line 766]
Event: 0.710 Thread 0x0000016db1150970 Exception <a 'java/lang/NoSuchMethodError'{0x00000007110bc6d0}: 'java.lang.Object java.lang.invoke.DirectMethodHandle$Holder.invokeInterface(java.lang.Object, java.lang.Object)'> (0x00000007110bc6d0) 
thrown [e:\jenkins\tmp\workspace\build\src\src\hotspot\share\interpreter\linkResolver.cpp, line 766]
Event: 0.744 Thread 0x0000016db1150970 Exception <a 'java/lang/NoSuchMethodError'{0x00000007111777f8}: 'void java.lang.invoke.DirectMethodHandle$Holder.invokeSpecial(java.lang.Object, java.lang.Object, java.lang.Object)'> (0x00000007111777f8) 
thrown [e:\jenkins\tmp\workspace\build\src\src\hotspot\share\interpreter\linkResolver.cpp, line 766]
Event: 0.745 Thread 0x0000016db1150970 Exception <a 'java/lang/NoSuchMethodError'{0x000000071117ee88}: 'void java.lang.invoke.DirectMethodHandle$Holder.invokeStatic(java.lang.Object, java.lang.Object, java.lang.Object)'> (0x000000071117ee88) 
thrown [e:\jenkins\tmp\workspace\build\src\src\hotspot\share\interpreter\linkResolver.cpp, line 766]
Event: 0.748 Thread 0x0000016db1150970 Exception <a 'java/lang/NoSuchMethodError'{0x0000000711189cf8}: 'java.lang.Object java.lang.invoke.DirectMethodHandle$Holder.invokeVirtual(java.lang.Object, java.lang.Object, java.lang.Object)'> (0x0000000711189cf8) 
thrown [e:\jenkins\tmp\workspace\build\src\src\hotspot\share\interpreter\linkResolver.cpp, line 766]
Event: 1.007 Thread 0x0000016db1150970 Exception <a 'java/lang/NoSuchMethodError'{0x000000071110fd60}: 'void java.lang.invoke.DirectMethodHandle$Holder.invokeStatic(java.lang.Object, java.lang.Object)'> (0x000000071110fd60) 
thrown [e:\jenkins\tmp\workspace\build\src\src\hotspot\share\interpreter\linkResolver.cpp, line 766]
Event: 1.206 Thread 0x0000016db1150970 Exception <a 'java/lang/NoSuchMethodError'{0x000000071144a480}: 'void java.lang.invoke.DirectMethodHandle$Holder.invokeStaticInit(java.lang.Object, java.lang.Object)'> (0x000000071144a480) 
thrown [e:\jenkins\tmp\workspace\build\src\src\hotspot\share\interpreter\linkResolver.cpp, line 766]
Event: 1.255 Thread 0x0000016db1150970 Exception <a 'sun/nio/fs/WindowsException'{0x0000000711242c40}> (0x0000000711242c40) 
thrown [e:\jenkins\tmp\workspace\build\src\src\hotspot\share\prims\jni.cpp, line 516]
Event: 1.275 Thread 0x0000016db1150970 Exception <a 'java/lang/NoSuchMethodError'{0x000000071129e7e0}: 'int java.lang.invoke.DirectMethodHandle$Holder.invokeStaticInit(java.lang.Object, java.lang.Object, java.lang.Object, java.lang.Object)'> (0x000000071129e7e0) 
thrown [e:\jenkins\tmp\workspace\build\src\src\hotspot\share\interpreter\linkResolver.cpp, line 766]
Event: 1.277 Thread 0x0000016db1150970 Exception <a 'java/lang/IncompatibleClassChangeError'{0x00000007112a79a8}: Found class java.lang.Object, but interface was expected> (0x00000007112a79a8) 
thrown [e:\jenkins\tmp\workspace\build\src\src\hotspot\share\interpreter\linkResolver.cpp, line 833]
Event: 1.279 Thread 0x0000016db1150970 Exception <a 'java/lang/NoSuchMethodError'{0x00000007112ae1f8}: 'int java.lang.invoke.DirectMethodHandle$Holder.invokeStaticInit(java.lang.Object, java.lang.Object)'> (0x00000007112ae1f8) 
thrown [e:\jenkins\tmp\workspace\build\src\src\hotspot\share\interpreter\linkResolver.cpp, line 766]
Event: 1.343 Thread 0x0000016db1150970 Exception <a 'java/lang/NoSuchMethodError'{0x000000071109e330}: 'java.lang.Object java.lang.invoke.DirectMethodHandle$Holder.invokeStaticInit(java.lang.Object, int, int, int, int)'> (0x000000071109e330) 
thrown [e:\jenkins\tmp\workspace\build\src\src\hotspot\share\interpreter\linkResolver.cpp, line 766]
Event: 1.422 Thread 0x0000016db1150970 Exception <a 'java/lang/NoSuchMethodError'{0x0000000711184cf8}: 'java.lang.Object java.lang.invoke.DirectMethodHandle$Holder.invokeStaticInit(java.lang.Object, java.lang.Object, int, int, int, int)'> (0x0000000711184cf8) 
thrown [e:\jenkins\tmp\workspace\build\src\src\hotspot\share\interpreter\linkResolver.cpp, line 766]
Event: 1.717 Thread 0x0000016db1150970 Exception <a 'java/io/IOException'{0x0000000710427bd0}> (0x0000000710427bd0) 
thrown [e:\jenkins\tmp\workspace\build\src\src\hotspot\share\prims\jni.cpp, line 516]

VM Operations (20 events):
Event: 139.231 Executing VM operation: ChangeBreakpoints done
Event: 139.239 Executing VM operation: ChangeBreakpoints
Event: 139.239 Executing VM operation: ChangeBreakpoints done
Event: 139.247 Executing VM operation: ChangeBreakpoints
Event: 139.247 Executing VM operation: ChangeBreakpoints done
Event: 139.254 Executing VM operation: ChangeBreakpoints
Event: 139.255 Executing VM operation: ChangeBreakpoints done
Event: 139.264 Executing VM operation: ChangeBreakpoints
Event: 139.264 Executing VM operation: ChangeBreakpoints done
Event: 139.264 Executing VM operation: ChangeBreakpoints
Event: 139.265 Executing VM operation: ChangeBreakpoints done
Event: 139.271 Executing VM operation: ChangeBreakpoints
Event: 139.272 Executing VM operation: ChangeBreakpoints done
Event: 139.275 Executing VM operation: ChangeSingleStep
Event: 139.276 Executing VM operation: ChangeSingleStep done
Event: 139.276 Executing VM operation: get/set locals
Event: 139.276 Executing VM operation: get/set locals done
Event: 139.277 Executing VM operation: ChangeSingleStep
Event: 139.277 Executing VM operation: ChangeSingleStep done
Event: 139.355 Executing VM operation: get/set locals

Events (20 events):
Event: 21.318 loading class java/text/DateFormat$Field
Event: 21.319 loading class java/text/DateFormat$Field done
Event: 21.329 loading class java/text/DateFormatSymbols
Event: 21.329 loading class java/text/DateFormatSymbols done
Event: 21.338 loading class sun/util/locale/provider/DateFormatSymbolsProviderImpl
Event: 21.338 loading class sun/util/locale/provider/DateFormatSymbolsProviderImpl done
Event: 21.563 loading class java/text/DontCareFieldPosition
Event: 21.563 loading class java/text/DontCareFieldPosition done
Event: 21.563 loading class java/text/DontCareFieldPosition$1
Event: 21.563 loading class java/text/Format$FieldDelegate
Event: 21.564 loading class java/text/Format$FieldDelegate done
Event: 21.564 loading class java/text/DontCareFieldPosition$1 done
Event: 29.244 loading class java/util/concurrent/atomic/AtomicReferenceFieldUpdater
Event: 29.244 loading class java/util/concurrent/atomic/AtomicReferenceFieldUpdater done
Event: 29.245 loading class java/util/concurrent/atomic/AtomicReferenceFieldUpdater$AtomicReferenceFieldUpdaterImpl
Event: 29.245 loading class java/util/concurrent/atomic/AtomicReferenceFieldUpdater$AtomicReferenceFieldUpdaterImpl done
Event: 29.245 loading class java/util/concurrent/atomic/AtomicReferenceFieldUpdater$AtomicReferenceFieldUpdaterImpl$1
Event: 29.245 loading class java/util/concurrent/atomic/AtomicReferenceFieldUpdater$AtomicReferenceFieldUpdaterImpl$1 done
Event: 29.245 loading class sun/reflect/misc/ReflectUtil
Event: 29.245 loading class sun/reflect/misc/ReflectUtil done


Dynamic libraries:
0x00007ff6eea60000 - 0x00007ff6eea6e000 	C:\Users\jeanmartin\.p2\pool\plugins\org.eclipse.justj.openjdk.hotspot.jre.full.win32.x86_64_17.0.2.v20220201-1208\jre\bin\javaw.exe
0x00007ffbd1e10000 - 0x00007ffbd2008000 	C:\WINDOWS\SYSTEM32\ntdll.dll
0x00007ffbd1220000 - 0x00007ffbd12df000 	C:\WINDOWS\System32\KERNEL32.DLL
0x00007ffbcf740000 - 0x00007ffbcfa12000 	C:\WINDOWS\System32\KERNELBASE.dll
0x00007ffbcfab0000 - 0x00007ffbcfbb0000 	C:\WINDOWS\System32\ucrtbase.dll
0x00007ffbca9f0000 - 0x00007ffbcaa08000 	C:\Users\jeanmartin\.p2\pool\plugins\org.eclipse.justj.openjdk.hotspot.jre.full.win32.x86_64_17.0.2.v20220201-1208\jre\bin\jli.dll
0x00007ffbd1c20000 - 0x00007ffbd1dc1000 	C:\WINDOWS\System32\USER32.dll
0x00007ffbcfe50000 - 0x00007ffbcfe72000 	C:\WINDOWS\System32\win32u.dll
0x00007ffbd0e90000 - 0x00007ffbd0ebb000 	C:\WINDOWS\System32\GDI32.dll
0x00007ffbcfd10000 - 0x00007ffbcfe1f000 	C:\WINDOWS\System32\gdi32full.dll
0x00007ffbcf5a0000 - 0x00007ffbcf63d000 	C:\WINDOWS\System32\msvcp_win.dll
0x00007ffbc79b0000 - 0x00007ffbc79c9000 	C:\Users\jeanmartin\.p2\pool\plugins\org.eclipse.justj.openjdk.hotspot.jre.full.win32.x86_64_17.0.2.v20220201-1208\jre\bin\VCRUNTIME140.dll
0x00007ffbc66b0000 - 0x00007ffbc694a000 	C:\WINDOWS\WinSxS\amd64_microsoft.windows.common-controls_6595b64144ccf1df_6.0.19041.1110_none_60b5254171f9507e\COMCTL32.dll
0x00007ffbd0d40000 - 0x00007ffbd0dde000 	C:\WINDOWS\System32\msvcrt.dll
0x00007ffbd13b0000 - 0x00007ffbd13e0000 	C:\WINDOWS\System32\IMM32.DLL
0x00007ffbc6540000 - 0x00007ffbc654c000 	C:\Users\jeanmartin\.p2\pool\plugins\org.eclipse.justj.openjdk.hotspot.jre.full.win32.x86_64_17.0.2.v20220201-1208\jre\bin\vcruntime140_1.dll
0x00007ffba6dc0000 - 0x00007ffba6e51000 	C:\Users\jeanmartin\.p2\pool\plugins\org.eclipse.justj.openjdk.hotspot.jre.full.win32.x86_64_17.0.2.v20220201-1208\jre\bin\msvcp140.dll
0x00007ffb7fd60000 - 0x00007ffb809a7000 	C:\Users\jeanmartin\.p2\pool\plugins\org.eclipse.justj.openjdk.hotspot.jre.full.win32.x86_64_17.0.2.v20220201-1208\jre\bin\server\jvm.dll
0x00007ffbd1630000 - 0x00007ffbd16de000 	C:\WINDOWS\System32\ADVAPI32.dll
0x00007ffbd00e0000 - 0x00007ffbd017c000 	C:\WINDOWS\System32\sechost.dll
0x00007ffbd1af0000 - 0x00007ffbd1c14000 	C:\WINDOWS\System32\RPCRT4.dll
0x00007ffbd1540000 - 0x00007ffbd1548000 	C:\WINDOWS\System32\PSAPI.DLL
0x00007ffbcaf30000 - 0x00007ffbcaf39000 	C:\WINDOWS\SYSTEM32\WSOCK32.dll
0x00007ffbd1440000 - 0x00007ffbd14ab000 	C:\WINDOWS\System32\WS2_32.dll
0x00007ffbc8670000 - 0x00007ffbc8697000 	C:\WINDOWS\SYSTEM32\WINMM.dll
0x00007ffbc5d70000 - 0x00007ffbc5d7a000 	C:\WINDOWS\SYSTEM32\VERSION.dll
0x00007ffbcd460000 - 0x00007ffbcd472000 	C:\WINDOWS\SYSTEM32\kernel.appcore.dll
0x00007ffbc6b20000 - 0x00007ffbc6b2a000 	C:\Users\jeanmartin\.p2\pool\plugins\org.eclipse.justj.openjdk.hotspot.jre.full.win32.x86_64_17.0.2.v20220201-1208\jre\bin\jimage.dll
0x00007ffbc8730000 - 0x00007ffbc8914000 	C:\WINDOWS\SYSTEM32\DBGHELP.DLL
0x00007ffbc78b0000 - 0x00007ffbc78e5000 	C:\WINDOWS\SYSTEM32\dbgcore.DLL
0x00007ffbcfa20000 - 0x00007ffbcfaa2000 	C:\WINDOWS\System32\bcryptPrimitives.dll
0x00007ffbc4ba0000 - 0x00007ffbc4bdb000 	C:\Users\jeanmartin\.p2\pool\plugins\org.eclipse.justj.openjdk.hotspot.jre.full.win32.x86_64_17.0.2.v20220201-1208\jre\bin\jdwp.dll
0x00007ffbc6530000 - 0x00007ffbc653e000 	C:\Users\jeanmartin\.p2\pool\plugins\org.eclipse.justj.openjdk.hotspot.jre.full.win32.x86_64_17.0.2.v20220201-1208\jre\bin\instrument.dll
0x00007ffbc4c20000 - 0x00007ffbc4c45000 	C:\Users\jeanmartin\.p2\pool\plugins\org.eclipse.justj.openjdk.hotspot.jre.full.win32.x86_64_17.0.2.v20220201-1208\jre\bin\java.dll
0x00007ffbc4c00000 - 0x00007ffbc4c18000 	C:\Users\jeanmartin\.p2\pool\plugins\org.eclipse.justj.openjdk.hotspot.jre.full.win32.x86_64_17.0.2.v20220201-1208\jre\bin\zip.dll
0x00007ffbd05f0000 - 0x00007ffbd0d35000 	C:\WINDOWS\System32\SHELL32.dll
0x00007ffbcd660000 - 0x00007ffbcddf2000 	C:\WINDOWS\SYSTEM32\windows.storage.dll
0x00007ffbd0ec0000 - 0x00007ffbd1215000 	C:\WINDOWS\System32\combase.dll
0x00007ffbcf000000 - 0x00007ffbcf030000 	C:\WINDOWS\SYSTEM32\Wldp.dll
0x00007ffbd0de0000 - 0x00007ffbd0e8d000 	C:\WINDOWS\System32\SHCORE.dll
0x00007ffbd0080000 - 0x00007ffbd00d5000 	C:\WINDOWS\System32\shlwapi.dll
0x00007ffbcf4e0000 - 0x00007ffbcf4ff000 	C:\WINDOWS\SYSTEM32\profapi.dll
0x00007ffbc6520000 - 0x00007ffbc652c000 	C:\Users\jeanmartin\.p2\pool\plugins\org.eclipse.justj.openjdk.hotspot.jre.full.win32.x86_64_17.0.2.v20220201-1208\jre\bin\dt_socket.dll
0x00007ffbce9e0000 - 0x00007ffbcea1b000 	C:\WINDOWS\SYSTEM32\IPHLPAPI.DLL
0x00007ffbced10000 - 0x00007ffbced7a000 	C:\WINDOWS\system32\mswsock.dll
0x00007ffbcea20000 - 0x00007ffbceaeb000 	C:\WINDOWS\SYSTEM32\DNSAPI.dll
0x00007ffbd14b0000 - 0x00007ffbd14b8000 	C:\WINDOWS\System32\NSI.dll
0x00007ffbc5770000 - 0x00007ffbc577a000 	C:\Windows\System32\rasadhlp.dll
0x00007ffbc5990000 - 0x00007ffbc5a10000 	C:\WINDOWS\System32\fwpuclnt.dll
0x00007ffbcfe20000 - 0x00007ffbcfe47000 	C:\WINDOWS\System32\bcrypt.dll
0x00007ffbc4be0000 - 0x00007ffbc4bf9000 	C:\Users\jeanmartin\.p2\pool\plugins\org.eclipse.justj.openjdk.hotspot.jre.full.win32.x86_64_17.0.2.v20220201-1208\jre\bin\net.dll
0x00007ffbc5a60000 - 0x00007ffbc5b6a000 	C:\WINDOWS\SYSTEM32\WINHTTP.dll
0x00007ffbc42e0000 - 0x00007ffbc42f5000 	C:\Users\jeanmartin\.p2\pool\plugins\org.eclipse.justj.openjdk.hotspot.jre.full.win32.x86_64_17.0.2.v20220201-1208\jre\bin\nio.dll
0x00007ffbc4880000 - 0x00007ffbc4890000 	C:\Users\jeanmartin\.p2\pool\plugins\org.eclipse.justj.openjdk.hotspot.jre.full.win32.x86_64_17.0.2.v20220201-1208\jre\bin\verify.dll
0x00007ffbcef50000 - 0x00007ffbcef68000 	C:\WINDOWS\SYSTEM32\CRYPTSP.dll
0x00007ffbce5a0000 - 0x00007ffbce5d4000 	C:\WINDOWS\system32\rsaenh.dll
0x00007ffbcf4a0000 - 0x00007ffbcf4ce000 	C:\WINDOWS\SYSTEM32\USERENV.dll
0x00007ffbcef70000 - 0x00007ffbcef7c000 	C:\WINDOWS\SYSTEM32\CRYPTBASE.dll
0x00007ffbc6270000 - 0x00007ffbc6287000 	C:\WINDOWS\SYSTEM32\dhcpcsvc6.DLL
0x00007ffbc6b90000 - 0x00007ffbc6bad000 	C:\WINDOWS\SYSTEM32\dhcpcsvc.DLL
0x00007ffbc4050000 - 0x00007ffbc405e000 	C:\Users\jeanmartin\.p2\pool\plugins\org.eclipse.justj.openjdk.hotspot.jre.full.win32.x86_64_17.0.2.v20220201-1208\jre\bin\sunmscapi.dll
0x00007ffbcfbb0000 - 0x00007ffbcfd06000 	C:\WINDOWS\System32\CRYPT32.dll
0x00007ffbcf070000 - 0x00007ffbcf097000 	C:\WINDOWS\SYSTEM32\ncrypt.dll
0x00007ffbcf030000 - 0x00007ffbcf06b000 	C:\WINDOWS\SYSTEM32\NTASN1.dll

dbghelp: loaded successfully - version: 4.0.5 - missing functions: none
symbol engine: initialized successfully - sym options: 0x614 - pdb path: .;C:\Users\jeanmartin\.p2\pool\plugins\org.eclipse.justj.openjdk.hotspot.jre.full.win32.x86_64_17.0.2.v20220201-1208\jre\bin;C:\WINDOWS\SYSTEM32;C:\WINDOWS\WinSxS\amd64_microsoft.windows.common-controls_6595b64144ccf1df_6.0.19041.1110_none_60b5254171f9507e;C:\Users\jeanmartin\.p2\pool\plugins\org.eclipse.justj.openjdk.hotspot.jre.full.win32.x86_64_17.0.2.v20220201-1208\jre\bin\server

VM Arguments:
jvm_args: -XX:+ShowCodeDetailsInExceptionMessages -agentlib:jdwp=transport=dt_socket,suspend=y,address=localhost:61537 -javaagent:C:\Users\jeanmartin\eclipse\java-2022-03\eclipse\configuration\org.eclipse.osgi\225\0\.cp\lib\javaagent-shaded.jar -Dfile.encoding=Cp1252 
java_command: com.maintain.Maintainance
java_class_path (initial): C:\Users\jeanmartin\eclipse-workspace\Attendance_Maintenance\bin;C:\Users\jeanmartin\eclipse-workspace\Attendance_Maintenance\Driver\mysql-connector-java-8.0.30.jar
Launcher Type: SUN_STANDARD

[Global flags]
     intx CICompilerCount                          = 3                                         {product} {ergonomic}
     uint ConcGCThreads                            = 1                                         {product} {ergonomic}
     uint G1ConcRefinementThreads                  = 4                                         {product} {ergonomic}
   size_t G1HeapRegionSize                         = 2097152                                   {product} {ergonomic}
    uintx GCDrainStackTargetSize                   = 64                                        {product} {ergonomic}
   size_t InitialHeapSize                          = 268435456                                 {product} {ergonomic}
   size_t MarkStackSize                            = 4194304                                   {product} {ergonomic}
   size_t MaxHeapSize                              = 4267704320                                {product} {ergonomic}
   size_t MaxNewSize                               = 2560622592                                {product} {ergonomic}
   size_t MinHeapDeltaBytes                        = 2097152                                   {product} {ergonomic}
   size_t MinHeapSize                              = 8388608                                   {product} {ergonomic}
    uintx NonNMethodCodeHeapSize                   = 5832780                                {pd product} {ergonomic}
    uintx NonProfiledCodeHeapSize                  = 122912730                              {pd product} {ergonomic}
    uintx ProfiledCodeHeapSize                     = 122912730                              {pd product} {ergonomic}
    uintx ReservedCodeCacheSize                    = 251658240                              {pd product} {ergonomic}
     bool SegmentedCodeCache                       = true                                      {product} {ergonomic}
     bool ShowCodeDetailsInExceptionMessages       = true                                   {manageable} {command line}
   size_t SoftMaxHeapSize                          = 4267704320                             {manageable} {ergonomic}
     bool UseCompressedClassPointers               = true                           {product lp64_product} {ergonomic}
     bool UseCompressedOops                        = true                           {product lp64_product} {ergonomic}
     bool UseG1GC                                  = true                                      {product} {ergonomic}
     bool UseLargePagesIndividualAllocation        = false                                  {pd product} {ergonomic}

Logging:
Log output configuration:
 #0: stdout all=warning uptime,level,tags
 #1: stderr all=off uptime,level,tags

Environment Variables:
JAVA_HOME=C:\Program Files\Java\jdk-11
PATH=C:\Users\jeanmartin\.p2\pool\plugins\org.eclipse.justj.openjdk.hotspot.jre.full.win32.x86_64_17.0.2.v20220201-1208\jre\bin;C:/Users/jeanmartin/.p2/pool/plugins/org.eclipse.justj.openjdk.hotspot.jre.full.win32.x86_64_17.0.2.v20220201-1208/jre/bin/server;C:/Users/jeanmartin/.p2/pool/plugins/org.eclipse.justj.openjdk.hotspot.jre.full.win32.x86_64_17.0.2.v20220201-1208/jre/bin;C:\Python311\Scripts\;C:\Python311\;C:\Program Files\Common Files\Oracle\Java\javapath;C:\WINDOWS\System32\WindowsPowerShell\v1.0\;C:\Program Files (x86)\Common Files\Oracle\Java\javapath;C:\WINDOWS\system32;C:\WINDOWS;C:\WINDOWS\System32\Wbem;C:\WINDOWS\System32\OpenSSH\;C:\Program Files\Java\jdk-11\bin;C:\ProgramData\chocolatey\bin;D:\Prakash\;C:\Program Files\Git\cmd;C:\Program Files\MySQL\MySQL Shell 8.0\bin\;C:\Users\jeanmartin\AppData\Local\Microsoft\WindowsApps;C:\Users\jeanmartin\AppData\Local\Programs\Microsoft VS Code\bin;C:\Users\jeanmartin\AppData\Roaming\npm;C:\WINDOWS\system32;
USERNAME=jeanmartin
OS=Windows_NT
PROCESSOR_IDENTIFIER=Intel64 Family 6 Model 69 Stepping 1, GenuineIntel



---------------  S Y S T E M  ---------------

OS:
 Windows 10 , 64 bit Build 19041 (10.0.19041.2546)
OS uptime: 10 days 8:09 hours

CPU: total 4 (initial active 4) (2 cores per cpu, 2 threads per core) family 6 model 69 stepping 1 microcode 0x25, cx8, cmov, fxsr, ht, mmx, sse, sse2, sse3, ssse3, sse4.1, sse4.2, popcnt, lzcnt, tsc, tscinvbit, avx, avx2, aes, erms, clmul, bmi1, bmi2, fma, vzeroupper, clflush

Memory: 4k page, system-wide physical 16272M (7044M free)
TotalPageFile size 19712M (AvailPageFile size 3367M)
current process WorkingSet (physical memory assigned to process): 97M, peak: 144M
current process commit charge ("private bytes"): 354M, peak: 410M

vm_info: OpenJDK 64-Bit Server VM (17.0.2+8) for windows-amd64 JRE (17.0.2+8), built on Jan 20 2022 04:52:34 by "" with MS VC++ 16.7 (VS2019)

END.
