#
# A fatal error has been detected by the Java Runtime Environment:
#
#  Internal Error (generateOopMap.cpp:2159), pid=19956, tid=20024
#  fatal error: Illegal class file encountered. Try running with -Xverify:all in method dailySheet
#
# JRE version: OpenJDK Runtime Environment Temurin-17.0.2+8 (17.0.2+8) (build 17.0.2+8)
# Java VM: OpenJDK 64-Bit Server VM Temurin-17.0.2+8 (17.0.2+8, mixed mode, tiered, compressed oops, compressed class ptrs, g1 gc, windows-amd64)
# No core dump will be written. Minidumps are not enabled by default on client versions of Windows
#
# If you would like to submit a bug report, please visit:
#   https://github.com/adoptium/adoptium-support/issues
#

---------------  S U M M A R Y ------------

Command Line: -XX:+ShowCodeDetailsInExceptionMessages -agentlib:jdwp=transport=dt_socket,suspend=y,address=localhost:54511 -javaagent:C:\Users\jeanmartin\eclipse\java-2022-03\eclipse\configuration\org.eclipse.osgi\225\0\.cp\lib\javaagent-shaded.jar -Dfile.encoding=Cp1252 com.maintain.Maintainance

Host: Intel(R) Core(TM) i7-4500U CPU @ 1.80GHz, 4 cores, 15G,  Windows 10 , 64 bit Build 19041 (10.0.19041.2546)
Time: Fri Mar 24 17:25:08 2023 India Standard Time elapsed time: 241.639307 seconds (0d 0h 4m 1s)

---------------  T H R E A D  ---------------

Current thread (0x0000011ff0414610):  VMThread "VM Thread" [stack: 0x0000000164b00000,0x0000000164c00000] [id=20024]

Stack: [0x0000000164b00000,0x0000000164c00000]
Native frames: (J=compiled Java code, j=interpreted, Vv=VM code, C=native code)
V  [jvm.dll+0x67564a]
V  [jvm.dll+0x82fc04]
V  [jvm.dll+0x8313ae]
V  [jvm.dll+0x244f5f]
V  [jvm.dll+0x339704]
V  [jvm.dll+0x336d7a]
V  [jvm.dll+0x33814e]
V  [jvm.dll+0x33579f]
V  [jvm.dll+0x334a57]
V  [jvm.dll+0x663d2a]
V  [jvm.dll+0x663a43]
V  [jvm.dll+0x628398]
V  [jvm.dll+0x826eb5]
V  [jvm.dll+0x525c76]
V  [jvm.dll+0x835ebb]
V  [jvm.dll+0x836bf4]
V  [jvm.dll+0x83710c]
V  [jvm.dll+0x8374e4]
V  [jvm.dll+0x8375b0]
V  [jvm.dll+0x7dff2a]
V  [jvm.dll+0x6744d5]
C  [ucrtbase.dll+0x21bb2]
C  [KERNEL32.DLL+0x17614]
C  [ntdll.dll+0x526a1]

VM_Operation (0x00000001656ff5f0): get/set locals, mode: safepoint, requested by thread 0x0000011ff06f1720


---------------  P R O C E S S  ---------------

Threads class SMR info:
_java_thread_list=0x0000011ff3a26ac0, length=16, elements={
0x0000011fd16df660, 0x0000011ff042b020, 0x0000011ff042be90, 0x0000011fefa10400,
0x0000011fefa131d0, 0x0000011fefa14320, 0x0000011fefa19110, 0x0000011ff046c030,
0x0000011ff046d940, 0x0000011ff047a640, 0x0000011ff05eb6e0, 0x0000011ff06f1720,
0x0000011ff078d600, 0x0000011ff078e100, 0x0000011ff0bad180, 0x0000011ff0cbd2c0
}

Java Threads: ( => current thread )
  0x0000011fd16df660 JavaThread "main" [_thread_blocked, id=20000, stack(0x0000000164500000,0x0000000164600000)]
  0x0000011ff042b020 JavaThread "Reference Handler" daemon [_thread_blocked, id=20028, stack(0x0000000164c00000,0x0000000164d00000)]
  0x0000011ff042be90 JavaThread "Finalizer" daemon [_thread_blocked, id=20032, stack(0x0000000164d00000,0x0000000164e00000)]
  0x0000011fefa10400 JavaThread "Signal Dispatcher" daemon [_thread_blocked, id=20036, stack(0x0000000164e00000,0x0000000164f00000)]
  0x0000011fefa131d0 JavaThread "Attach Listener" daemon [_thread_blocked, id=20040, stack(0x0000000164f00000,0x0000000165000000)]
  0x0000011fefa14320 JavaThread "Service Thread" daemon [_thread_blocked, id=20044, stack(0x0000000165000000,0x0000000165100000)]
  0x0000011fefa19110 JavaThread "Monitor Deflation Thread" daemon [_thread_blocked, id=20048, stack(0x0000000165100000,0x0000000165200000)]
  0x0000011ff046c030 JavaThread "C2 CompilerThread0" daemon [_thread_blocked, id=20052, stack(0x0000000165200000,0x0000000165300000)]
  0x0000011ff046d940 JavaThread "C1 CompilerThread0" daemon [_thread_blocked, id=20056, stack(0x0000000165300000,0x0000000165400000)]
  0x0000011ff047a640 JavaThread "Sweeper thread" daemon [_thread_blocked, id=20060, stack(0x0000000165400000,0x0000000165500000)]
  0x0000011ff05eb6e0 JavaThread "Common-Cleaner" daemon [_thread_blocked, id=20064, stack(0x0000000165500000,0x0000000165600000)]
  0x0000011ff06f1720 JavaThread "JDWP Transport Listener: dt_socket" daemon [_thread_blocked, id=20072, stack(0x0000000165600000,0x0000000165700000)]
  0x0000011ff078d600 JavaThread "JDWP Event Helper Thread" daemon [_thread_blocked, id=20084, stack(0x0000000165700000,0x0000000165800000)]
  0x0000011ff078e100 JavaThread "JDWP Command Reader" daemon [_thread_in_native, id=20088, stack(0x0000000165800000,0x0000000165900000)]
  0x0000011ff0bad180 JavaThread "Notification Thread" daemon [_thread_blocked, id=20112, stack(0x0000000165900000,0x0000000165a00000)]
  0x0000011ff0cbd2c0 JavaThread "mysql-cj-abandoned-connection-cleanup" daemon [_thread_blocked, id=20120, stack(0x0000000165b00000,0x0000000165c00000)]

Other Threads:
=>0x0000011ff0414610 VMThread "VM Thread" [stack: 0x0000000164b00000,0x0000000164c00000] [id=20024]
  0x0000011fd16e0610 WatcherThread [stack: 0x0000000165a00000,0x0000000165b00000] [id=20116]
  0x0000011fd172e370 GCTaskThread "GC Thread#0" [stack: 0x0000000164600000,0x0000000164700000] [id=20004]
  0x0000011ff0eab560 GCTaskThread "GC Thread#1" [stack: 0x0000000165d00000,0x0000000165e00000] [id=20128]
  0x0000011ff0eab810 GCTaskThread "GC Thread#2" [stack: 0x0000000165e00000,0x0000000165f00000] [id=20132]
  0x0000011ff0eabac0 GCTaskThread "GC Thread#3" [stack: 0x0000000165f00000,0x0000000166000000] [id=20136]
  0x0000011fd173f8a0 ConcurrentGCThread "G1 Main Marker" [stack: 0x0000000164700000,0x0000000164800000] [id=20008]
  0x0000011fd17412c0 ConcurrentGCThread "G1 Conc#0" [stack: 0x0000000164800000,0x0000000164900000] [id=20012]
  0x0000011fd17bdc40 ConcurrentGCThread "G1 Refine#0" [stack: 0x0000000164900000,0x0000000164a00000] [id=20016]
  0x0000011fd17be660 ConcurrentGCThread "G1 Service" [stack: 0x0000000164a00000,0x0000000164b00000] [id=20020]

Threads with active compile tasks:

VM state: at safepoint (normal execution)

VM Mutex/Monitor currently owned by a thread:  ([mutex/lock_event])
[0x0000011fd16dab90] Threads_lock - owner thread: 0x0000011ff0414610

Heap address: 0x0000000701a00000, size: 4070 MB, Compressed Oops mode: Zero based, Oop shift amount: 3

CDS archive(s) not mapped
Compressed class space mapped at: 0x0000000800000000-0x0000000840000000, reserved size: 1073741824
Narrow klass base: 0x0000000800000000, Narrow klass shift: 0, Narrow klass range: 0x40000000

GC Precious Log:
 CPUs: 4 total, 4 available
 Memory: 16272M
 Large Page Support: Disabled
 NUMA Support: Disabled
 Compressed Oops: Enabled (Zero based)
 Heap Region Size: 2M
 Heap Min Capacity: 8M
 Heap Initial Capacity: 256M
 Heap Max Capacity: 4070M
 Pre-touch: Disabled
 Parallel Workers: 4
 Concurrent Workers: 1
 Concurrent Refinement Workers: 4
 Periodic GC: Disabled

Heap:
 garbage-first heap   total 262144K, used 29097K [0x0000000701a00000, 0x0000000800000000)
  region size 2048K, 16 young (32768K), 1 survivors (2048K)
 Metaspace       used 20547K, committed 20736K, reserved 1073152K
  class space    used 1986K, committed 2048K, reserved 1048576K

Heap Regions: E=young(eden), S=young(survivor), O=old, HS=humongous(starts), HC=humongous(continues), CS=collection set, F=free, OA=open archive, CA=closed archive, TAMS=top-at-mark-start (previous, next)
|   0|0x0000000701a00000, 0x0000000701bf5e00, 0x0000000701c00000| 98%| O|  |TAMS 0x0000000701a00000, 0x0000000701a00000| Untracked 
|   1|0x0000000701c00000, 0x0000000701c00000, 0x0000000701e00000|  0%| F|  |TAMS 0x0000000701c00000, 0x0000000701c00000| Untracked 
|   2|0x0000000701e00000, 0x0000000701e00000, 0x0000000702000000|  0%| F|  |TAMS 0x0000000701e00000, 0x0000000701e00000| Untracked 
|   3|0x0000000702000000, 0x0000000702000000, 0x0000000702200000|  0%| F|  |TAMS 0x0000000702000000, 0x0000000702000000| Untracked 
|   4|0x0000000702200000, 0x0000000702200000, 0x0000000702400000|  0%| F|  |TAMS 0x0000000702200000, 0x0000000702200000| Untracked 
|   5|0x0000000702400000, 0x0000000702400000, 0x0000000702600000|  0%| F|  |TAMS 0x0000000702400000, 0x0000000702400000| Untracked 
|   6|0x0000000702600000, 0x0000000702600000, 0x0000000702800000|  0%| F|  |TAMS 0x0000000702600000, 0x0000000702600000| Untracked 
|   7|0x0000000702800000, 0x0000000702800000, 0x0000000702a00000|  0%| F|  |TAMS 0x0000000702800000, 0x0000000702800000| Untracked 
|   8|0x0000000702a00000, 0x0000000702a00000, 0x0000000702c00000|  0%| F|  |TAMS 0x0000000702a00000, 0x0000000702a00000| Untracked 
|   9|0x0000000702c00000, 0x0000000702c00000, 0x0000000702e00000|  0%| F|  |TAMS 0x0000000702c00000, 0x0000000702c00000| Untracked 
|  10|0x0000000702e00000, 0x0000000702e00000, 0x0000000703000000|  0%| F|  |TAMS 0x0000000702e00000, 0x0000000702e00000| Untracked 
|  11|0x0000000703000000, 0x0000000703000000, 0x0000000703200000|  0%| F|  |TAMS 0x0000000703000000, 0x0000000703000000| Untracked 
|  12|0x0000000703200000, 0x0000000703200000, 0x0000000703400000|  0%| F|  |TAMS 0x0000000703200000, 0x0000000703200000| Untracked 
|  13|0x0000000703400000, 0x0000000703400000, 0x0000000703600000|  0%| F|  |TAMS 0x0000000703400000, 0x0000000703400000| Untracked 
|  14|0x0000000703600000, 0x0000000703600000, 0x0000000703800000|  0%| F|  |TAMS 0x0000000703600000, 0x0000000703600000| Untracked 
|  15|0x0000000703800000, 0x0000000703800000, 0x0000000703a00000|  0%| F|  |TAMS 0x0000000703800000, 0x0000000703800000| Untracked 
|  16|0x0000000703a00000, 0x0000000703a00000, 0x0000000703c00000|  0%| F|  |TAMS 0x0000000703a00000, 0x0000000703a00000| Untracked 
|  17|0x0000000703c00000, 0x0000000703c00000, 0x0000000703e00000|  0%| F|  |TAMS 0x0000000703c00000, 0x0000000703c00000| Untracked 
|  18|0x0000000703e00000, 0x0000000703e00000, 0x0000000704000000|  0%| F|  |TAMS 0x0000000703e00000, 0x0000000703e00000| Untracked 
|  19|0x0000000704000000, 0x0000000704000000, 0x0000000704200000|  0%| F|  |TAMS 0x0000000704000000, 0x0000000704000000| Untracked 
|  20|0x0000000704200000, 0x0000000704200000, 0x0000000704400000|  0%| F|  |TAMS 0x0000000704200000, 0x0000000704200000| Untracked 
|  21|0x0000000704400000, 0x0000000704400000, 0x0000000704600000|  0%| F|  |TAMS 0x0000000704400000, 0x0000000704400000| Untracked 
|  22|0x0000000704600000, 0x0000000704600000, 0x0000000704800000|  0%| F|  |TAMS 0x0000000704600000, 0x0000000704600000| Untracked 
|  23|0x0000000704800000, 0x0000000704800000, 0x0000000704a00000|  0%| F|  |TAMS 0x0000000704800000, 0x0000000704800000| Untracked 
|  24|0x0000000704a00000, 0x0000000704a00000, 0x0000000704c00000|  0%| F|  |TAMS 0x0000000704a00000, 0x0000000704a00000| Untracked 
|  25|0x0000000704c00000, 0x0000000704c00000, 0x0000000704e00000|  0%| F|  |TAMS 0x0000000704c00000, 0x0000000704c00000| Untracked 
|  26|0x0000000704e00000, 0x0000000704e00000, 0x0000000705000000|  0%| F|  |TAMS 0x0000000704e00000, 0x0000000704e00000| Untracked 
|  27|0x0000000705000000, 0x0000000705000000, 0x0000000705200000|  0%| F|  |TAMS 0x0000000705000000, 0x0000000705000000| Untracked 
|  28|0x0000000705200000, 0x0000000705200000, 0x0000000705400000|  0%| F|  |TAMS 0x0000000705200000, 0x0000000705200000| Untracked 
|  29|0x0000000705400000, 0x0000000705400000, 0x0000000705600000|  0%| F|  |TAMS 0x0000000705400000, 0x0000000705400000| Untracked 
|  30|0x0000000705600000, 0x0000000705600000, 0x0000000705800000|  0%| F|  |TAMS 0x0000000705600000, 0x0000000705600000| Untracked 
|  31|0x0000000705800000, 0x0000000705800000, 0x0000000705a00000|  0%| F|  |TAMS 0x0000000705800000, 0x0000000705800000| Untracked 
|  32|0x0000000705a00000, 0x0000000705a00000, 0x0000000705c00000|  0%| F|  |TAMS 0x0000000705a00000, 0x0000000705a00000| Untracked 
|  33|0x0000000705c00000, 0x0000000705c00000, 0x0000000705e00000|  0%| F|  |TAMS 0x0000000705c00000, 0x0000000705c00000| Untracked 
|  34|0x0000000705e00000, 0x0000000705e00000, 0x0000000706000000|  0%| F|  |TAMS 0x0000000705e00000, 0x0000000705e00000| Untracked 
|  35|0x0000000706000000, 0x0000000706000000, 0x0000000706200000|  0%| F|  |TAMS 0x0000000706000000, 0x0000000706000000| Untracked 
|  36|0x0000000706200000, 0x0000000706200000, 0x0000000706400000|  0%| F|  |TAMS 0x0000000706200000, 0x0000000706200000| Untracked 
|  37|0x0000000706400000, 0x0000000706400000, 0x0000000706600000|  0%| F|  |TAMS 0x0000000706400000, 0x0000000706400000| Untracked 
|  38|0x0000000706600000, 0x0000000706600000, 0x0000000706800000|  0%| F|  |TAMS 0x0000000706600000, 0x0000000706600000| Untracked 
|  39|0x0000000706800000, 0x0000000706800000, 0x0000000706a00000|  0%| F|  |TAMS 0x0000000706800000, 0x0000000706800000| Untracked 
|  40|0x0000000706a00000, 0x0000000706a00000, 0x0000000706c00000|  0%| F|  |TAMS 0x0000000706a00000, 0x0000000706a00000| Untracked 
|  41|0x0000000706c00000, 0x0000000706c00000, 0x0000000706e00000|  0%| F|  |TAMS 0x0000000706c00000, 0x0000000706c00000| Untracked 
|  42|0x0000000706e00000, 0x0000000706e00000, 0x0000000707000000|  0%| F|  |TAMS 0x0000000706e00000, 0x0000000706e00000| Untracked 
|  43|0x0000000707000000, 0x0000000707000000, 0x0000000707200000|  0%| F|  |TAMS 0x0000000707000000, 0x0000000707000000| Untracked 
|  44|0x0000000707200000, 0x0000000707200000, 0x0000000707400000|  0%| F|  |TAMS 0x0000000707200000, 0x0000000707200000| Untracked 
|  45|0x0000000707400000, 0x0000000707400000, 0x0000000707600000|  0%| F|  |TAMS 0x0000000707400000, 0x0000000707400000| Untracked 
|  46|0x0000000707600000, 0x0000000707600000, 0x0000000707800000|  0%| F|  |TAMS 0x0000000707600000, 0x0000000707600000| Untracked 
|  47|0x0000000707800000, 0x0000000707800000, 0x0000000707a00000|  0%| F|  |TAMS 0x0000000707800000, 0x0000000707800000| Untracked 
|  48|0x0000000707a00000, 0x0000000707a00000, 0x0000000707c00000|  0%| F|  |TAMS 0x0000000707a00000, 0x0000000707a00000| Untracked 
|  49|0x0000000707c00000, 0x0000000707c00000, 0x0000000707e00000|  0%| F|  |TAMS 0x0000000707c00000, 0x0000000707c00000| Untracked 
|  50|0x0000000707e00000, 0x0000000707e00000, 0x0000000708000000|  0%| F|  |TAMS 0x0000000707e00000, 0x0000000707e00000| Untracked 
|  51|0x0000000708000000, 0x0000000708000000, 0x0000000708200000|  0%| F|  |TAMS 0x0000000708000000, 0x0000000708000000| Untracked 
|  52|0x0000000708200000, 0x0000000708200000, 0x0000000708400000|  0%| F|  |TAMS 0x0000000708200000, 0x0000000708200000| Untracked 
|  53|0x0000000708400000, 0x0000000708400000, 0x0000000708600000|  0%| F|  |TAMS 0x0000000708400000, 0x0000000708400000| Untracked 
|  54|0x0000000708600000, 0x0000000708600000, 0x0000000708800000|  0%| F|  |TAMS 0x0000000708600000, 0x0000000708600000| Untracked 
|  55|0x0000000708800000, 0x0000000708800000, 0x0000000708a00000|  0%| F|  |TAMS 0x0000000708800000, 0x0000000708800000| Untracked 
|  56|0x0000000708a00000, 0x0000000708a00000, 0x0000000708c00000|  0%| F|  |TAMS 0x0000000708a00000, 0x0000000708a00000| Untracked 
|  57|0x0000000708c00000, 0x0000000708c00000, 0x0000000708e00000|  0%| F|  |TAMS 0x0000000708c00000, 0x0000000708c00000| Untracked 
|  58|0x0000000708e00000, 0x0000000708e00000, 0x0000000709000000|  0%| F|  |TAMS 0x0000000708e00000, 0x0000000708e00000| Untracked 
|  59|0x0000000709000000, 0x0000000709000000, 0x0000000709200000|  0%| F|  |TAMS 0x0000000709000000, 0x0000000709000000| Untracked 
|  60|0x0000000709200000, 0x0000000709200000, 0x0000000709400000|  0%| F|  |TAMS 0x0000000709200000, 0x0000000709200000| Untracked 
|  61|0x0000000709400000, 0x0000000709400000, 0x0000000709600000|  0%| F|  |TAMS 0x0000000709400000, 0x0000000709400000| Untracked 
|  62|0x0000000709600000, 0x0000000709600000, 0x0000000709800000|  0%| F|  |TAMS 0x0000000709600000, 0x0000000709600000| Untracked 
|  63|0x0000000709800000, 0x0000000709800000, 0x0000000709a00000|  0%| F|  |TAMS 0x0000000709800000, 0x0000000709800000| Untracked 
|  64|0x0000000709a00000, 0x0000000709a00000, 0x0000000709c00000|  0%| F|  |TAMS 0x0000000709a00000, 0x0000000709a00000| Untracked 
|  65|0x0000000709c00000, 0x0000000709c00000, 0x0000000709e00000|  0%| F|  |TAMS 0x0000000709c00000, 0x0000000709c00000| Untracked 
|  66|0x0000000709e00000, 0x0000000709e00000, 0x000000070a000000|  0%| F|  |TAMS 0x0000000709e00000, 0x0000000709e00000| Untracked 
|  67|0x000000070a000000, 0x000000070a000000, 0x000000070a200000|  0%| F|  |TAMS 0x000000070a000000, 0x000000070a000000| Untracked 
|  68|0x000000070a200000, 0x000000070a200000, 0x000000070a400000|  0%| F|  |TAMS 0x000000070a200000, 0x000000070a200000| Untracked 
|  69|0x000000070a400000, 0x000000070a400000, 0x000000070a600000|  0%| F|  |TAMS 0x000000070a400000, 0x000000070a400000| Untracked 
|  70|0x000000070a600000, 0x000000070a600000, 0x000000070a800000|  0%| F|  |TAMS 0x000000070a600000, 0x000000070a600000| Untracked 
|  71|0x000000070a800000, 0x000000070a800000, 0x000000070aa00000|  0%| F|  |TAMS 0x000000070a800000, 0x000000070a800000| Untracked 
|  72|0x000000070aa00000, 0x000000070aa00000, 0x000000070ac00000|  0%| F|  |TAMS 0x000000070aa00000, 0x000000070aa00000| Untracked 
|  73|0x000000070ac00000, 0x000000070ac00000, 0x000000070ae00000|  0%| F|  |TAMS 0x000000070ac00000, 0x000000070ac00000| Untracked 
|  74|0x000000070ae00000, 0x000000070ae00000, 0x000000070b000000|  0%| F|  |TAMS 0x000000070ae00000, 0x000000070ae00000| Untracked 
|  75|0x000000070b000000, 0x000000070b000000, 0x000000070b200000|  0%| F|  |TAMS 0x000000070b000000, 0x000000070b000000| Untracked 
|  76|0x000000070b200000, 0x000000070b200000, 0x000000070b400000|  0%| F|  |TAMS 0x000000070b200000, 0x000000070b200000| Untracked 
|  77|0x000000070b400000, 0x000000070b400000, 0x000000070b600000|  0%| F|  |TAMS 0x000000070b400000, 0x000000070b400000| Untracked 
|  78|0x000000070b600000, 0x000000070b600000, 0x000000070b800000|  0%| F|  |TAMS 0x000000070b600000, 0x000000070b600000| Untracked 
|  79|0x000000070b800000, 0x000000070b800000, 0x000000070ba00000|  0%| F|  |TAMS 0x000000070b800000, 0x000000070b800000| Untracked 
|  80|0x000000070ba00000, 0x000000070ba00000, 0x000000070bc00000|  0%| F|  |TAMS 0x000000070ba00000, 0x000000070ba00000| Untracked 
|  81|0x000000070bc00000, 0x000000070bc00000, 0x000000070be00000|  0%| F|  |TAMS 0x000000070bc00000, 0x000000070bc00000| Untracked 
|  82|0x000000070be00000, 0x000000070be00000, 0x000000070c000000|  0%| F|  |TAMS 0x000000070be00000, 0x000000070be00000| Untracked 
|  83|0x000000070c000000, 0x000000070c000000, 0x000000070c200000|  0%| F|  |TAMS 0x000000070c000000, 0x000000070c000000| Untracked 
|  84|0x000000070c200000, 0x000000070c200000, 0x000000070c400000|  0%| F|  |TAMS 0x000000070c200000, 0x000000070c200000| Untracked 
|  85|0x000000070c400000, 0x000000070c400000, 0x000000070c600000|  0%| F|  |TAMS 0x000000070c400000, 0x000000070c400000| Untracked 
|  86|0x000000070c600000, 0x000000070c600000, 0x000000070c800000|  0%| F|  |TAMS 0x000000070c600000, 0x000000070c600000| Untracked 
|  87|0x000000070c800000, 0x000000070c800000, 0x000000070ca00000|  0%| F|  |TAMS 0x000000070c800000, 0x000000070c800000| Untracked 
|  88|0x000000070ca00000, 0x000000070ca00000, 0x000000070cc00000|  0%| F|  |TAMS 0x000000070ca00000, 0x000000070ca00000| Untracked 
|  89|0x000000070cc00000, 0x000000070cc00000, 0x000000070ce00000|  0%| F|  |TAMS 0x000000070cc00000, 0x000000070cc00000| Untracked 
|  90|0x000000070ce00000, 0x000000070ce00000, 0x000000070d000000|  0%| F|  |TAMS 0x000000070ce00000, 0x000000070ce00000| Untracked 
|  91|0x000000070d000000, 0x000000070d000000, 0x000000070d200000|  0%| F|  |TAMS 0x000000070d000000, 0x000000070d000000| Untracked 
|  92|0x000000070d200000, 0x000000070d200000, 0x000000070d400000|  0%| F|  |TAMS 0x000000070d200000, 0x000000070d200000| Untracked 
|  93|0x000000070d400000, 0x000000070d400000, 0x000000070d600000|  0%| F|  |TAMS 0x000000070d400000, 0x000000070d400000| Untracked 
|  94|0x000000070d600000, 0x000000070d600000, 0x000000070d800000|  0%| F|  |TAMS 0x000000070d600000, 0x000000070d600000| Untracked 
|  95|0x000000070d800000, 0x000000070d800000, 0x000000070da00000|  0%| F|  |TAMS 0x000000070d800000, 0x000000070d800000| Untracked 
|  96|0x000000070da00000, 0x000000070da00000, 0x000000070dc00000|  0%| F|  |TAMS 0x000000070da00000, 0x000000070da00000| Untracked 
|  97|0x000000070dc00000, 0x000000070dc00000, 0x000000070de00000|  0%| F|  |TAMS 0x000000070dc00000, 0x000000070dc00000| Untracked 
|  98|0x000000070de00000, 0x000000070de00000, 0x000000070e000000|  0%| F|  |TAMS 0x000000070de00000, 0x000000070de00000| Untracked 
|  99|0x000000070e000000, 0x000000070e000000, 0x000000070e200000|  0%| F|  |TAMS 0x000000070e000000, 0x000000070e000000| Untracked 
| 100|0x000000070e200000, 0x000000070e200000, 0x000000070e400000|  0%| F|  |TAMS 0x000000070e200000, 0x000000070e200000| Untracked 
| 101|0x000000070e400000, 0x000000070e400000, 0x000000070e600000|  0%| F|  |TAMS 0x000000070e400000, 0x000000070e400000| Untracked 
| 102|0x000000070e600000, 0x000000070e600000, 0x000000070e800000|  0%| F|  |TAMS 0x000000070e600000, 0x000000070e600000| Untracked 
| 103|0x000000070e800000, 0x000000070e800000, 0x000000070ea00000|  0%| F|  |TAMS 0x000000070e800000, 0x000000070e800000| Untracked 
| 104|0x000000070ea00000, 0x000000070ea00000, 0x000000070ec00000|  0%| F|  |TAMS 0x000000070ea00000, 0x000000070ea00000| Untracked 
| 105|0x000000070ec00000, 0x000000070ec00000, 0x000000070ee00000|  0%| F|  |TAMS 0x000000070ec00000, 0x000000070ec00000| Untracked 
| 106|0x000000070ee00000, 0x000000070ee00000, 0x000000070f000000|  0%| F|  |TAMS 0x000000070ee00000, 0x000000070ee00000| Untracked 
| 107|0x000000070f000000, 0x000000070f000000, 0x000000070f200000|  0%| F|  |TAMS 0x000000070f000000, 0x000000070f000000| Untracked 
| 108|0x000000070f200000, 0x000000070f200000, 0x000000070f400000|  0%| F|  |TAMS 0x000000070f200000, 0x000000070f200000| Untracked 
| 109|0x000000070f400000, 0x000000070f400000, 0x000000070f600000|  0%| F|  |TAMS 0x000000070f400000, 0x000000070f400000| Untracked 
| 110|0x000000070f600000, 0x000000070f600000, 0x000000070f800000|  0%| F|  |TAMS 0x000000070f600000, 0x000000070f600000| Untracked 
| 111|0x000000070f800000, 0x000000070f800000, 0x000000070fa00000|  0%| F|  |TAMS 0x000000070f800000, 0x000000070f800000| Untracked 
| 112|0x000000070fa00000, 0x000000070fc00000, 0x000000070fc00000|100%| E|  |TAMS 0x000000070fa00000, 0x000000070fa00000| Complete 
| 113|0x000000070fc00000, 0x000000070fe00000, 0x000000070fe00000|100%| E|CS|TAMS 0x000000070fc00000, 0x000000070fc00000| Complete 
| 114|0x000000070fe00000, 0x0000000710000000, 0x0000000710000000|100%| E|CS|TAMS 0x000000070fe00000, 0x000000070fe00000| Complete 
| 115|0x0000000710000000, 0x0000000710200000, 0x0000000710200000|100%| E|CS|TAMS 0x0000000710000000, 0x0000000710000000| Complete 
| 116|0x0000000710200000, 0x0000000710400000, 0x0000000710400000|100%| E|CS|TAMS 0x0000000710200000, 0x0000000710200000| Complete 
| 117|0x0000000710400000, 0x0000000710600000, 0x0000000710600000|100%| E|CS|TAMS 0x0000000710400000, 0x0000000710400000| Complete 
| 118|0x0000000710600000, 0x0000000710800000, 0x0000000710800000|100%| E|CS|TAMS 0x0000000710600000, 0x0000000710600000| Complete 
| 119|0x0000000710800000, 0x0000000710874640, 0x0000000710a00000| 22%| S|CS|TAMS 0x0000000710800000, 0x0000000710800000| Complete 
| 120|0x0000000710a00000, 0x0000000710c00000, 0x0000000710c00000|100%| E|CS|TAMS 0x0000000710a00000, 0x0000000710a00000| Complete 
| 121|0x0000000710c00000, 0x0000000710e00000, 0x0000000710e00000|100%| E|CS|TAMS 0x0000000710c00000, 0x0000000710c00000| Complete 
| 122|0x0000000710e00000, 0x0000000711000000, 0x0000000711000000|100%| E|CS|TAMS 0x0000000710e00000, 0x0000000710e00000| Complete 
| 123|0x0000000711000000, 0x0000000711200000, 0x0000000711200000|100%| E|CS|TAMS 0x0000000711000000, 0x0000000711000000| Complete 
| 124|0x0000000711200000, 0x0000000711400000, 0x0000000711400000|100%| E|CS|TAMS 0x0000000711200000, 0x0000000711200000| Complete 
| 125|0x0000000711400000, 0x0000000711600000, 0x0000000711600000|100%| E|CS|TAMS 0x0000000711400000, 0x0000000711400000| Complete 
| 126|0x0000000711600000, 0x0000000711800000, 0x0000000711800000|100%| E|CS|TAMS 0x0000000711600000, 0x0000000711600000| Complete 
| 127|0x0000000711800000, 0x0000000711a00000, 0x0000000711a00000|100%| E|  |TAMS 0x0000000711800000, 0x0000000711800000| Complete 

Card table byte_map: [0x0000011fe45a0000,0x0000011fe4da0000] _byte_map_base: 0x0000011fe0d93000

Marking Bits (Prev, Next): (CMBitMap*) 0x0000011fd172e980, (CMBitMap*) 0x0000011fd172e9c0
 Prev Bits: [0x0000011fe55a0000, 0x0000011fe9538000)
 Next Bits: [0x0000011fe9540000, 0x0000011fed4d8000)

Polling page: 0x0000011fcf580000

Metaspace:

Usage:
  Non-class:     18.13 MB used.
      Class:      1.94 MB used.
       Both:     20.07 MB used.

Virtual space:
  Non-class space:       24.00 MB reserved,      18.25 MB ( 76%) committed,  3 nodes.
      Class space:        1.00 GB reserved,       2.00 MB ( <1%) committed,  1 nodes.
             Both:        1.02 GB reserved,      20.25 MB (  2%) committed. 

Chunk freelists:
   Non-Class:  944.00 KB
       Class:  2.00 MB
        Both:  2.92 MB

MaxMetaspaceSize: unlimited
CompressedClassSpaceSize: 1.00 GB
Initial GC threshold: 21.00 MB
Current GC threshold: 21.00 MB
CDS: off
MetaspaceReclaimPolicy: balanced
 - commit_granule_bytes: 65536.
 - commit_granule_words: 8192.
 - virtual_space_node_default_size: 1048576.
 - enlarge_chunks_in_place: 1.
 - new_chunks_are_fully_committed: 0.
 - uncommit_free_chunks: 1.
 - use_allocation_guard: 0.
 - handle_deallocations: 1.


Internal statistics:

num_allocs_failed_limit: 0.
num_arena_births: 62.
num_arena_deaths: 0.
num_vsnodes_births: 4.
num_vsnodes_deaths: 0.
num_space_committed: 324.
num_space_uncommitted: 0.
num_chunks_returned_to_freelist: 0.
num_chunks_taken_from_freelist: 281.
num_chunk_merges: 0.
num_chunk_splits: 168.
num_chunks_enlarged: 122.
num_purges: 0.
num_inconsistent_stats: 0.

CodeHeap 'non-profiled nmethods': size=120000Kb used=799Kb max_used=799Kb free=119200Kb
 bounds [0x0000011fdc870000, 0x0000011fdcae0000, 0x0000011fe3da0000]
CodeHeap 'profiled nmethods': size=120000Kb used=3657Kb max_used=3657Kb free=116342Kb
 bounds [0x0000011fd5340000, 0x0000011fd56e0000, 0x0000011fdc870000]
CodeHeap 'non-nmethods': size=5760Kb used=1298Kb max_used=1361Kb free=4461Kb
 bounds [0x0000011fd4da0000, 0x0000011fd5010000, 0x0000011fd5340000]
 total_blobs=2265 nmethods=1730 adapters=448
 compilation: enabled
              stopped_count=0, restarted_count=0
 full_count=0

Compilation events (20 events):
Event: 21.968 Thread 0x0000011ff046d940 1732       3       java.lang.reflect.Constructor::setConstructorAccessor (21 bytes)
Event: 21.968 Thread 0x0000011ff046d940 nmethod 1732 0x0000011fd56cfa10 code [0x0000011fd56cfbc0, 0x0000011fd56cfec8]
Event: 21.971 Thread 0x0000011ff046d940 1733       3       jdk.internal.reflect.ConstructorAccessorImpl::<init> (5 bytes)
Event: 21.971 Thread 0x0000011ff046d940 nmethod 1733 0x0000011fd56d0010 code [0x0000011fd56d01c0, 0x0000011fd56d0378]
Event: 21.973 Thread 0x0000011ff046d940 1734       3       java.util.ResourceBundle::getObject (82 bytes)
Event: 21.975 Thread 0x0000011ff046d940 nmethod 1734 0x0000011fd56d0490 code [0x0000011fd56d0760, 0x0000011fd56d1358]
Event: 21.981 Thread 0x0000011ff046c030 nmethod 1633% 0x0000011fdc929c10 code [0x0000011fdc929f80, 0x0000011fdc92e010]
Event: 21.982 Thread 0x0000011ff046c030 1729       4       java.util.StringTokenizer::scanToken (179 bytes)
Event: 21.988 Thread 0x0000011ff046c030 nmethod 1729 0x0000011fdc930b10 code [0x0000011fdc930ca0, 0x0000011fdc930fe8]
Event: 21.988 Thread 0x0000011ff046c030 1726       4       java.lang.StringUTF16::compress (20 bytes)
Event: 21.991 Thread 0x0000011ff046c030 nmethod 1726 0x0000011fdc931310 code [0x0000011fdc9314a0, 0x0000011fdc9316d8]
Event: 22.000 Thread 0x0000011ff046d940 1735       3       java.lang.StringBuffer::<init> (7 bytes)
Event: 22.000 Thread 0x0000011ff046d940 nmethod 1735 0x0000011fd56d1810 code [0x0000011fd56d19a0, 0x0000011fd56d1ae8]
Event: 22.068 Thread 0x0000011ff1d58b90 nmethod 1725 0x0000011fdc931790 code [0x0000011fdc931b60, 0x0000011fdc9357b0]
Event: 30.632 Thread 0x0000011ff046c030 1736       4       java.lang.String::startsWith (138 bytes)
Event: 30.647 Thread 0x0000011ff046c030 nmethod 1736 0x0000011fdc937910 code [0x0000011fdc937aa0, 0x0000011fdc937d38]
Event: 135.768 Thread 0x0000011ff046d940 1737       3       jdk.internal.loader.BuiltinClassLoader::hasClassPath (13 bytes)
Event: 135.769 Thread 0x0000011ff046d940 nmethod 1737 0x0000011fd56d1b90 code [0x0000011fd56d1d20, 0x0000011fd56d1e98]
Event: 220.901 Thread 0x0000011ff046d940 1738       3       java.lang.ref.ReferenceQueue::reallyPoll (65 bytes)
Event: 220.902 Thread 0x0000011ff046d940 nmethod 1738 0x0000011fd56d1f10 code [0x0000011fd56d20e0, 0x0000011fd56d2638]

GC Heap History (4 events):
Event: 0.766 GC heap before
{Heap before GC invocations=0 (full 0):
 garbage-first heap   total 262144K, used 12288K [0x0000000701a00000, 0x0000000800000000)
  region size 2048K, 6 young (12288K), 0 survivors (0K)
 Metaspace       used 11221K, committed 11456K, reserved 1064960K
  class space    used 983K, committed 1088K, reserved 1048576K
}
Event: 0.771 GC heap after
{Heap after GC invocations=1 (full 0):
 garbage-first heap   total 262144K, used 2331K [0x0000000701a00000, 0x0000000800000000)
  region size 2048K, 1 young (2048K), 1 survivors (2048K)
 Metaspace       used 11221K, committed 11456K, reserved 1064960K
  class space    used 983K, committed 1088K, reserved 1048576K
}
Event: 1.110 GC heap before
{Heap before GC invocations=1 (full 0):
 garbage-first heap   total 262144K, used 14619K [0x0000000701a00000, 0x0000000800000000)
  region size 2048K, 8 young (16384K), 1 survivors (2048K)
 Metaspace       used 13711K, committed 13888K, reserved 1064960K
  class space    used 1213K, committed 1280K, reserved 1048576K
}
Event: 1.115 GC heap after
{Heap after GC invocations=2 (full 0):
 garbage-first heap   total 262144K, used 2473K [0x0000000701a00000, 0x0000000800000000)
  region size 2048K, 1 young (2048K), 1 survivors (2048K)
 Metaspace       used 13711K, committed 13888K, reserved 1064960K
  class space    used 1213K, committed 1280K, reserved 1048576K
}

Deoptimization events (20 events):
Event: 11.061 Thread 0x0000011fd16df660 DEOPT PACKING pc=0x0000011fdc8837e0 sp=0x00000001645fed60
Event: 11.061 Thread 0x0000011fd16df660 DEOPT UNPACKING pc=0x0000011fd4df23a3 sp=0x00000001645fece8 mode 2
Event: 11.105 Thread 0x0000011fd16df660 DEOPT PACKING pc=0x0000011fd53a854f sp=0x00000001645fe3d0
Event: 11.105 Thread 0x0000011fd16df660 DEOPT UNPACKING pc=0x0000011fd4df2b43 sp=0x00000001645fd898 mode 1
Event: 11.110 Thread 0x0000011fd16df660 Uncommon trap: trap_request=0xffffffde fr.pc=0x0000011fdc8de824 relative=0x00000000000011e4
Event: 11.110 Thread 0x0000011fd16df660 Uncommon trap: reason=class_check action=maybe_recompile pc=0x0000011fdc8de824 method=java.util.HashMap.putVal(ILjava/lang/Object;Ljava/lang/Object;ZZ)Ljava/lang/Object; @ 253 c2
Event: 11.110 Thread 0x0000011fd16df660 DEOPT PACKING pc=0x0000011fdc8de824 sp=0x00000001645fe340
Event: 11.110 Thread 0x0000011fd16df660 DEOPT UNPACKING pc=0x0000011fd4df23a3 sp=0x00000001645fe2f0 mode 2
Event: 11.127 Thread 0x0000011fd16df660 Uncommon trap: trap_request=0xffffffde fr.pc=0x0000011fdc8f6ef0 relative=0x00000000000001d0
Event: 11.127 Thread 0x0000011fd16df660 Uncommon trap: reason=class_check action=maybe_recompile pc=0x0000011fdc8f6ef0 method=java.util.regex.Matcher.getTextLength()I @ 4 c2
Event: 11.127 Thread 0x0000011fd16df660 DEOPT PACKING pc=0x0000011fdc8f6ef0 sp=0x00000001645ff2c0
Event: 11.127 Thread 0x0000011fd16df660 DEOPT UNPACKING pc=0x0000011fd4df23a3 sp=0x00000001645ff1f8 mode 2
Event: 21.826 Thread 0x0000011fd16df660 DEOPT PACKING pc=0x0000011fd55c6125 sp=0x00000001645fde80
Event: 21.826 Thread 0x0000011fd16df660 DEOPT UNPACKING pc=0x0000011fd4df2b43 sp=0x00000001645fd3b0 mode 0
Event: 21.862 Thread 0x0000011fd16df660 DEOPT PACKING pc=0x0000011fd55c6146 sp=0x00000001645fdf70
Event: 21.862 Thread 0x0000011fd16df660 DEOPT UNPACKING pc=0x0000011fd4df2b43 sp=0x00000001645fd4a0 mode 0
Event: 21.967 Thread 0x0000011fd16df660 Uncommon trap: trap_request=0xffffff45 fr.pc=0x0000011fdc8d8e28 relative=0x0000000000001188
Event: 21.967 Thread 0x0000011fd16df660 Uncommon trap: reason=unstable_if action=reinterpret pc=0x0000011fdc8d8e28 method=java.util.concurrent.ConcurrentHashMap.putVal(Ljava/lang/Object;Ljava/lang/Object;Z)Ljava/lang/Object; @ 231 c2
Event: 21.967 Thread 0x0000011fd16df660 DEOPT PACKING pc=0x0000011fdc8d8e28 sp=0x00000001645fe640
Event: 21.967 Thread 0x0000011fd16df660 DEOPT UNPACKING pc=0x0000011fd4df23a3 sp=0x00000001645fe5c0 mode 2

Classes unloaded (0 events):
No events

Classes redefined (4 events):
Event: 89.500 Thread 0x0000011ff0414610 redefined class name=com.user.UserPortal$UserAccess, count=1
Event: 89.500 Thread 0x0000011ff0414610 redefined class name=com.user.UserPortal, count=1
Event: 241.462 Thread 0x0000011ff0414610 redefined class name=com.user.UserPortal$UserAccess, count=2
Event: 241.462 Thread 0x0000011ff0414610 redefined class name=com.user.UserPortal, count=2

Internal exceptions (14 events):
Event: 0.649 Thread 0x0000011fd16df660 Exception <a 'java/lang/NoSuchMethodError'{0x00000007110b5378}: 'java.lang.Object java.lang.invoke.DirectMethodHandle$Holder.invokeStaticInit(java.lang.Object)'> (0x00000007110b5378) 
thrown [e:\jenkins\tmp\workspace\build\src\src\hotspot\share\interpreter\linkResolver.cpp, line 766]
Event: 0.651 Thread 0x0000011fd16df660 Exception <a 'java/lang/NoSuchMethodError'{0x00000007110bc2d0}: 'java.lang.Object java.lang.invoke.DirectMethodHandle$Holder.invokeInterface(java.lang.Object, java.lang.Object)'> (0x00000007110bc2d0) 
thrown [e:\jenkins\tmp\workspace\build\src\src\hotspot\share\interpreter\linkResolver.cpp, line 766]
Event: 0.696 Thread 0x0000011fd16df660 Exception <a 'java/lang/NoSuchMethodError'{0x0000000711176588}: 'void java.lang.invoke.DirectMethodHandle$Holder.invokeSpecial(java.lang.Object, java.lang.Object, java.lang.Object)'> (0x0000000711176588) 
thrown [e:\jenkins\tmp\workspace\build\src\src\hotspot\share\interpreter\linkResolver.cpp, line 766]
Event: 0.697 Thread 0x0000011fd16df660 Exception <a 'java/lang/NoSuchMethodError'{0x000000071117dc18}: 'void java.lang.invoke.DirectMethodHandle$Holder.invokeStatic(java.lang.Object, java.lang.Object, java.lang.Object)'> (0x000000071117dc18) 
thrown [e:\jenkins\tmp\workspace\build\src\src\hotspot\share\interpreter\linkResolver.cpp, line 766]
Event: 0.700 Thread 0x0000011fd16df660 Exception <a 'java/lang/NoSuchMethodError'{0x0000000711188a88}: 'java.lang.Object java.lang.invoke.DirectMethodHandle$Holder.invokeVirtual(java.lang.Object, java.lang.Object, java.lang.Object)'> (0x0000000711188a88) 
thrown [e:\jenkins\tmp\workspace\build\src\src\hotspot\share\interpreter\linkResolver.cpp, line 766]
Event: 0.983 Thread 0x0000011fd16df660 Exception <a 'java/lang/NoSuchMethodError'{0x000000071110d618}: 'void java.lang.invoke.DirectMethodHandle$Holder.invokeStatic(java.lang.Object, java.lang.Object)'> (0x000000071110d618) 
thrown [e:\jenkins\tmp\workspace\build\src\src\hotspot\share\interpreter\linkResolver.cpp, line 766]
Event: 1.205 Thread 0x0000011fd16df660 Exception <a 'java/lang/NoSuchMethodError'{0x0000000711443b10}: 'void java.lang.invoke.DirectMethodHandle$Holder.invokeStaticInit(java.lang.Object, java.lang.Object)'> (0x0000000711443b10) 
thrown [e:\jenkins\tmp\workspace\build\src\src\hotspot\share\interpreter\linkResolver.cpp, line 766]
Event: 1.274 Thread 0x0000011fd16df660 Exception <a 'sun/nio/fs/WindowsException'{0x000000071123c170}> (0x000000071123c170) 
thrown [e:\jenkins\tmp\workspace\build\src\src\hotspot\share\prims\jni.cpp, line 516]
Event: 1.297 Thread 0x0000011fd16df660 Exception <a 'java/lang/NoSuchMethodError'{0x0000000711297d10}: 'int java.lang.invoke.DirectMethodHandle$Holder.invokeStaticInit(java.lang.Object, java.lang.Object, java.lang.Object, java.lang.Object)'> (0x0000000711297d10) 
thrown [e:\jenkins\tmp\workspace\build\src\src\hotspot\share\interpreter\linkResolver.cpp, line 766]
Event: 1.298 Thread 0x0000011fd16df660 Exception <a 'java/lang/IncompatibleClassChangeError'{0x00000007112a0ed8}: Found class java.lang.Object, but interface was expected> (0x00000007112a0ed8) 
thrown [e:\jenkins\tmp\workspace\build\src\src\hotspot\share\interpreter\linkResolver.cpp, line 833]
Event: 1.300 Thread 0x0000011fd16df660 Exception <a 'java/lang/NoSuchMethodError'{0x00000007112a7c08}: 'int java.lang.invoke.DirectMethodHandle$Holder.invokeStaticInit(java.lang.Object, java.lang.Object)'> (0x00000007112a7c08) 
thrown [e:\jenkins\tmp\workspace\build\src\src\hotspot\share\interpreter\linkResolver.cpp, line 766]
Event: 1.375 Thread 0x0000011fd16df660 Exception <a 'java/lang/NoSuchMethodError'{0x0000000711096648}: 'java.lang.Object java.lang.invoke.DirectMethodHandle$Holder.invokeStaticInit(java.lang.Object, int, int, int, int)'> (0x0000000711096648) 
thrown [e:\jenkins\tmp\workspace\build\src\src\hotspot\share\interpreter\linkResolver.cpp, line 766]
Event: 1.469 Thread 0x0000011fd16df660 Exception <a 'java/lang/NoSuchMethodError'{0x000000071117c8b8}: 'java.lang.Object java.lang.invoke.DirectMethodHandle$Holder.invokeStaticInit(java.lang.Object, java.lang.Object, int, int, int, int)'> (0x000000071117c8b8) 
thrown [e:\jenkins\tmp\workspace\build\src\src\hotspot\share\interpreter\linkResolver.cpp, line 766]
Event: 1.830 Thread 0x0000011fd16df660 Exception <a 'java/io/IOException'{0x000000071041ebf0}> (0x000000071041ebf0) 
thrown [e:\jenkins\tmp\workspace\build\src\src\hotspot\share\prims\jni.cpp, line 516]

VM Operations (20 events):
Event: 241.443 Executing VM operation: ChangeSingleStep done
Event: 241.456 Executing VM operation: RedefineClasses
Event: 241.470 Executing VM operation: RedefineClasses done
Event: 241.479 Executing VM operation: ChangeBreakpoints
Event: 241.480 Executing VM operation: ChangeBreakpoints done
Event: 241.488 Executing VM operation: ChangeBreakpoints
Event: 241.488 Executing VM operation: ChangeBreakpoints done
Event: 241.499 Executing VM operation: ChangeBreakpoints
Event: 241.500 Executing VM operation: ChangeBreakpoints done
Event: 241.509 Executing VM operation: ChangeBreakpoints
Event: 241.510 Executing VM operation: ChangeBreakpoints done
Event: 241.517 Executing VM operation: ChangeBreakpoints
Event: 241.517 Executing VM operation: ChangeBreakpoints done
Event: 241.526 Executing VM operation: ChangeSingleStep
Event: 241.526 Executing VM operation: ChangeSingleStep done
Event: 241.526 Executing VM operation: get/set locals
Event: 241.526 Executing VM operation: get/set locals done
Event: 241.528 Executing VM operation: ChangeSingleStep
Event: 241.528 Executing VM operation: ChangeSingleStep done
Event: 241.637 Executing VM operation: get/set locals

Events (20 events):
Event: 39.119 loading class java/time/format/DateTimeFormatterBuilder$TextPrinterParser
Event: 39.119 loading class java/time/format/DateTimeFormatterBuilder$TextPrinterParser done
Event: 39.126 loading class java/time/Period
Event: 39.126 loading class java/time/chrono/ChronoPeriod
Event: 39.126 loading class java/time/chrono/ChronoPeriod done
Event: 39.126 loading class java/time/Period done
Event: 40.062 loading class java/time/format/DateTimePrintContext
Event: 40.063 loading class java/time/format/DateTimePrintContext done
Event: 40.063 loading class java/time/LocalDate$1
Event: 40.064 loading class java/time/LocalDate$1 done
Event: 40.068 loading class java/time/format/DateTimeFormatterBuilder$2
Event: 40.068 loading class java/time/format/DateTimeFormatterBuilder$2 done
Event: 51.323 loading class java/util/concurrent/atomic/AtomicReferenceFieldUpdater
Event: 51.324 loading class java/util/concurrent/atomic/AtomicReferenceFieldUpdater done
Event: 51.324 loading class java/util/concurrent/atomic/AtomicReferenceFieldUpdater$AtomicReferenceFieldUpdaterImpl
Event: 51.324 loading class java/util/concurrent/atomic/AtomicReferenceFieldUpdater$AtomicReferenceFieldUpdaterImpl done
Event: 51.324 loading class java/util/concurrent/atomic/AtomicReferenceFieldUpdater$AtomicReferenceFieldUpdaterImpl$1
Event: 51.324 loading class java/util/concurrent/atomic/AtomicReferenceFieldUpdater$AtomicReferenceFieldUpdaterImpl$1 done
Event: 51.324 loading class sun/reflect/misc/ReflectUtil
Event: 51.325 loading class sun/reflect/misc/ReflectUtil done


Dynamic libraries:
0x00007ff6eea60000 - 0x00007ff6eea6e000 	C:\Users\jeanmartin\.p2\pool\plugins\org.eclipse.justj.openjdk.hotspot.jre.full.win32.x86_64_17.0.2.v20220201-1208\jre\bin\javaw.exe
0x00007ffbd1e10000 - 0x00007ffbd2008000 	C:\WINDOWS\SYSTEM32\ntdll.dll
0x00007ffbd1220000 - 0x00007ffbd12df000 	C:\WINDOWS\System32\KERNEL32.DLL
0x00007ffbcf740000 - 0x00007ffbcfa12000 	C:\WINDOWS\System32\KERNELBASE.dll
0x00007ffbcfab0000 - 0x00007ffbcfbb0000 	C:\WINDOWS\System32\ucrtbase.dll
0x00007ffbc1c20000 - 0x00007ffbc1c39000 	C:\Users\jeanmartin\.p2\pool\plugins\org.eclipse.justj.openjdk.hotspot.jre.full.win32.x86_64_17.0.2.v20220201-1208\jre\bin\VCRUNTIME140.dll
0x00007ffbbf9b0000 - 0x00007ffbbf9c8000 	C:\Users\jeanmartin\.p2\pool\plugins\org.eclipse.justj.openjdk.hotspot.jre.full.win32.x86_64_17.0.2.v20220201-1208\jre\bin\jli.dll
0x00007ffbd1c20000 - 0x00007ffbd1dc1000 	C:\WINDOWS\System32\USER32.dll
0x00007ffbcfe50000 - 0x00007ffbcfe72000 	C:\WINDOWS\System32\win32u.dll
0x00007ffbd0e90000 - 0x00007ffbd0ebb000 	C:\WINDOWS\System32\GDI32.dll
0x00007ffbcfd10000 - 0x00007ffbcfe1f000 	C:\WINDOWS\System32\gdi32full.dll
0x00007ffbcf5a0000 - 0x00007ffbcf63d000 	C:\WINDOWS\System32\msvcp_win.dll
0x00007ffbc66b0000 - 0x00007ffbc694a000 	C:\WINDOWS\WinSxS\amd64_microsoft.windows.common-controls_6595b64144ccf1df_6.0.19041.1110_none_60b5254171f9507e\COMCTL32.dll
0x00007ffbd0d40000 - 0x00007ffbd0dde000 	C:\WINDOWS\System32\msvcrt.dll
0x00007ffbd13b0000 - 0x00007ffbd13e0000 	C:\WINDOWS\System32\IMM32.DLL
0x00007ffbc6520000 - 0x00007ffbc652c000 	C:\Users\jeanmartin\.p2\pool\plugins\org.eclipse.justj.openjdk.hotspot.jre.full.win32.x86_64_17.0.2.v20220201-1208\jre\bin\vcruntime140_1.dll
0x00007ffbad5d0000 - 0x00007ffbad661000 	C:\Users\jeanmartin\.p2\pool\plugins\org.eclipse.justj.openjdk.hotspot.jre.full.win32.x86_64_17.0.2.v20220201-1208\jre\bin\msvcp140.dll
0x00007ffb7e7f0000 - 0x00007ffb7f437000 	C:\Users\jeanmartin\.p2\pool\plugins\org.eclipse.justj.openjdk.hotspot.jre.full.win32.x86_64_17.0.2.v20220201-1208\jre\bin\server\jvm.dll
0x00007ffbd1630000 - 0x00007ffbd16de000 	C:\WINDOWS\System32\ADVAPI32.dll
0x00007ffbd00e0000 - 0x00007ffbd017c000 	C:\WINDOWS\System32\sechost.dll
0x00007ffbd1af0000 - 0x00007ffbd1c14000 	C:\WINDOWS\System32\RPCRT4.dll
0x00007ffbd1540000 - 0x00007ffbd1548000 	C:\WINDOWS\System32\PSAPI.DLL
0x00007ffbcaf30000 - 0x00007ffbcaf39000 	C:\WINDOWS\SYSTEM32\WSOCK32.dll
0x00007ffbc8670000 - 0x00007ffbc8697000 	C:\WINDOWS\SYSTEM32\WINMM.dll
0x00007ffbd1440000 - 0x00007ffbd14ab000 	C:\WINDOWS\System32\WS2_32.dll
0x00007ffbc5d70000 - 0x00007ffbc5d7a000 	C:\WINDOWS\SYSTEM32\VERSION.dll
0x00007ffbcd460000 - 0x00007ffbcd472000 	C:\WINDOWS\SYSTEM32\kernel.appcore.dll
0x00007ffbcaa00000 - 0x00007ffbcaa0a000 	C:\Users\jeanmartin\.p2\pool\plugins\org.eclipse.justj.openjdk.hotspot.jre.full.win32.x86_64_17.0.2.v20220201-1208\jre\bin\jimage.dll
0x00007ffbc8730000 - 0x00007ffbc8914000 	C:\WINDOWS\SYSTEM32\DBGHELP.DLL
0x00007ffbc78b0000 - 0x00007ffbc78e5000 	C:\WINDOWS\SYSTEM32\dbgcore.DLL
0x00007ffbcfa20000 - 0x00007ffbcfaa2000 	C:\WINDOWS\System32\bcryptPrimitives.dll
0x00007ffbbada0000 - 0x00007ffbbaddb000 	C:\Users\jeanmartin\.p2\pool\plugins\org.eclipse.justj.openjdk.hotspot.jre.full.win32.x86_64_17.0.2.v20220201-1208\jre\bin\jdwp.dll
0x00007ffbc4880000 - 0x00007ffbc488e000 	C:\Users\jeanmartin\.p2\pool\plugins\org.eclipse.justj.openjdk.hotspot.jre.full.win32.x86_64_17.0.2.v20220201-1208\jre\bin\instrument.dll
0x00007ffbc79b0000 - 0x00007ffbc79d5000 	C:\Users\jeanmartin\.p2\pool\plugins\org.eclipse.justj.openjdk.hotspot.jre.full.win32.x86_64_17.0.2.v20220201-1208\jre\bin\java.dll
0x00007ffbc6530000 - 0x00007ffbc6548000 	C:\Users\jeanmartin\.p2\pool\plugins\org.eclipse.justj.openjdk.hotspot.jre.full.win32.x86_64_17.0.2.v20220201-1208\jre\bin\zip.dll
0x00007ffbd05f0000 - 0x00007ffbd0d35000 	C:\WINDOWS\System32\SHELL32.dll
0x00007ffbcd660000 - 0x00007ffbcddf2000 	C:\WINDOWS\SYSTEM32\windows.storage.dll
0x00007ffbd0ec0000 - 0x00007ffbd1215000 	C:\WINDOWS\System32\combase.dll
0x00007ffbcf000000 - 0x00007ffbcf030000 	C:\WINDOWS\SYSTEM32\Wldp.dll
0x00007ffbd0de0000 - 0x00007ffbd0e8d000 	C:\WINDOWS\System32\SHCORE.dll
0x00007ffbd0080000 - 0x00007ffbd00d5000 	C:\WINDOWS\System32\shlwapi.dll
0x00007ffbcf4e0000 - 0x00007ffbcf4ff000 	C:\WINDOWS\SYSTEM32\profapi.dll
0x00007ffbc4050000 - 0x00007ffbc405c000 	C:\Users\jeanmartin\.p2\pool\plugins\org.eclipse.justj.openjdk.hotspot.jre.full.win32.x86_64_17.0.2.v20220201-1208\jre\bin\dt_socket.dll
0x00007ffbce9e0000 - 0x00007ffbcea1b000 	C:\WINDOWS\SYSTEM32\IPHLPAPI.DLL
0x00007ffbced10000 - 0x00007ffbced7a000 	C:\WINDOWS\system32\mswsock.dll
0x00007ffbcea20000 - 0x00007ffbceaeb000 	C:\WINDOWS\SYSTEM32\DNSAPI.dll
0x00007ffbd14b0000 - 0x00007ffbd14b8000 	C:\WINDOWS\System32\NSI.dll
0x00007ffbc5770000 - 0x00007ffbc577a000 	C:\Windows\System32\rasadhlp.dll
0x00007ffbc5990000 - 0x00007ffbc5a10000 	C:\WINDOWS\System32\fwpuclnt.dll
0x00007ffbcfe20000 - 0x00007ffbcfe47000 	C:\WINDOWS\System32\bcrypt.dll
0x00007ffbc4d10000 - 0x00007ffbc4d29000 	C:\Users\jeanmartin\.p2\pool\plugins\org.eclipse.justj.openjdk.hotspot.jre.full.win32.x86_64_17.0.2.v20220201-1208\jre\bin\net.dll
0x00007ffbc5a60000 - 0x00007ffbc5b6a000 	C:\WINDOWS\SYSTEM32\WINHTTP.dll
0x00007ffbc2bc0000 - 0x00007ffbc2bd5000 	C:\Users\jeanmartin\.p2\pool\plugins\org.eclipse.justj.openjdk.hotspot.jre.full.win32.x86_64_17.0.2.v20220201-1208\jre\bin\nio.dll
0x00007ffbca9f0000 - 0x00007ffbcaa00000 	C:\Users\jeanmartin\.p2\pool\plugins\org.eclipse.justj.openjdk.hotspot.jre.full.win32.x86_64_17.0.2.v20220201-1208\jre\bin\verify.dll
0x00007ffbcef50000 - 0x00007ffbcef68000 	C:\WINDOWS\SYSTEM32\CRYPTSP.dll
0x00007ffbce5a0000 - 0x00007ffbce5d4000 	C:\WINDOWS\system32\rsaenh.dll
0x00007ffbcf4a0000 - 0x00007ffbcf4ce000 	C:\WINDOWS\SYSTEM32\USERENV.dll
0x00007ffbcef70000 - 0x00007ffbcef7c000 	C:\WINDOWS\SYSTEM32\CRYPTBASE.dll
0x00007ffbc6270000 - 0x00007ffbc6287000 	C:\WINDOWS\SYSTEM32\dhcpcsvc6.DLL
0x00007ffbc6b90000 - 0x00007ffbc6bad000 	C:\WINDOWS\SYSTEM32\dhcpcsvc.DLL
0x00007ffbc6b20000 - 0x00007ffbc6b2e000 	C:\Users\jeanmartin\.p2\pool\plugins\org.eclipse.justj.openjdk.hotspot.jre.full.win32.x86_64_17.0.2.v20220201-1208\jre\bin\sunmscapi.dll
0x00007ffbcfbb0000 - 0x00007ffbcfd06000 	C:\WINDOWS\System32\CRYPT32.dll
0x00007ffbcf070000 - 0x00007ffbcf097000 	C:\WINDOWS\SYSTEM32\ncrypt.dll
0x00007ffbcf030000 - 0x00007ffbcf06b000 	C:\WINDOWS\SYSTEM32\NTASN1.dll

dbghelp: loaded successfully - version: 4.0.5 - missing functions: none
symbol engine: initialized successfully - sym options: 0x614 - pdb path: .;C:\Users\jeanmartin\.p2\pool\plugins\org.eclipse.justj.openjdk.hotspot.jre.full.win32.x86_64_17.0.2.v20220201-1208\jre\bin;C:\WINDOWS\SYSTEM32;C:\WINDOWS\WinSxS\amd64_microsoft.windows.common-controls_6595b64144ccf1df_6.0.19041.1110_none_60b5254171f9507e;C:\Users\jeanmartin\.p2\pool\plugins\org.eclipse.justj.openjdk.hotspot.jre.full.win32.x86_64_17.0.2.v20220201-1208\jre\bin\server

VM Arguments:
jvm_args: -XX:+ShowCodeDetailsInExceptionMessages -agentlib:jdwp=transport=dt_socket,suspend=y,address=localhost:54511 -javaagent:C:\Users\jeanmartin\eclipse\java-2022-03\eclipse\configuration\org.eclipse.osgi\225\0\.cp\lib\javaagent-shaded.jar -Dfile.encoding=Cp1252 
java_command: com.maintain.Maintainance
java_class_path (initial): C:\Users\jeanmartin\eclipse-workspace\Attendance_Maintenance\bin;C:\Users\jeanmartin\eclipse-workspace\Attendance_Maintenance\Driver\mysql-connector-java-8.0.30.jar
Launcher Type: SUN_STANDARD

[Global flags]
     intx CICompilerCount                          = 3                                         {product} {ergonomic}
     uint ConcGCThreads                            = 1                                         {product} {ergonomic}
     uint G1ConcRefinementThreads                  = 4                                         {product} {ergonomic}
   size_t G1HeapRegionSize                         = 2097152                                   {product} {ergonomic}
    uintx GCDrainStackTargetSize                   = 64                                        {product} {ergonomic}
   size_t InitialHeapSize                          = 268435456                                 {product} {ergonomic}
   size_t MarkStackSize                            = 4194304                                   {product} {ergonomic}
   size_t MaxHeapSize                              = 4267704320                                {product} {ergonomic}
   size_t MaxNewSize                               = 2560622592                                {product} {ergonomic}
   size_t MinHeapDeltaBytes                        = 2097152                                   {product} {ergonomic}
   size_t MinHeapSize                              = 8388608                                   {product} {ergonomic}
    uintx NonNMethodCodeHeapSize                   = 5832780                                {pd product} {ergonomic}
    uintx NonProfiledCodeHeapSize                  = 122912730                              {pd product} {ergonomic}
    uintx ProfiledCodeHeapSize                     = 122912730                              {pd product} {ergonomic}
    uintx ReservedCodeCacheSize                    = 251658240                              {pd product} {ergonomic}
     bool SegmentedCodeCache                       = true                                      {product} {ergonomic}
     bool ShowCodeDetailsInExceptionMessages       = true                                   {manageable} {command line}
   size_t SoftMaxHeapSize                          = 4267704320                             {manageable} {ergonomic}
     bool UseCompressedClassPointers               = true                           {product lp64_product} {ergonomic}
     bool UseCompressedOops                        = true                           {product lp64_product} {ergonomic}
     bool UseG1GC                                  = true                                      {product} {ergonomic}
     bool UseLargePagesIndividualAllocation        = false                                  {pd product} {ergonomic}

Logging:
Log output configuration:
 #0: stdout all=warning uptime,level,tags
 #1: stderr all=off uptime,level,tags

Environment Variables:
JAVA_HOME=C:\Program Files\Java\jdk-11
PATH=C:\Users\jeanmartin\.p2\pool\plugins\org.eclipse.justj.openjdk.hotspot.jre.full.win32.x86_64_17.0.2.v20220201-1208\jre\bin;C:/Users/jeanmartin/.p2/pool/plugins/org.eclipse.justj.openjdk.hotspot.jre.full.win32.x86_64_17.0.2.v20220201-1208/jre/bin/server;C:/Users/jeanmartin/.p2/pool/plugins/org.eclipse.justj.openjdk.hotspot.jre.full.win32.x86_64_17.0.2.v20220201-1208/jre/bin;C:\Python311\Scripts\;C:\Python311\;C:\Program Files\Common Files\Oracle\Java\javapath;C:\WINDOWS\System32\WindowsPowerShell\v1.0\;C:\Program Files (x86)\Common Files\Oracle\Java\javapath;C:\WINDOWS\system32;C:\WINDOWS;C:\WINDOWS\System32\Wbem;C:\WINDOWS\System32\OpenSSH\;C:\Program Files\Java\jdk-11\bin;C:\ProgramData\chocolatey\bin;D:\Prakash\;C:\Program Files\Git\cmd;C:\Program Files\MySQL\MySQL Shell 8.0\bin\;C:\Users\jeanmartin\AppData\Local\Microsoft\WindowsApps;C:\Users\jeanmartin\AppData\Local\Programs\Microsoft VS Code\bin;C:\Users\jeanmartin\AppData\Roaming\npm;C:\Users\jeanmartin\Desktop;
USERNAME=jeanmartin
OS=Windows_NT
PROCESSOR_IDENTIFIER=Intel64 Family 6 Model 69 Stepping 1, GenuineIntel



---------------  S Y S T E M  ---------------

OS:
 Windows 10 , 64 bit Build 19041 (10.0.19041.2546)
OS uptime: 9 days 13:22 hours

CPU: total 4 (initial active 4) (2 cores per cpu, 2 threads per core) family 6 model 69 stepping 1 microcode 0x25, cx8, cmov, fxsr, ht, mmx, sse, sse2, sse3, ssse3, sse4.1, sse4.2, popcnt, lzcnt, tsc, tscinvbit, avx, avx2, aes, erms, clmul, bmi1, bmi2, fma, vzeroupper, clflush

Memory: 4k page, system-wide physical 16272M (5230M free)
TotalPageFile size 21791M (AvailPageFile size 2966M)
current process WorkingSet (physical memory assigned to process): 98M, peak: 125M
current process commit charge ("private bytes"): 357M, peak: 391M

vm_info: OpenJDK 64-Bit Server VM (17.0.2+8) for windows-amd64 JRE (17.0.2+8), built on Jan 20 2022 04:52:34 by "" with MS VC++ 16.7 (VS2019)

END.
