#
# A fatal error has been detected by the Java Runtime Environment:
#
#  EXCEPTION_ACCESS_VIOLATION (0xc0000005) at pc=0x00007ffb804ad9ff, pid=18928, tid=14968
#
# JRE version: OpenJDK Runtime Environment Temurin-17.0.2+8 (17.0.2+8) (build 17.0.2+8)
# Java VM: OpenJDK 64-Bit Server VM Temurin-17.0.2+8 (17.0.2+8, mixed mode, tiered, compressed oops, compressed class ptrs, g1 gc, windows-amd64)
# Problematic frame:
# V  [jvm.dll+0x74d9ff]
#
# No core dump will be written. Minidumps are not enabled by default on client versions of Windows
#
# If you would like to submit a bug report, please visit:
#   https://github.com/adoptium/adoptium-support/issues
#

---------------  S U M M A R Y ------------

Command Line: -XX:+ShowCodeDetailsInExceptionMessages -agentlib:jdwp=transport=dt_socket,suspend=y,address=localhost:63286 -javaagent:C:\Users\jeanmartin\eclipse\java-2022-03\eclipse\configuration\org.eclipse.osgi\225\0\.cp\lib\javaagent-shaded.jar -Dfile.encoding=Cp1252 com.maintain.Maintainance

Host: Intel(R) Core(TM) i7-4500U CPU @ 1.80GHz, 4 cores, 15G,  Windows 10 , 64 bit Build 19041 (10.0.19041.2546)
Time: Sat Mar 25 11:15:59 2023 India Standard Time elapsed time: 235.555440 seconds (0d 0h 3m 55s)

---------------  T H R E A D  ---------------

Current thread (0x000001f7ffb4bce0):  VMThread "VM Thread" [stack: 0x0000007bd1d00000,0x0000007bd1e00000] [id=14968]

Stack: [0x0000007bd1d00000,0x0000007bd1e00000],  sp=0x0000007bd1dfe980,  free space=1018k
Native frames: (J=compiled Java code, j=interpreted, Vv=VM code, C=native code)
V  [jvm.dll+0x74d9ff]
V  [jvm.dll+0x33595f]
V  [jvm.dll+0x337ad5]
V  [jvm.dll+0x33814e]
V  [jvm.dll+0x33579f]
V  [jvm.dll+0x334a57]
V  [jvm.dll+0x663d2a]
V  [jvm.dll+0x663a43]
V  [jvm.dll+0x628398]
V  [jvm.dll+0x826eb5]
V  [jvm.dll+0x525c76]
V  [jvm.dll+0x835ebb]
V  [jvm.dll+0x836bf4]
V  [jvm.dll+0x83710c]
V  [jvm.dll+0x8374e4]
V  [jvm.dll+0x8375b0]
V  [jvm.dll+0x7dff2a]
V  [jvm.dll+0x6744d5]
C  [ucrtbase.dll+0x21bb2]
C  [KERNEL32.DLL+0x17614]
C  [ntdll.dll+0x526a1]


siginfo: EXCEPTION_ACCESS_VIOLATION (0xc0000005), reading address 0x0000000000000004


Register to memory mapping:

RIP=0x00007ffb804ad9ff jvm.dll
RAX=0x0 is NULL
RBX=0x0 is NULL
RCX=0x0000007bd1dfe9a0 points into unknown readable memory: 0x0000000000000000 | 00 00 00 00 00 00 00 00
RDX=0x0 is NULL
RSP=0x0000007bd1dfe980 points into unknown readable memory: 0x0000007bd1dfeae0 | e0 ea df d1 7b 00 00 00
RBP=0x0000007bd1dfeae0 points into unknown readable memory: 0xffffffffffffffff | ff ff ff ff ff ff ff ff
RSI=0x0000007bd1dfea10 points into unknown readable memory: 0x0000000000000000 | 00 00 00 00 00 00 00 00
RDI=0x0000007bd1dff0f0 points into unknown readable memory: 0x00007ffb80702eb0 | b0 2e 70 80 fb 7f 00 00
R8 =0x0 is NULL
R9 =0x000001f78ca0c000 is pointing into metadata
R10=0x0 is NULL
R11=0x0000000047000000 is an unknown value
R12=0x00007ffb7fd60000 jvm.dll
R13=0x000001f78aeec560 points into unknown readable memory: 0x0000000000000000 | 00 00 00 00 00 00 00 00
R14=0x000001f78ca0fb3b is pointing into metadata
R15=0x0000000000000100 is an unknown value


Registers:
RAX=0x0000000000000000, RBX=0x0000000000000000, RCX=0x0000007bd1dfe9a0, RDX=0x0000000000000000
RSP=0x0000007bd1dfe980, RBP=0x0000007bd1dfeae0, RSI=0x0000007bd1dfea10, RDI=0x0000007bd1dff0f0
R8 =0x0000000000000000, R9 =0x000001f78ca0c000, R10=0x0000000000000000, R11=0x0000000047000000
R12=0x00007ffb7fd60000, R13=0x000001f78aeec560, R14=0x000001f78ca0fb3b, R15=0x0000000000000100
RIP=0x00007ffb804ad9ff, EFLAGS=0x0000000000010246

Top of Stack: (sp=0x0000007bd1dfe980)
0x0000007bd1dfe980:   0000007bd1dfeae0 0000007bd1dfea10
0x0000007bd1dfe990:   0000007bd1dff0f0 0000000000000001
0x0000007bd1dfe9a0:   0000000000000000 00007ffb7ff9cd6e
0x0000007bd1dfe9b0:   0000007bd1dfea38 0000000100000000
0x0000007bd1dfe9c0:   000001f7ffa267b0 0000000000000000
0x0000007bd1dfe9d0:   0000000000000000 00007ffb8009595f
0x0000007bd1dfe9e0:   0000000000000000 0000000000000000
0x0000007bd1dfe9f0:   0000000000000000 00007ffb8037b900
0x0000007bd1dfea00:   000001f7e75c0000 00007ffbd1e1ee55
0x0000007bd1dfea10:   0000000000000000 00007ffb00000063
0x0000007bd1dfea20:   0000000000000000 0000007bd1dfea68
0x0000007bd1dfea30:   000001f700000000 000001f7ffa2cb30
0x0000007bd1dfea40:   0000001500000014 0000000000000015
0x0000007bd1dfea50:   000000030000000e 000001f7ffa267b0
0x0000007bd1dfea60:   0000000000000000 0000000000000000
0x0000007bd1dfea70:   0000007bd1dff1c0 00007ffb804ad930 

Instructions: (pc=0x00007ffb804ad9ff)
0x00007ffb804ad8ff:   00 00 00 44 89 47 0c 44 89 47 08 44 3b c3 7c 17
0x00007ffb804ad90f:   c7 47 1c ff ff ff ff 48 8b 5c 24 30 48 8b 74 24
0x00007ffb804ad91f:   38 48 83 c4 20 5f c3 0f be 4c 30 07 e8 80 fc ff
0x00007ffb804ad92f:   ff 48 83 c6 06 89 47 18 83 e8 0c 74 50 83 f8 01
0x00007ffb804ad93f:   75 34 49 63 c0 48 3b c3 7d 18 0f 1f 80 00 00 00
0x00007ffb804ad94f:   00 80 3c 30 5b 75 0b 41 ff c0 48 ff c0 48 3b c3
0x00007ffb804ad95f:   7c ef 49 63 c8 41 8b c0 2b 47 0c 48 03 ce 89 47
0x00007ffb804ad96f:   14 80 39 4c 74 1d 41 8d 58 01 89 5f 0c 48 8b 5c
0x00007ffb804ad97f:   24 30 48 8b 74 24 38 48 83 c4 20 5f c3 49 63 c8
0x00007ffb804ad98f:   48 03 ce 8b c3 ba 3b 00 00 00 41 2b c0 4c 63 c0
0x00007ffb804ad99f:   e8 fc e9 13 00 48 85 c0 74 06 8b d8 2b de ff c3
0x00007ffb804ad9af:   48 8b 74 24 38 89 5f 0c 48 8b 5c 24 30 48 83 c4
0x00007ffb804ad9bf:   20 5f c3 cc cc cc cc cc cc cc cc cc cc cc cc cc
0x00007ffb804ad9cf:   cc 40 56 48 83 ec 50 83 79 08 63 48 8b f1 0f 85
0x00007ffb804ad9df:   d0 00 00 00 48 8b 01 48 8d 4c 24 20 48 89 44 24
0x00007ffb804ad9ef:   20 48 89 5c 24 60 33 db c7 44 24 3c 01 00 00 00
0x00007ffb804ad9ff:   0f b7 40 04 89 44 24 30 48 8b 05 ba b9 43 00 48
0x00007ffb804ada0f:   89 44 24 40 c7 44 24 2c 01 00 00 00 c7 44 24 28
0x00007ffb804ada1f:   01 00 00 00 89 5c 24 34 48 89 5c 24 48 e8 7f fe
0x00007ffb804ada2f:   ff ff 48 8d 4c 24 20 e8 b5 00 00 00 8b 44 24 38
0x00007ffb804ada3f:   48 8b 4c 24 40 89 46 08 48 3b 0d 7a b9 43 00 74
0x00007ffb804ada4f:   45 48 89 6c 24 68 e8 46 fe 04 00 48 8b 6c 24 48
0x00007ffb804ada5f:   48 85 ed 74 3c 39 5d 00 7e 37 48 89 7c 24 70 8b
0x00007ffb804ada6f:   fb 48 8b 4d 08 48 8b 0c 0f e8 23 fe 04 00 ff c3
0x00007ffb804ada7f:   48 8d 7f 08 3b 5d 00 7c e8 8b 46 08 48 8b 7c 24
0x00007ffb804ada8f:   70 48 8b 6c 24 68 48 8b 5c 24 60 48 83 c4 50 5e
0x00007ffb804ada9f:   c3 8b 46 08 48 8b 6c 24 68 48 8b 5c 24 60 48 83
0x00007ffb804adaaf:   c4 50 5e c3 8b 41 08 48 83 c4 50 5e c3 cc cc cc
0x00007ffb804adabf:   cc 48 8d 42 ff 48 83 f8 fd 77 14 48 3b 51 10 74
0x00007ffb804adacf:   19 48 89 51 10 48 d1 ea 83 e2 0f 89 51 08 c3 48
0x00007ffb804adadf:   89 51 10 c7 41 08 63 00 00 00 c3 cc cc cc cc cc
0x00007ffb804adaef:   cc 40 53 48 83 ec 20 8b 41 1c 48 8b d9 83 f8 03 


Stack slot to memory mapping:
stack at sp + 0 slots: 0x0000007bd1dfeae0 points into unknown readable memory: 0xffffffffffffffff | ff ff ff ff ff ff ff ff
stack at sp + 1 slots: 0x0000007bd1dfea10 points into unknown readable memory: 0x0000000000000000 | 00 00 00 00 00 00 00 00
stack at sp + 2 slots: 0x0000007bd1dff0f0 points into unknown readable memory: 0x00007ffb80702eb0 | b0 2e 70 80 fb 7f 00 00
stack at sp + 3 slots: 0x0000000000000001 is an unknown value
stack at sp + 4 slots: 0x0 is NULL
stack at sp + 5 slots: 0x00007ffb7ff9cd6e jvm.dll
stack at sp + 6 slots: 0x0000007bd1dfea38 points into unknown readable memory: 0x000001f7ffa2cb30 | 30 cb a2 ff f7 01 00 00
stack at sp + 7 slots: 0x0000000100000000 is an unknown value

VM_Operation (0x0000007bd28ff600): get/set locals, mode: safepoint, requested by thread 0x000001f788b8f2f0


---------------  P R O C E S S  ---------------

Threads class SMR info:
_java_thread_list=0x000001f78be3a800, length=16, elements={
0x000001f7e77fff50, 0x000001f78884d2a0, 0x000001f78884e390, 0x000001f788826670,
0x000001f78888d810, 0x000001f78888e0d0, 0x000001f78888ea80, 0x000001f78889ec80,
0x000001f78889f670, 0x000001f7888aa840, 0x000001f78897a440, 0x000001f788b8f2f0,
0x000001f788b8ffa0, 0x000001f788b90490, 0x000001f788bc43d0, 0x000001f78926d840
}

Java Threads: ( => current thread )
  0x000001f7e77fff50 JavaThread "main" [_thread_blocked, id=16232, stack(0x0000007bd1700000,0x0000007bd1800000)]
  0x000001f78884d2a0 JavaThread "Reference Handler" daemon [_thread_blocked, id=12480, stack(0x0000007bd1e00000,0x0000007bd1f00000)]
  0x000001f78884e390 JavaThread "Finalizer" daemon [_thread_blocked, id=4752, stack(0x0000007bd1f00000,0x0000007bd2000000)]
  0x000001f788826670 JavaThread "Signal Dispatcher" daemon [_thread_blocked, id=8808, stack(0x0000007bd2000000,0x0000007bd2100000)]
  0x000001f78888d810 JavaThread "Attach Listener" daemon [_thread_blocked, id=18684, stack(0x0000007bd2100000,0x0000007bd2200000)]
  0x000001f78888e0d0 JavaThread "Service Thread" daemon [_thread_blocked, id=19996, stack(0x0000007bd2200000,0x0000007bd2300000)]
  0x000001f78888ea80 JavaThread "Monitor Deflation Thread" daemon [_thread_blocked, id=15496, stack(0x0000007bd2300000,0x0000007bd2400000)]
  0x000001f78889ec80 JavaThread "C2 CompilerThread0" daemon [_thread_blocked, id=16624, stack(0x0000007bd2400000,0x0000007bd2500000)]
  0x000001f78889f670 JavaThread "C1 CompilerThread0" daemon [_thread_blocked, id=13828, stack(0x0000007bd2500000,0x0000007bd2600000)]
  0x000001f7888aa840 JavaThread "Sweeper thread" daemon [_thread_blocked, id=14836, stack(0x0000007bd2600000,0x0000007bd2700000)]
  0x000001f78897a440 JavaThread "Common-Cleaner" daemon [_thread_blocked, id=7452, stack(0x0000007bd2700000,0x0000007bd2800000)]
  0x000001f788b8f2f0 JavaThread "JDWP Transport Listener: dt_socket" daemon [_thread_blocked, id=3388, stack(0x0000007bd2800000,0x0000007bd2900000)]
  0x000001f788b8ffa0 JavaThread "JDWP Event Helper Thread" daemon [_thread_blocked, id=7512, stack(0x0000007bd2900000,0x0000007bd2a00000)]
  0x000001f788b90490 JavaThread "JDWP Command Reader" daemon [_thread_in_native, id=6408, stack(0x0000007bd2a00000,0x0000007bd2b00000)]
  0x000001f788bc43d0 JavaThread "Notification Thread" daemon [_thread_blocked, id=10776, stack(0x0000007bd2b00000,0x0000007bd2c00000)]
  0x000001f78926d840 JavaThread "mysql-cj-abandoned-connection-cleanup" daemon [_thread_blocked, id=16036, stack(0x0000007bd2d00000,0x0000007bd2e00000)]

Other Threads:
=>0x000001f7ffb4bce0 VMThread "VM Thread" [stack: 0x0000007bd1d00000,0x0000007bd1e00000] [id=14968]
  0x000001f7890e0000 WatcherThread [stack: 0x0000007bd2c00000,0x0000007bd2d00000] [id=7136]
  0x000001f7e784e460 GCTaskThread "GC Thread#0" [stack: 0x0000007bd1800000,0x0000007bd1900000] [id=15628]
  0x000001f78950bc40 GCTaskThread "GC Thread#1" [stack: 0x0000007bd2e00000,0x0000007bd2f00000] [id=16976]
  0x000001f7895030d0 GCTaskThread "GC Thread#2" [stack: 0x0000007bd2f00000,0x0000007bd3000000] [id=1248]
  0x000001f78950a820 GCTaskThread "GC Thread#3" [stack: 0x0000007bd3000000,0x0000007bd3100000] [id=15524]
  0x000001f7e785f1f0 ConcurrentGCThread "G1 Main Marker" [stack: 0x0000007bd1900000,0x0000007bd1a00000] [id=9876]
  0x000001f7e78613b0 ConcurrentGCThread "G1 Conc#0" [stack: 0x0000007bd1a00000,0x0000007bd1b00000] [id=20472]
  0x000001f7e78d8690 ConcurrentGCThread "G1 Refine#0" [stack: 0x0000007bd1b00000,0x0000007bd1c00000] [id=12868]
  0x000001f7e78d90b0 ConcurrentGCThread "G1 Service" [stack: 0x0000007bd1c00000,0x0000007bd1d00000] [id=10768]

Threads with active compile tasks:

VM state: at safepoint (normal execution)

VM Mutex/Monitor currently owned by a thread:  ([mutex/lock_event])
[0x000001f7e77fa1d0] Threads_lock - owner thread: 0x000001f7ffb4bce0

Heap address: 0x0000000701a00000, size: 4070 MB, Compressed Oops mode: Zero based, Oop shift amount: 3

CDS archive(s) not mapped
Compressed class space mapped at: 0x0000000800000000-0x0000000840000000, reserved size: 1073741824
Narrow klass base: 0x0000000800000000, Narrow klass shift: 0, Narrow klass range: 0x40000000

GC Precious Log:
 CPUs: 4 total, 4 available
 Memory: 16272M
 Large Page Support: Disabled
 NUMA Support: Disabled
 Compressed Oops: Enabled (Zero based)
 Heap Region Size: 2M
 Heap Min Capacity: 8M
 Heap Initial Capacity: 256M
 Heap Max Capacity: 4070M
 Pre-touch: Disabled
 Parallel Workers: 4
 Concurrent Workers: 1
 Concurrent Refinement Workers: 4
 Periodic GC: Disabled

Heap:
 garbage-first heap   total 262144K, used 31163K [0x0000000701a00000, 0x0000000800000000)
  region size 2048K, 17 young (34816K), 1 survivors (2048K)
 Metaspace       used 20107K, committed 20352K, reserved 1073152K
  class space    used 1944K, committed 2048K, reserved 1048576K

Heap Regions: E=young(eden), S=young(survivor), O=old, HS=humongous(starts), HC=humongous(continues), CS=collection set, F=free, OA=open archive, CA=closed archive, TAMS=top-at-mark-start (previous, next)
|   0|0x0000000701a00000, 0x0000000701bf6000, 0x0000000701c00000| 98%| O|  |TAMS 0x0000000701a00000, 0x0000000701a00000| Untracked 
|   1|0x0000000701c00000, 0x0000000701c00000, 0x0000000701e00000|  0%| F|  |TAMS 0x0000000701c00000, 0x0000000701c00000| Untracked 
|   2|0x0000000701e00000, 0x0000000701e00000, 0x0000000702000000|  0%| F|  |TAMS 0x0000000701e00000, 0x0000000701e00000| Untracked 
|   3|0x0000000702000000, 0x0000000702000000, 0x0000000702200000|  0%| F|  |TAMS 0x0000000702000000, 0x0000000702000000| Untracked 
|   4|0x0000000702200000, 0x0000000702200000, 0x0000000702400000|  0%| F|  |TAMS 0x0000000702200000, 0x0000000702200000| Untracked 
|   5|0x0000000702400000, 0x0000000702400000, 0x0000000702600000|  0%| F|  |TAMS 0x0000000702400000, 0x0000000702400000| Untracked 
|   6|0x0000000702600000, 0x0000000702600000, 0x0000000702800000|  0%| F|  |TAMS 0x0000000702600000, 0x0000000702600000| Untracked 
|   7|0x0000000702800000, 0x0000000702800000, 0x0000000702a00000|  0%| F|  |TAMS 0x0000000702800000, 0x0000000702800000| Untracked 
|   8|0x0000000702a00000, 0x0000000702a00000, 0x0000000702c00000|  0%| F|  |TAMS 0x0000000702a00000, 0x0000000702a00000| Untracked 
|   9|0x0000000702c00000, 0x0000000702c00000, 0x0000000702e00000|  0%| F|  |TAMS 0x0000000702c00000, 0x0000000702c00000| Untracked 
|  10|0x0000000702e00000, 0x0000000702e00000, 0x0000000703000000|  0%| F|  |TAMS 0x0000000702e00000, 0x0000000702e00000| Untracked 
|  11|0x0000000703000000, 0x0000000703000000, 0x0000000703200000|  0%| F|  |TAMS 0x0000000703000000, 0x0000000703000000| Untracked 
|  12|0x0000000703200000, 0x0000000703200000, 0x0000000703400000|  0%| F|  |TAMS 0x0000000703200000, 0x0000000703200000| Untracked 
|  13|0x0000000703400000, 0x0000000703400000, 0x0000000703600000|  0%| F|  |TAMS 0x0000000703400000, 0x0000000703400000| Untracked 
|  14|0x0000000703600000, 0x0000000703600000, 0x0000000703800000|  0%| F|  |TAMS 0x0000000703600000, 0x0000000703600000| Untracked 
|  15|0x0000000703800000, 0x0000000703800000, 0x0000000703a00000|  0%| F|  |TAMS 0x0000000703800000, 0x0000000703800000| Untracked 
|  16|0x0000000703a00000, 0x0000000703a00000, 0x0000000703c00000|  0%| F|  |TAMS 0x0000000703a00000, 0x0000000703a00000| Untracked 
|  17|0x0000000703c00000, 0x0000000703c00000, 0x0000000703e00000|  0%| F|  |TAMS 0x0000000703c00000, 0x0000000703c00000| Untracked 
|  18|0x0000000703e00000, 0x0000000703e00000, 0x0000000704000000|  0%| F|  |TAMS 0x0000000703e00000, 0x0000000703e00000| Untracked 
|  19|0x0000000704000000, 0x0000000704000000, 0x0000000704200000|  0%| F|  |TAMS 0x0000000704000000, 0x0000000704000000| Untracked 
|  20|0x0000000704200000, 0x0000000704200000, 0x0000000704400000|  0%| F|  |TAMS 0x0000000704200000, 0x0000000704200000| Untracked 
|  21|0x0000000704400000, 0x0000000704400000, 0x0000000704600000|  0%| F|  |TAMS 0x0000000704400000, 0x0000000704400000| Untracked 
|  22|0x0000000704600000, 0x0000000704600000, 0x0000000704800000|  0%| F|  |TAMS 0x0000000704600000, 0x0000000704600000| Untracked 
|  23|0x0000000704800000, 0x0000000704800000, 0x0000000704a00000|  0%| F|  |TAMS 0x0000000704800000, 0x0000000704800000| Untracked 
|  24|0x0000000704a00000, 0x0000000704a00000, 0x0000000704c00000|  0%| F|  |TAMS 0x0000000704a00000, 0x0000000704a00000| Untracked 
|  25|0x0000000704c00000, 0x0000000704c00000, 0x0000000704e00000|  0%| F|  |TAMS 0x0000000704c00000, 0x0000000704c00000| Untracked 
|  26|0x0000000704e00000, 0x0000000704e00000, 0x0000000705000000|  0%| F|  |TAMS 0x0000000704e00000, 0x0000000704e00000| Untracked 
|  27|0x0000000705000000, 0x0000000705000000, 0x0000000705200000|  0%| F|  |TAMS 0x0000000705000000, 0x0000000705000000| Untracked 
|  28|0x0000000705200000, 0x0000000705200000, 0x0000000705400000|  0%| F|  |TAMS 0x0000000705200000, 0x0000000705200000| Untracked 
|  29|0x0000000705400000, 0x0000000705400000, 0x0000000705600000|  0%| F|  |TAMS 0x0000000705400000, 0x0000000705400000| Untracked 
|  30|0x0000000705600000, 0x0000000705600000, 0x0000000705800000|  0%| F|  |TAMS 0x0000000705600000, 0x0000000705600000| Untracked 
|  31|0x0000000705800000, 0x0000000705800000, 0x0000000705a00000|  0%| F|  |TAMS 0x0000000705800000, 0x0000000705800000| Untracked 
|  32|0x0000000705a00000, 0x0000000705a00000, 0x0000000705c00000|  0%| F|  |TAMS 0x0000000705a00000, 0x0000000705a00000| Untracked 
|  33|0x0000000705c00000, 0x0000000705c00000, 0x0000000705e00000|  0%| F|  |TAMS 0x0000000705c00000, 0x0000000705c00000| Untracked 
|  34|0x0000000705e00000, 0x0000000705e00000, 0x0000000706000000|  0%| F|  |TAMS 0x0000000705e00000, 0x0000000705e00000| Untracked 
|  35|0x0000000706000000, 0x0000000706000000, 0x0000000706200000|  0%| F|  |TAMS 0x0000000706000000, 0x0000000706000000| Untracked 
|  36|0x0000000706200000, 0x0000000706200000, 0x0000000706400000|  0%| F|  |TAMS 0x0000000706200000, 0x0000000706200000| Untracked 
|  37|0x0000000706400000, 0x0000000706400000, 0x0000000706600000|  0%| F|  |TAMS 0x0000000706400000, 0x0000000706400000| Untracked 
|  38|0x0000000706600000, 0x0000000706600000, 0x0000000706800000|  0%| F|  |TAMS 0x0000000706600000, 0x0000000706600000| Untracked 
|  39|0x0000000706800000, 0x0000000706800000, 0x0000000706a00000|  0%| F|  |TAMS 0x0000000706800000, 0x0000000706800000| Untracked 
|  40|0x0000000706a00000, 0x0000000706a00000, 0x0000000706c00000|  0%| F|  |TAMS 0x0000000706a00000, 0x0000000706a00000| Untracked 
|  41|0x0000000706c00000, 0x0000000706c00000, 0x0000000706e00000|  0%| F|  |TAMS 0x0000000706c00000, 0x0000000706c00000| Untracked 
|  42|0x0000000706e00000, 0x0000000706e00000, 0x0000000707000000|  0%| F|  |TAMS 0x0000000706e00000, 0x0000000706e00000| Untracked 
|  43|0x0000000707000000, 0x0000000707000000, 0x0000000707200000|  0%| F|  |TAMS 0x0000000707000000, 0x0000000707000000| Untracked 
|  44|0x0000000707200000, 0x0000000707200000, 0x0000000707400000|  0%| F|  |TAMS 0x0000000707200000, 0x0000000707200000| Untracked 
|  45|0x0000000707400000, 0x0000000707400000, 0x0000000707600000|  0%| F|  |TAMS 0x0000000707400000, 0x0000000707400000| Untracked 
|  46|0x0000000707600000, 0x0000000707600000, 0x0000000707800000|  0%| F|  |TAMS 0x0000000707600000, 0x0000000707600000| Untracked 
|  47|0x0000000707800000, 0x0000000707800000, 0x0000000707a00000|  0%| F|  |TAMS 0x0000000707800000, 0x0000000707800000| Untracked 
|  48|0x0000000707a00000, 0x0000000707a00000, 0x0000000707c00000|  0%| F|  |TAMS 0x0000000707a00000, 0x0000000707a00000| Untracked 
|  49|0x0000000707c00000, 0x0000000707c00000, 0x0000000707e00000|  0%| F|  |TAMS 0x0000000707c00000, 0x0000000707c00000| Untracked 
|  50|0x0000000707e00000, 0x0000000707e00000, 0x0000000708000000|  0%| F|  |TAMS 0x0000000707e00000, 0x0000000707e00000| Untracked 
|  51|0x0000000708000000, 0x0000000708000000, 0x0000000708200000|  0%| F|  |TAMS 0x0000000708000000, 0x0000000708000000| Untracked 
|  52|0x0000000708200000, 0x0000000708200000, 0x0000000708400000|  0%| F|  |TAMS 0x0000000708200000, 0x0000000708200000| Untracked 
|  53|0x0000000708400000, 0x0000000708400000, 0x0000000708600000|  0%| F|  |TAMS 0x0000000708400000, 0x0000000708400000| Untracked 
|  54|0x0000000708600000, 0x0000000708600000, 0x0000000708800000|  0%| F|  |TAMS 0x0000000708600000, 0x0000000708600000| Untracked 
|  55|0x0000000708800000, 0x0000000708800000, 0x0000000708a00000|  0%| F|  |TAMS 0x0000000708800000, 0x0000000708800000| Untracked 
|  56|0x0000000708a00000, 0x0000000708a00000, 0x0000000708c00000|  0%| F|  |TAMS 0x0000000708a00000, 0x0000000708a00000| Untracked 
|  57|0x0000000708c00000, 0x0000000708c00000, 0x0000000708e00000|  0%| F|  |TAMS 0x0000000708c00000, 0x0000000708c00000| Untracked 
|  58|0x0000000708e00000, 0x0000000708e00000, 0x0000000709000000|  0%| F|  |TAMS 0x0000000708e00000, 0x0000000708e00000| Untracked 
|  59|0x0000000709000000, 0x0000000709000000, 0x0000000709200000|  0%| F|  |TAMS 0x0000000709000000, 0x0000000709000000| Untracked 
|  60|0x0000000709200000, 0x0000000709200000, 0x0000000709400000|  0%| F|  |TAMS 0x0000000709200000, 0x0000000709200000| Untracked 
|  61|0x0000000709400000, 0x0000000709400000, 0x0000000709600000|  0%| F|  |TAMS 0x0000000709400000, 0x0000000709400000| Untracked 
|  62|0x0000000709600000, 0x0000000709600000, 0x0000000709800000|  0%| F|  |TAMS 0x0000000709600000, 0x0000000709600000| Untracked 
|  63|0x0000000709800000, 0x0000000709800000, 0x0000000709a00000|  0%| F|  |TAMS 0x0000000709800000, 0x0000000709800000| Untracked 
|  64|0x0000000709a00000, 0x0000000709a00000, 0x0000000709c00000|  0%| F|  |TAMS 0x0000000709a00000, 0x0000000709a00000| Untracked 
|  65|0x0000000709c00000, 0x0000000709c00000, 0x0000000709e00000|  0%| F|  |TAMS 0x0000000709c00000, 0x0000000709c00000| Untracked 
|  66|0x0000000709e00000, 0x0000000709e00000, 0x000000070a000000|  0%| F|  |TAMS 0x0000000709e00000, 0x0000000709e00000| Untracked 
|  67|0x000000070a000000, 0x000000070a000000, 0x000000070a200000|  0%| F|  |TAMS 0x000000070a000000, 0x000000070a000000| Untracked 
|  68|0x000000070a200000, 0x000000070a200000, 0x000000070a400000|  0%| F|  |TAMS 0x000000070a200000, 0x000000070a200000| Untracked 
|  69|0x000000070a400000, 0x000000070a400000, 0x000000070a600000|  0%| F|  |TAMS 0x000000070a400000, 0x000000070a400000| Untracked 
|  70|0x000000070a600000, 0x000000070a600000, 0x000000070a800000|  0%| F|  |TAMS 0x000000070a600000, 0x000000070a600000| Untracked 
|  71|0x000000070a800000, 0x000000070a800000, 0x000000070aa00000|  0%| F|  |TAMS 0x000000070a800000, 0x000000070a800000| Untracked 
|  72|0x000000070aa00000, 0x000000070aa00000, 0x000000070ac00000|  0%| F|  |TAMS 0x000000070aa00000, 0x000000070aa00000| Untracked 
|  73|0x000000070ac00000, 0x000000070ac00000, 0x000000070ae00000|  0%| F|  |TAMS 0x000000070ac00000, 0x000000070ac00000| Untracked 
|  74|0x000000070ae00000, 0x000000070ae00000, 0x000000070b000000|  0%| F|  |TAMS 0x000000070ae00000, 0x000000070ae00000| Untracked 
|  75|0x000000070b000000, 0x000000070b000000, 0x000000070b200000|  0%| F|  |TAMS 0x000000070b000000, 0x000000070b000000| Untracked 
|  76|0x000000070b200000, 0x000000070b200000, 0x000000070b400000|  0%| F|  |TAMS 0x000000070b200000, 0x000000070b200000| Untracked 
|  77|0x000000070b400000, 0x000000070b400000, 0x000000070b600000|  0%| F|  |TAMS 0x000000070b400000, 0x000000070b400000| Untracked 
|  78|0x000000070b600000, 0x000000070b600000, 0x000000070b800000|  0%| F|  |TAMS 0x000000070b600000, 0x000000070b600000| Untracked 
|  79|0x000000070b800000, 0x000000070b800000, 0x000000070ba00000|  0%| F|  |TAMS 0x000000070b800000, 0x000000070b800000| Untracked 
|  80|0x000000070ba00000, 0x000000070ba00000, 0x000000070bc00000|  0%| F|  |TAMS 0x000000070ba00000, 0x000000070ba00000| Untracked 
|  81|0x000000070bc00000, 0x000000070bc00000, 0x000000070be00000|  0%| F|  |TAMS 0x000000070bc00000, 0x000000070bc00000| Untracked 
|  82|0x000000070be00000, 0x000000070be00000, 0x000000070c000000|  0%| F|  |TAMS 0x000000070be00000, 0x000000070be00000| Untracked 
|  83|0x000000070c000000, 0x000000070c000000, 0x000000070c200000|  0%| F|  |TAMS 0x000000070c000000, 0x000000070c000000| Untracked 
|  84|0x000000070c200000, 0x000000070c200000, 0x000000070c400000|  0%| F|  |TAMS 0x000000070c200000, 0x000000070c200000| Untracked 
|  85|0x000000070c400000, 0x000000070c400000, 0x000000070c600000|  0%| F|  |TAMS 0x000000070c400000, 0x000000070c400000| Untracked 
|  86|0x000000070c600000, 0x000000070c600000, 0x000000070c800000|  0%| F|  |TAMS 0x000000070c600000, 0x000000070c600000| Untracked 
|  87|0x000000070c800000, 0x000000070c800000, 0x000000070ca00000|  0%| F|  |TAMS 0x000000070c800000, 0x000000070c800000| Untracked 
|  88|0x000000070ca00000, 0x000000070ca00000, 0x000000070cc00000|  0%| F|  |TAMS 0x000000070ca00000, 0x000000070ca00000| Untracked 
|  89|0x000000070cc00000, 0x000000070cc00000, 0x000000070ce00000|  0%| F|  |TAMS 0x000000070cc00000, 0x000000070cc00000| Untracked 
|  90|0x000000070ce00000, 0x000000070ce00000, 0x000000070d000000|  0%| F|  |TAMS 0x000000070ce00000, 0x000000070ce00000| Untracked 
|  91|0x000000070d000000, 0x000000070d000000, 0x000000070d200000|  0%| F|  |TAMS 0x000000070d000000, 0x000000070d000000| Untracked 
|  92|0x000000070d200000, 0x000000070d200000, 0x000000070d400000|  0%| F|  |TAMS 0x000000070d200000, 0x000000070d200000| Untracked 
|  93|0x000000070d400000, 0x000000070d400000, 0x000000070d600000|  0%| F|  |TAMS 0x000000070d400000, 0x000000070d400000| Untracked 
|  94|0x000000070d600000, 0x000000070d600000, 0x000000070d800000|  0%| F|  |TAMS 0x000000070d600000, 0x000000070d600000| Untracked 
|  95|0x000000070d800000, 0x000000070d800000, 0x000000070da00000|  0%| F|  |TAMS 0x000000070d800000, 0x000000070d800000| Untracked 
|  96|0x000000070da00000, 0x000000070da00000, 0x000000070dc00000|  0%| F|  |TAMS 0x000000070da00000, 0x000000070da00000| Untracked 
|  97|0x000000070dc00000, 0x000000070dc00000, 0x000000070de00000|  0%| F|  |TAMS 0x000000070dc00000, 0x000000070dc00000| Untracked 
|  98|0x000000070de00000, 0x000000070de00000, 0x000000070e000000|  0%| F|  |TAMS 0x000000070de00000, 0x000000070de00000| Untracked 
|  99|0x000000070e000000, 0x000000070e000000, 0x000000070e200000|  0%| F|  |TAMS 0x000000070e000000, 0x000000070e000000| Untracked 
| 100|0x000000070e200000, 0x000000070e200000, 0x000000070e400000|  0%| F|  |TAMS 0x000000070e200000, 0x000000070e200000| Untracked 
| 101|0x000000070e400000, 0x000000070e400000, 0x000000070e600000|  0%| F|  |TAMS 0x000000070e400000, 0x000000070e400000| Untracked 
| 102|0x000000070e600000, 0x000000070e600000, 0x000000070e800000|  0%| F|  |TAMS 0x000000070e600000, 0x000000070e600000| Untracked 
| 103|0x000000070e800000, 0x000000070e800000, 0x000000070ea00000|  0%| F|  |TAMS 0x000000070e800000, 0x000000070e800000| Untracked 
| 104|0x000000070ea00000, 0x000000070ea00000, 0x000000070ec00000|  0%| F|  |TAMS 0x000000070ea00000, 0x000000070ea00000| Untracked 
| 105|0x000000070ec00000, 0x000000070ec00000, 0x000000070ee00000|  0%| F|  |TAMS 0x000000070ec00000, 0x000000070ec00000| Untracked 
| 106|0x000000070ee00000, 0x000000070ee00000, 0x000000070f000000|  0%| F|  |TAMS 0x000000070ee00000, 0x000000070ee00000| Untracked 
| 107|0x000000070f000000, 0x000000070f000000, 0x000000070f200000|  0%| F|  |TAMS 0x000000070f000000, 0x000000070f000000| Untracked 
| 108|0x000000070f200000, 0x000000070f200000, 0x000000070f400000|  0%| F|  |TAMS 0x000000070f200000, 0x000000070f200000| Untracked 
| 109|0x000000070f400000, 0x000000070f400000, 0x000000070f600000|  0%| F|  |TAMS 0x000000070f400000, 0x000000070f400000| Untracked 
| 110|0x000000070f600000, 0x000000070f600000, 0x000000070f800000|  0%| F|  |TAMS 0x000000070f600000, 0x000000070f600000| Untracked 
| 111|0x000000070f800000, 0x000000070f900800, 0x000000070fa00000| 50%| E|  |TAMS 0x000000070f800000, 0x000000070f800000| Complete 
| 112|0x000000070fa00000, 0x000000070fc00000, 0x000000070fc00000|100%| E|CS|TAMS 0x000000070fa00000, 0x000000070fa00000| Complete 
| 113|0x000000070fc00000, 0x000000070fe00000, 0x000000070fe00000|100%| E|CS|TAMS 0x000000070fc00000, 0x000000070fc00000| Complete 
| 114|0x000000070fe00000, 0x0000000710000000, 0x0000000710000000|100%| E|CS|TAMS 0x000000070fe00000, 0x000000070fe00000| Complete 
| 115|0x0000000710000000, 0x0000000710200000, 0x0000000710200000|100%| E|CS|TAMS 0x0000000710000000, 0x0000000710000000| Complete 
| 116|0x0000000710200000, 0x0000000710400000, 0x0000000710400000|100%| E|CS|TAMS 0x0000000710200000, 0x0000000710200000| Complete 
| 117|0x0000000710400000, 0x0000000710600000, 0x0000000710600000|100%| E|CS|TAMS 0x0000000710400000, 0x0000000710400000| Complete 
| 118|0x0000000710600000, 0x0000000710800000, 0x0000000710800000|100%| E|CS|TAMS 0x0000000710600000, 0x0000000710600000| Complete 
| 119|0x0000000710800000, 0x0000000710878c90, 0x0000000710a00000| 23%| S|CS|TAMS 0x0000000710800000, 0x0000000710800000| Complete 
| 120|0x0000000710a00000, 0x0000000710c00000, 0x0000000710c00000|100%| E|CS|TAMS 0x0000000710a00000, 0x0000000710a00000| Complete 
| 121|0x0000000710c00000, 0x0000000710e00000, 0x0000000710e00000|100%| E|CS|TAMS 0x0000000710c00000, 0x0000000710c00000| Complete 
| 122|0x0000000710e00000, 0x0000000711000000, 0x0000000711000000|100%| E|CS|TAMS 0x0000000710e00000, 0x0000000710e00000| Complete 
| 123|0x0000000711000000, 0x0000000711200000, 0x0000000711200000|100%| E|CS|TAMS 0x0000000711000000, 0x0000000711000000| Complete 
| 124|0x0000000711200000, 0x0000000711400000, 0x0000000711400000|100%| E|CS|TAMS 0x0000000711200000, 0x0000000711200000| Complete 
| 125|0x0000000711400000, 0x0000000711600000, 0x0000000711600000|100%| E|CS|TAMS 0x0000000711400000, 0x0000000711400000| Complete 
| 126|0x0000000711600000, 0x0000000711800000, 0x0000000711800000|100%| E|CS|TAMS 0x0000000711600000, 0x0000000711600000| Complete 
| 127|0x0000000711800000, 0x0000000711a00000, 0x0000000711a00000|100%| E|  |TAMS 0x0000000711800000, 0x0000000711800000| Complete 

Card table byte_map: [0x000001f7fc4c0000,0x000001f7fccc0000] _byte_map_base: 0x000001f7f8cb3000

Marking Bits (Prev, Next): (CMBitMap*) 0x000001f7e784ea70, (CMBitMap*) 0x000001f7e784eab0
 Prev Bits: [0x000001f780000000, 0x000001f783f98000)
 Next Bits: [0x000001f783fa0000, 0x000001f787f38000)

Polling page: 0x000001f7ec670000

Metaspace:

Usage:
  Non-class:     17.74 MB used.
      Class:      1.90 MB used.
       Both:     19.64 MB used.

Virtual space:
  Non-class space:       24.00 MB reserved,      17.88 MB ( 74%) committed,  3 nodes.
      Class space:        1.00 GB reserved,       2.00 MB ( <1%) committed,  1 nodes.
             Both:        1.02 GB reserved,      19.88 MB (  2%) committed. 

Chunk freelists:
   Non-Class:  1.92 MB
       Class:  2.02 MB
        Both:  3.94 MB

MaxMetaspaceSize: unlimited
CompressedClassSpaceSize: 1.00 GB
Initial GC threshold: 21.00 MB
Current GC threshold: 21.00 MB
CDS: off
MetaspaceReclaimPolicy: balanced
 - commit_granule_bytes: 65536.
 - commit_granule_words: 8192.
 - virtual_space_node_default_size: 1048576.
 - enlarge_chunks_in_place: 1.
 - new_chunks_are_fully_committed: 0.
 - uncommit_free_chunks: 1.
 - use_allocation_guard: 0.
 - handle_deallocations: 1.


Internal statistics:

num_allocs_failed_limit: 0.
num_arena_births: 62.
num_arena_deaths: 0.
num_vsnodes_births: 4.
num_vsnodes_deaths: 0.
num_space_committed: 318.
num_space_uncommitted: 0.
num_chunks_returned_to_freelist: 0.
num_chunks_taken_from_freelist: 285.
num_chunk_merges: 0.
num_chunk_splits: 166.
num_chunks_enlarged: 119.
num_purges: 0.
num_inconsistent_stats: 0.

CodeHeap 'non-profiled nmethods': size=120000Kb used=809Kb max_used=809Kb free=119190Kb
 bounds [0x000001f7f4160000, 0x000001f7f43d0000, 0x000001f7fb690000]
CodeHeap 'profiled nmethods': size=120000Kb used=3596Kb max_used=3596Kb free=116403Kb
 bounds [0x000001f7ecc30000, 0x000001f7ecfc0000, 0x000001f7f4160000]
CodeHeap 'non-nmethods': size=5760Kb used=1291Kb max_used=1379Kb free=4468Kb
 bounds [0x000001f7ec690000, 0x000001f7ec900000, 0x000001f7ecc30000]
 total_blobs=2224 nmethods=1697 adapters=440
 compilation: enabled
              stopped_count=0, restarted_count=0
 full_count=0

Compilation events (20 events):
Event: 32.769 Thread 0x000001f78889f670 1699       3       jdk.internal.reflect.ConstructorAccessorImpl::<init> (5 bytes)
Event: 32.769 Thread 0x000001f78889f670 nmethod 1699 0x000001f7ecfaea90 code [0x000001f7ecfaec40, 0x000001f7ecfaedf8]
Event: 32.770 Thread 0x000001f78889f670 1700       3       java.util.ResourceBundle::getObject (82 bytes)
Event: 32.771 Thread 0x000001f78889f670 nmethod 1700 0x000001f7ecfaef10 code [0x000001f7ecfaf1e0, 0x000001f7ecfafdd8]
Event: 32.772 Thread 0x000001f78956e890 nmethod 1690 0x000001f7f421d010 code [0x000001f7f421d1e0, 0x000001f7f421dbd8]
Event: 32.773 Thread 0x000001f78956e890 1696       4       java.util.StringTokenizer::scanToken (179 bytes)
Event: 32.777 Thread 0x000001f78956e890 nmethod 1696 0x000001f7f421e090 code [0x000001f7f421e220, 0x000001f7f421e568]
Event: 32.777 Thread 0x000001f78956e890 1701       4       java.lang.String::startsWith (138 bytes)
Event: 32.785 Thread 0x000001f78956e890 nmethod 1701 0x000001f7f421e890 code [0x000001f7f421ea20, 0x000001f7f421ecb8]
Event: 32.785 Thread 0x000001f78956e890 1605       4       java.lang.String::getBytes (46 bytes)
Event: 32.789 Thread 0x000001f78956e890 nmethod 1605 0x000001f7f421ee90 code [0x000001f7f421f020, 0x000001f7f421f338]
Event: 32.804 Thread 0x000001f78889f670 1702       3       java.lang.StringBuffer::<init> (7 bytes)
Event: 32.804 Thread 0x000001f78889f670 nmethod 1702 0x000001f7ecfb0290 code [0x000001f7ecfb0420, 0x000001f7ecfb0568]
Event: 32.907 Thread 0x000001f78889ec80 nmethod 1601% 0x000001f7f421f490 code [0x000001f7f421f860, 0x000001f7f42266f0]
Event: 75.710 Thread 0x000001f78889f670 1703       3       jdk.internal.loader.BuiltinClassLoader::hasClassPath (13 bytes)
Event: 75.711 Thread 0x000001f78889f670 nmethod 1703 0x000001f7ecfb0610 code [0x000001f7ecfb07a0, 0x000001f7ecfb0918]
Event: 195.881 Thread 0x000001f78889f670 1705   !   3       jdk.internal.loader.URLClassPath$FileLoader::getResource (164 bytes)
Event: 195.882 Thread 0x000001f78889f670 nmethod 1705 0x000001f7ecfb0990 code [0x000001f7ecfb0ce0, 0x000001f7ecfb2128]
Event: 220.944 Thread 0x000001f78889f670 1706       3       java.lang.ref.ReferenceQueue::reallyPoll (65 bytes)
Event: 220.945 Thread 0x000001f78889f670 nmethod 1706 0x000001f7ecfb2a90 code [0x000001f7ecfb2c60, 0x000001f7ecfb31b8]

GC Heap History (4 events):
Event: 0.790 GC heap before
{Heap before GC invocations=0 (full 0):
 garbage-first heap   total 262144K, used 12288K [0x0000000701a00000, 0x0000000800000000)
  region size 2048K, 6 young (12288K), 0 survivors (0K)
 Metaspace       used 11201K, committed 11392K, reserved 1064960K
  class space    used 979K, committed 1088K, reserved 1048576K
}
Event: 0.794 GC heap after
{Heap after GC invocations=1 (full 0):
 garbage-first heap   total 262144K, used 2428K [0x0000000701a00000, 0x0000000800000000)
  region size 2048K, 1 young (2048K), 1 survivors (2048K)
 Metaspace       used 11201K, committed 11392K, reserved 1064960K
  class space    used 979K, committed 1088K, reserved 1048576K
}
Event: 1.101 GC heap before
{Heap before GC invocations=1 (full 0):
 garbage-first heap   total 262144K, used 14716K [0x0000000701a00000, 0x0000000800000000)
  region size 2048K, 8 young (16384K), 1 survivors (2048K)
 Metaspace       used 13701K, committed 13824K, reserved 1064960K
  class space    used 1213K, committed 1280K, reserved 1048576K
}
Event: 1.107 GC heap after
{Heap after GC invocations=2 (full 0):
 garbage-first heap   total 262144K, used 2491K [0x0000000701a00000, 0x0000000800000000)
  region size 2048K, 1 young (2048K), 1 survivors (2048K)
 Metaspace       used 13701K, committed 13824K, reserved 1064960K
  class space    used 1213K, committed 1280K, reserved 1048576K
}

Deoptimization events (20 events):
Event: 2.805 Thread 0x000001f7e77fff50 DEOPT PACKING pc=0x000001f7f4173a60 sp=0x0000007bd17fe900
Event: 2.805 Thread 0x000001f7e77fff50 DEOPT UNPACKING pc=0x000001f7ec6e23a3 sp=0x0000007bd17fe888 mode 2
Event: 2.852 Thread 0x000001f7e77fff50 DEOPT PACKING pc=0x000001f7ecc999cf sp=0x0000007bd17fdf70
Event: 2.852 Thread 0x000001f7e77fff50 DEOPT UNPACKING pc=0x000001f7ec6e2b43 sp=0x0000007bd17fd438 mode 1
Event: 2.864 Thread 0x000001f7e77fff50 Uncommon trap: trap_request=0xffffffde fr.pc=0x000001f7f41d1124 relative=0x00000000000011e4
Event: 2.864 Thread 0x000001f7e77fff50 Uncommon trap: reason=class_check action=maybe_recompile pc=0x000001f7f41d1124 method=java.util.HashMap.putVal(ILjava/lang/Object;Ljava/lang/Object;ZZ)Ljava/lang/Object; @ 253 c2
Event: 2.864 Thread 0x000001f7e77fff50 DEOPT PACKING pc=0x000001f7f41d1124 sp=0x0000007bd17fdee0
Event: 2.864 Thread 0x000001f7e77fff50 DEOPT UNPACKING pc=0x000001f7ec6e23a3 sp=0x0000007bd17fde90 mode 2
Event: 28.739 Thread 0x000001f7e77fff50 Uncommon trap: trap_request=0xffffffde fr.pc=0x000001f7f42113d0 relative=0x00000000000005f0
Event: 28.739 Thread 0x000001f7e77fff50 Uncommon trap: reason=class_check action=maybe_recompile pc=0x000001f7f42113d0 method=java.util.regex.Matcher.search(I)Z @ 121 c2
Event: 28.739 Thread 0x000001f7e77fff50 DEOPT PACKING pc=0x000001f7f42113d0 sp=0x0000007bd17feec0
Event: 28.739 Thread 0x000001f7e77fff50 DEOPT UNPACKING pc=0x000001f7ec6e23a3 sp=0x0000007bd17fee80 mode 2
Event: 32.682 Thread 0x000001f7e77fff50 Uncommon trap: trap_request=0xffffffde fr.pc=0x000001f7f42113d0 relative=0x00000000000005f0
Event: 32.682 Thread 0x000001f7e77fff50 Uncommon trap: reason=class_check action=maybe_recompile pc=0x000001f7f42113d0 method=java.util.regex.Matcher.search(I)Z @ 121 c2
Event: 32.682 Thread 0x000001f7e77fff50 DEOPT PACKING pc=0x000001f7f42113d0 sp=0x0000007bd17feec0
Event: 32.682 Thread 0x000001f7e77fff50 DEOPT UNPACKING pc=0x000001f7ec6e23a3 sp=0x0000007bd17fee80 mode 2
Event: 32.764 Thread 0x000001f7e77fff50 Uncommon trap: trap_request=0xffffff45 fr.pc=0x000001f7f41cbea8 relative=0x0000000000001188
Event: 32.764 Thread 0x000001f7e77fff50 Uncommon trap: reason=unstable_if action=reinterpret pc=0x000001f7f41cbea8 method=java.util.concurrent.ConcurrentHashMap.putVal(Ljava/lang/Object;Ljava/lang/Object;Z)Ljava/lang/Object; @ 231 c2
Event: 32.764 Thread 0x000001f7e77fff50 DEOPT PACKING pc=0x000001f7f41cbea8 sp=0x0000007bd17fe1e0
Event: 32.764 Thread 0x000001f7e77fff50 DEOPT UNPACKING pc=0x000001f7ec6e23a3 sp=0x0000007bd17fe160 mode 2

Classes unloaded (0 events):
No events

Classes redefined (4 events):
Event: 156.341 Thread 0x000001f7ffb4bce0 redefined class name=com.user.UserPortal$UserAccess, count=1
Event: 156.342 Thread 0x000001f7ffb4bce0 redefined class name=com.user.UserPortal, count=1
Event: 235.242 Thread 0x000001f7ffb4bce0 redefined class name=com.user.UserPortal$UserAccess, count=2
Event: 235.242 Thread 0x000001f7ffb4bce0 redefined class name=com.user.UserPortal, count=2

Internal exceptions (14 events):
Event: 0.650 Thread 0x000001f7e77fff50 Exception <a 'java/lang/NoSuchMethodError'{0x00000007110b4df8}: 'java.lang.Object java.lang.invoke.DirectMethodHandle$Holder.invokeStaticInit(java.lang.Object)'> (0x00000007110b4df8) 
thrown [e:\jenkins\tmp\workspace\build\src\src\hotspot\share\interpreter\linkResolver.cpp, line 766]
Event: 0.652 Thread 0x000001f7e77fff50 Exception <a 'java/lang/NoSuchMethodError'{0x00000007110bbad8}: 'java.lang.Object java.lang.invoke.DirectMethodHandle$Holder.invokeInterface(java.lang.Object, java.lang.Object)'> (0x00000007110bbad8) 
thrown [e:\jenkins\tmp\workspace\build\src\src\hotspot\share\interpreter\linkResolver.cpp, line 766]
Event: 0.691 Thread 0x000001f7e77fff50 Exception <a 'java/lang/NoSuchMethodError'{0x0000000711175f38}: 'void java.lang.invoke.DirectMethodHandle$Holder.invokeSpecial(java.lang.Object, java.lang.Object, java.lang.Object)'> (0x0000000711175f38) 
thrown [e:\jenkins\tmp\workspace\build\src\src\hotspot\share\interpreter\linkResolver.cpp, line 766]
Event: 0.696 Thread 0x000001f7e77fff50 Exception <a 'java/lang/NoSuchMethodError'{0x000000071117d5c8}: 'void java.lang.invoke.DirectMethodHandle$Holder.invokeStatic(java.lang.Object, java.lang.Object, java.lang.Object)'> (0x000000071117d5c8) 
thrown [e:\jenkins\tmp\workspace\build\src\src\hotspot\share\interpreter\linkResolver.cpp, line 766]
Event: 0.702 Thread 0x000001f7e77fff50 Exception <a 'java/lang/NoSuchMethodError'{0x0000000711188438}: 'java.lang.Object java.lang.invoke.DirectMethodHandle$Holder.invokeVirtual(java.lang.Object, java.lang.Object, java.lang.Object)'> (0x0000000711188438) 
thrown [e:\jenkins\tmp\workspace\build\src\src\hotspot\share\interpreter\linkResolver.cpp, line 766]
Event: 0.996 Thread 0x000001f7e77fff50 Exception <a 'java/lang/NoSuchMethodError'{0x000000071110d1d8}: 'void java.lang.invoke.DirectMethodHandle$Holder.invokeStatic(java.lang.Object, java.lang.Object)'> (0x000000071110d1d8) 
thrown [e:\jenkins\tmp\workspace\build\src\src\hotspot\share\interpreter\linkResolver.cpp, line 766]
Event: 1.200 Thread 0x000001f7e77fff50 Exception <a 'java/lang/NoSuchMethodError'{0x000000071144a480}: 'void java.lang.invoke.DirectMethodHandle$Holder.invokeStaticInit(java.lang.Object, java.lang.Object)'> (0x000000071144a480) 
thrown [e:\jenkins\tmp\workspace\build\src\src\hotspot\share\interpreter\linkResolver.cpp, line 766]
Event: 1.258 Thread 0x000001f7e77fff50 Exception <a 'sun/nio/fs/WindowsException'{0x00000007112ca588}> (0x00000007112ca588) 
thrown [e:\jenkins\tmp\workspace\build\src\src\hotspot\share\prims\jni.cpp, line 516]
Event: 1.280 Thread 0x000001f7e77fff50 Exception <a 'java/lang/NoSuchMethodError'{0x0000000711326388}: 'int java.lang.invoke.DirectMethodHandle$Holder.invokeStaticInit(java.lang.Object, java.lang.Object, java.lang.Object, java.lang.Object)'> (0x0000000711326388) 
thrown [e:\jenkins\tmp\workspace\build\src\src\hotspot\share\interpreter\linkResolver.cpp, line 766]
Event: 1.281 Thread 0x000001f7e77fff50 Exception <a 'java/lang/IncompatibleClassChangeError'{0x000000071132f550}: Found class java.lang.Object, but interface was expected> (0x000000071132f550) 
thrown [e:\jenkins\tmp\workspace\build\src\src\hotspot\share\interpreter\linkResolver.cpp, line 833]
Event: 1.283 Thread 0x000001f7e77fff50 Exception <a 'java/lang/NoSuchMethodError'{0x0000000711336e20}: 'int java.lang.invoke.DirectMethodHandle$Holder.invokeStaticInit(java.lang.Object, java.lang.Object)'> (0x0000000711336e20) 
thrown [e:\jenkins\tmp\workspace\build\src\src\hotspot\share\interpreter\linkResolver.cpp, line 766]
Event: 1.349 Thread 0x000001f7e77fff50 Exception <a 'java/lang/NoSuchMethodError'{0x0000000711127250}: 'java.lang.Object java.lang.invoke.DirectMethodHandle$Holder.invokeStaticInit(java.lang.Object, int, int, int, int)'> (0x0000000711127250) 
thrown [e:\jenkins\tmp\workspace\build\src\src\hotspot\share\interpreter\linkResolver.cpp, line 766]
Event: 1.432 Thread 0x000001f7e77fff50 Exception <a 'java/lang/NoSuchMethodError'{0x0000000710e0cf60}: 'java.lang.Object java.lang.invoke.DirectMethodHandle$Holder.invokeStaticInit(java.lang.Object, java.lang.Object, int, int, int, int)'> (0x0000000710e0cf60) 
thrown [e:\jenkins\tmp\workspace\build\src\src\hotspot\share\interpreter\linkResolver.cpp, line 766]
Event: 1.690 Thread 0x000001f7e77fff50 Exception <a 'java/io/IOException'{0x0000000710427878}> (0x0000000710427878) 
thrown [e:\jenkins\tmp\workspace\build\src\src\hotspot\share\prims\jni.cpp, line 516]

VM Operations (20 events):
Event: 235.285 Executing VM operation: ChangeBreakpoints done
Event: 235.294 Executing VM operation: ChangeBreakpoints
Event: 235.295 Executing VM operation: ChangeBreakpoints done
Event: 235.295 Executing VM operation: ChangeBreakpoints
Event: 235.295 Executing VM operation: ChangeBreakpoints done
Event: 235.305 Executing VM operation: ChangeBreakpoints
Event: 235.305 Executing VM operation: ChangeBreakpoints done
Event: 235.313 Executing VM operation: ChangeBreakpoints
Event: 235.313 Executing VM operation: ChangeBreakpoints done
Event: 235.313 Executing VM operation: ChangeBreakpoints
Event: 235.314 Executing VM operation: ChangeBreakpoints done
Event: 235.323 Executing VM operation: ChangeBreakpoints
Event: 235.323 Executing VM operation: ChangeBreakpoints done
Event: 235.326 Executing VM operation: ChangeSingleStep
Event: 235.326 Executing VM operation: ChangeSingleStep done
Event: 235.327 Executing VM operation: get/set locals
Event: 235.327 Executing VM operation: get/set locals done
Event: 235.328 Executing VM operation: ChangeSingleStep
Event: 235.328 Executing VM operation: ChangeSingleStep done
Event: 235.537 Executing VM operation: get/set locals

Events (20 events):
Event: 44.916 loading class java/text/DateFormat$Field
Event: 44.916 loading class java/text/DateFormat$Field done
Event: 44.930 loading class java/text/DateFormatSymbols
Event: 44.931 loading class java/text/DateFormatSymbols done
Event: 44.943 loading class sun/util/locale/provider/DateFormatSymbolsProviderImpl
Event: 44.943 loading class sun/util/locale/provider/DateFormatSymbolsProviderImpl done
Event: 45.839 loading class java/text/DontCareFieldPosition
Event: 45.839 loading class java/text/DontCareFieldPosition done
Event: 45.839 loading class java/text/DontCareFieldPosition$1
Event: 45.839 loading class java/text/Format$FieldDelegate
Event: 45.840 loading class java/text/Format$FieldDelegate done
Event: 45.840 loading class java/text/DontCareFieldPosition$1 done
Event: 61.611 loading class java/util/concurrent/atomic/AtomicReferenceFieldUpdater
Event: 61.612 loading class java/util/concurrent/atomic/AtomicReferenceFieldUpdater done
Event: 61.612 loading class java/util/concurrent/atomic/AtomicReferenceFieldUpdater$AtomicReferenceFieldUpdaterImpl
Event: 61.612 loading class java/util/concurrent/atomic/AtomicReferenceFieldUpdater$AtomicReferenceFieldUpdaterImpl done
Event: 61.612 loading class java/util/concurrent/atomic/AtomicReferenceFieldUpdater$AtomicReferenceFieldUpdaterImpl$1
Event: 61.612 loading class java/util/concurrent/atomic/AtomicReferenceFieldUpdater$AtomicReferenceFieldUpdaterImpl$1 done
Event: 61.612 loading class sun/reflect/misc/ReflectUtil
Event: 61.612 loading class sun/reflect/misc/ReflectUtil done


Dynamic libraries:
0x00007ff6eea60000 - 0x00007ff6eea6e000 	C:\Users\jeanmartin\.p2\pool\plugins\org.eclipse.justj.openjdk.hotspot.jre.full.win32.x86_64_17.0.2.v20220201-1208\jre\bin\javaw.exe
0x00007ffbd1e10000 - 0x00007ffbd2008000 	C:\WINDOWS\SYSTEM32\ntdll.dll
0x00007ffbd1220000 - 0x00007ffbd12df000 	C:\WINDOWS\System32\KERNEL32.DLL
0x00007ffbcf740000 - 0x00007ffbcfa12000 	C:\WINDOWS\System32\KERNELBASE.dll
0x00007ffbcfab0000 - 0x00007ffbcfbb0000 	C:\WINDOWS\System32\ucrtbase.dll
0x00007ffbc79c0000 - 0x00007ffbc79d8000 	C:\Users\jeanmartin\.p2\pool\plugins\org.eclipse.justj.openjdk.hotspot.jre.full.win32.x86_64_17.0.2.v20220201-1208\jre\bin\jli.dll
0x00007ffbd1c20000 - 0x00007ffbd1dc1000 	C:\WINDOWS\System32\USER32.dll
0x00007ffbcfe50000 - 0x00007ffbcfe72000 	C:\WINDOWS\System32\win32u.dll
0x00007ffbd0e90000 - 0x00007ffbd0ebb000 	C:\WINDOWS\System32\GDI32.dll
0x00007ffbcfd10000 - 0x00007ffbcfe1f000 	C:\WINDOWS\System32\gdi32full.dll
0x00007ffbcf5a0000 - 0x00007ffbcf63d000 	C:\WINDOWS\System32\msvcp_win.dll
0x00007ffbc4d10000 - 0x00007ffbc4d29000 	C:\Users\jeanmartin\.p2\pool\plugins\org.eclipse.justj.openjdk.hotspot.jre.full.win32.x86_64_17.0.2.v20220201-1208\jre\bin\VCRUNTIME140.dll
0x00007ffbc66b0000 - 0x00007ffbc694a000 	C:\WINDOWS\WinSxS\amd64_microsoft.windows.common-controls_6595b64144ccf1df_6.0.19041.1110_none_60b5254171f9507e\COMCTL32.dll
0x00007ffbd0d40000 - 0x00007ffbd0dde000 	C:\WINDOWS\System32\msvcrt.dll
0x00007ffbd13b0000 - 0x00007ffbd13e0000 	C:\WINDOWS\System32\IMM32.DLL
0x00007ffbc79b0000 - 0x00007ffbc79bc000 	C:\Users\jeanmartin\.p2\pool\plugins\org.eclipse.justj.openjdk.hotspot.jre.full.win32.x86_64_17.0.2.v20220201-1208\jre\bin\vcruntime140_1.dll
0x00007ffba6dc0000 - 0x00007ffba6e51000 	C:\Users\jeanmartin\.p2\pool\plugins\org.eclipse.justj.openjdk.hotspot.jre.full.win32.x86_64_17.0.2.v20220201-1208\jre\bin\msvcp140.dll
0x00007ffb7fd60000 - 0x00007ffb809a7000 	C:\Users\jeanmartin\.p2\pool\plugins\org.eclipse.justj.openjdk.hotspot.jre.full.win32.x86_64_17.0.2.v20220201-1208\jre\bin\server\jvm.dll
0x00007ffbd1630000 - 0x00007ffbd16de000 	C:\WINDOWS\System32\ADVAPI32.dll
0x00007ffbd00e0000 - 0x00007ffbd017c000 	C:\WINDOWS\System32\sechost.dll
0x00007ffbd1af0000 - 0x00007ffbd1c14000 	C:\WINDOWS\System32\RPCRT4.dll
0x00007ffbd1540000 - 0x00007ffbd1548000 	C:\WINDOWS\System32\PSAPI.DLL
0x00007ffbcaf30000 - 0x00007ffbcaf39000 	C:\WINDOWS\SYSTEM32\WSOCK32.dll
0x00007ffbc8670000 - 0x00007ffbc8697000 	C:\WINDOWS\SYSTEM32\WINMM.dll
0x00007ffbd1440000 - 0x00007ffbd14ab000 	C:\WINDOWS\System32\WS2_32.dll
0x00007ffbc5d70000 - 0x00007ffbc5d7a000 	C:\WINDOWS\SYSTEM32\VERSION.dll
0x00007ffbcd460000 - 0x00007ffbcd472000 	C:\WINDOWS\SYSTEM32\kernel.appcore.dll
0x00007ffbc6b20000 - 0x00007ffbc6b2a000 	C:\Users\jeanmartin\.p2\pool\plugins\org.eclipse.justj.openjdk.hotspot.jre.full.win32.x86_64_17.0.2.v20220201-1208\jre\bin\jimage.dll
0x00007ffbc8730000 - 0x00007ffbc8914000 	C:\WINDOWS\SYSTEM32\DBGHELP.DLL
0x00007ffbc78b0000 - 0x00007ffbc78e5000 	C:\WINDOWS\SYSTEM32\dbgcore.DLL
0x00007ffbcfa20000 - 0x00007ffbcfaa2000 	C:\WINDOWS\System32\bcryptPrimitives.dll
0x00007ffbbfaa0000 - 0x00007ffbbfadb000 	C:\Users\jeanmartin\.p2\pool\plugins\org.eclipse.justj.openjdk.hotspot.jre.full.win32.x86_64_17.0.2.v20220201-1208\jre\bin\jdwp.dll
0x00007ffbc6520000 - 0x00007ffbc652e000 	C:\Users\jeanmartin\.p2\pool\plugins\org.eclipse.justj.openjdk.hotspot.jre.full.win32.x86_64_17.0.2.v20220201-1208\jre\bin\instrument.dll
0x00007ffbc4c20000 - 0x00007ffbc4c45000 	C:\Users\jeanmartin\.p2\pool\plugins\org.eclipse.justj.openjdk.hotspot.jre.full.win32.x86_64_17.0.2.v20220201-1208\jre\bin\java.dll
0x00007ffbc4c00000 - 0x00007ffbc4c18000 	C:\Users\jeanmartin\.p2\pool\plugins\org.eclipse.justj.openjdk.hotspot.jre.full.win32.x86_64_17.0.2.v20220201-1208\jre\bin\zip.dll
0x00007ffbd05f0000 - 0x00007ffbd0d35000 	C:\WINDOWS\System32\SHELL32.dll
0x00007ffbcd660000 - 0x00007ffbcddf2000 	C:\WINDOWS\SYSTEM32\windows.storage.dll
0x00007ffbd0ec0000 - 0x00007ffbd1215000 	C:\WINDOWS\System32\combase.dll
0x00007ffbcf000000 - 0x00007ffbcf030000 	C:\WINDOWS\SYSTEM32\Wldp.dll
0x00007ffbd0de0000 - 0x00007ffbd0e8d000 	C:\WINDOWS\System32\SHCORE.dll
0x00007ffbd0080000 - 0x00007ffbd00d5000 	C:\WINDOWS\System32\shlwapi.dll
0x00007ffbcf4e0000 - 0x00007ffbcf4ff000 	C:\WINDOWS\SYSTEM32\profapi.dll
0x00007ffbc4b90000 - 0x00007ffbc4b9c000 	C:\Users\jeanmartin\.p2\pool\plugins\org.eclipse.justj.openjdk.hotspot.jre.full.win32.x86_64_17.0.2.v20220201-1208\jre\bin\dt_socket.dll
0x00007ffbce9e0000 - 0x00007ffbcea1b000 	C:\WINDOWS\SYSTEM32\IPHLPAPI.DLL
0x00007ffbced10000 - 0x00007ffbced7a000 	C:\WINDOWS\system32\mswsock.dll
0x00007ffbcea20000 - 0x00007ffbceaeb000 	C:\WINDOWS\SYSTEM32\DNSAPI.dll
0x00007ffbd14b0000 - 0x00007ffbd14b8000 	C:\WINDOWS\System32\NSI.dll
0x00007ffbc5770000 - 0x00007ffbc577a000 	C:\Windows\System32\rasadhlp.dll
0x00007ffbc5990000 - 0x00007ffbc5a10000 	C:\WINDOWS\System32\fwpuclnt.dll
0x00007ffbcfe20000 - 0x00007ffbcfe47000 	C:\WINDOWS\System32\bcrypt.dll
0x00007ffbc4be0000 - 0x00007ffbc4bf9000 	C:\Users\jeanmartin\.p2\pool\plugins\org.eclipse.justj.openjdk.hotspot.jre.full.win32.x86_64_17.0.2.v20220201-1208\jre\bin\net.dll
0x00007ffbc5a60000 - 0x00007ffbc5b6a000 	C:\WINDOWS\SYSTEM32\WINHTTP.dll
0x00007ffbc42e0000 - 0x00007ffbc42f5000 	C:\Users\jeanmartin\.p2\pool\plugins\org.eclipse.justj.openjdk.hotspot.jre.full.win32.x86_64_17.0.2.v20220201-1208\jre\bin\nio.dll
0x00007ffbc4880000 - 0x00007ffbc4890000 	C:\Users\jeanmartin\.p2\pool\plugins\org.eclipse.justj.openjdk.hotspot.jre.full.win32.x86_64_17.0.2.v20220201-1208\jre\bin\verify.dll
0x00007ffbc4050000 - 0x00007ffbc405e000 	C:\Users\jeanmartin\.p2\pool\plugins\org.eclipse.justj.openjdk.hotspot.jre.full.win32.x86_64_17.0.2.v20220201-1208\jre\bin\sunmscapi.dll
0x00007ffbcfbb0000 - 0x00007ffbcfd06000 	C:\WINDOWS\System32\CRYPT32.dll
0x00007ffbcf070000 - 0x00007ffbcf097000 	C:\WINDOWS\SYSTEM32\ncrypt.dll
0x00007ffbcf030000 - 0x00007ffbcf06b000 	C:\WINDOWS\SYSTEM32\NTASN1.dll
0x00007ffbcef50000 - 0x00007ffbcef68000 	C:\WINDOWS\SYSTEM32\CRYPTSP.dll
0x00007ffbce5a0000 - 0x00007ffbce5d4000 	C:\WINDOWS\system32\rsaenh.dll
0x00007ffbcf4a0000 - 0x00007ffbcf4ce000 	C:\WINDOWS\SYSTEM32\USERENV.dll
0x00007ffbcef70000 - 0x00007ffbcef7c000 	C:\WINDOWS\SYSTEM32\CRYPTBASE.dll
0x00007ffbc6270000 - 0x00007ffbc6287000 	C:\WINDOWS\SYSTEM32\dhcpcsvc6.DLL
0x00007ffbc6b90000 - 0x00007ffbc6bad000 	C:\WINDOWS\SYSTEM32\dhcpcsvc.DLL

dbghelp: loaded successfully - version: 4.0.5 - missing functions: none
symbol engine: initialized successfully - sym options: 0x614 - pdb path: .;C:\Users\jeanmartin\.p2\pool\plugins\org.eclipse.justj.openjdk.hotspot.jre.full.win32.x86_64_17.0.2.v20220201-1208\jre\bin;C:\WINDOWS\SYSTEM32;C:\WINDOWS\WinSxS\amd64_microsoft.windows.common-controls_6595b64144ccf1df_6.0.19041.1110_none_60b5254171f9507e;C:\Users\jeanmartin\.p2\pool\plugins\org.eclipse.justj.openjdk.hotspot.jre.full.win32.x86_64_17.0.2.v20220201-1208\jre\bin\server

VM Arguments:
jvm_args: -XX:+ShowCodeDetailsInExceptionMessages -agentlib:jdwp=transport=dt_socket,suspend=y,address=localhost:63286 -javaagent:C:\Users\jeanmartin\eclipse\java-2022-03\eclipse\configuration\org.eclipse.osgi\225\0\.cp\lib\javaagent-shaded.jar -Dfile.encoding=Cp1252 
java_command: com.maintain.Maintainance
java_class_path (initial): C:\Users\jeanmartin\eclipse-workspace\Attendance_Maintenance\bin;C:\Users\jeanmartin\eclipse-workspace\Attendance_Maintenance\Driver\mysql-connector-java-8.0.30.jar
Launcher Type: SUN_STANDARD

[Global flags]
     intx CICompilerCount                          = 3                                         {product} {ergonomic}
     uint ConcGCThreads                            = 1                                         {product} {ergonomic}
     uint G1ConcRefinementThreads                  = 4                                         {product} {ergonomic}
   size_t G1HeapRegionSize                         = 2097152                                   {product} {ergonomic}
    uintx GCDrainStackTargetSize                   = 64                                        {product} {ergonomic}
   size_t InitialHeapSize                          = 268435456                                 {product} {ergonomic}
   size_t MarkStackSize                            = 4194304                                   {product} {ergonomic}
   size_t MaxHeapSize                              = 4267704320                                {product} {ergonomic}
   size_t MaxNewSize                               = 2560622592                                {product} {ergonomic}
   size_t MinHeapDeltaBytes                        = 2097152                                   {product} {ergonomic}
   size_t MinHeapSize                              = 8388608                                   {product} {ergonomic}
    uintx NonNMethodCodeHeapSize                   = 5832780                                {pd product} {ergonomic}
    uintx NonProfiledCodeHeapSize                  = 122912730                              {pd product} {ergonomic}
    uintx ProfiledCodeHeapSize                     = 122912730                              {pd product} {ergonomic}
    uintx ReservedCodeCacheSize                    = 251658240                              {pd product} {ergonomic}
     bool SegmentedCodeCache                       = true                                      {product} {ergonomic}
     bool ShowCodeDetailsInExceptionMessages       = true                                   {manageable} {command line}
   size_t SoftMaxHeapSize                          = 4267704320                             {manageable} {ergonomic}
     bool UseCompressedClassPointers               = true                           {product lp64_product} {ergonomic}
     bool UseCompressedOops                        = true                           {product lp64_product} {ergonomic}
     bool UseG1GC                                  = true                                      {product} {ergonomic}
     bool UseLargePagesIndividualAllocation        = false                                  {pd product} {ergonomic}

Logging:
Log output configuration:
 #0: stdout all=warning uptime,level,tags
 #1: stderr all=off uptime,level,tags

Environment Variables:
JAVA_HOME=C:\Program Files\Java\jdk-11
PATH=C:\Users\jeanmartin\.p2\pool\plugins\org.eclipse.justj.openjdk.hotspot.jre.full.win32.x86_64_17.0.2.v20220201-1208\jre\bin;C:/Users/jeanmartin/.p2/pool/plugins/org.eclipse.justj.openjdk.hotspot.jre.full.win32.x86_64_17.0.2.v20220201-1208/jre/bin/server;C:/Users/jeanmartin/.p2/pool/plugins/org.eclipse.justj.openjdk.hotspot.jre.full.win32.x86_64_17.0.2.v20220201-1208/jre/bin;C:\Python311\Scripts\;C:\Python311\;C:\Program Files\Common Files\Oracle\Java\javapath;C:\WINDOWS\System32\WindowsPowerShell\v1.0\;C:\Program Files (x86)\Common Files\Oracle\Java\javapath;C:\WINDOWS\system32;C:\WINDOWS;C:\WINDOWS\System32\Wbem;C:\WINDOWS\System32\OpenSSH\;C:\Program Files\Java\jdk-11\bin;C:\ProgramData\chocolatey\bin;D:\Prakash\;C:\Program Files\Git\cmd;C:\Program Files\MySQL\MySQL Shell 8.0\bin\;C:\Users\jeanmartin\AppData\Local\Microsoft\WindowsApps;C:\Users\jeanmartin\AppData\Local\Programs\Microsoft VS Code\bin;C:\Users\jeanmartin\AppData\Roaming\npm;C:\WINDOWS\system32;
USERNAME=jeanmartin
OS=Windows_NT
PROCESSOR_IDENTIFIER=Intel64 Family 6 Model 69 Stepping 1, GenuineIntel



---------------  S Y S T E M  ---------------

OS:
 Windows 10 , 64 bit Build 19041 (10.0.19041.2546)
OS uptime: 10 days 7:13 hours

CPU: total 4 (initial active 4) (2 cores per cpu, 2 threads per core) family 6 model 69 stepping 1 microcode 0x25, cx8, cmov, fxsr, ht, mmx, sse, sse2, sse3, ssse3, sse4.1, sse4.2, popcnt, lzcnt, tsc, tscinvbit, avx, avx2, aes, erms, clmul, bmi1, bmi2, fma, vzeroupper, clflush

Memory: 4k page, system-wide physical 16272M (6753M free)
TotalPageFile size 19712M (AvailPageFile size 4006M)
current process WorkingSet (physical memory assigned to process): 97M, peak: 133M
current process commit charge ("private bytes"): 355M, peak: 400M

vm_info: OpenJDK 64-Bit Server VM (17.0.2+8) for windows-amd64 JRE (17.0.2+8), built on Jan 20 2022 04:52:34 by "" with MS VC++ 16.7 (VS2019)

END.
