#
# A fatal error has been detected by the Java Runtime Environment:
#
#  EXCEPTION_ACCESS_VIOLATION (0xc0000005) at pc=0x00007ffb7ff9cce8, pid=18108, tid=19308
#
# JRE version: OpenJDK Runtime Environment Temurin-17.0.2+8 (17.0.2+8) (build 17.0.2+8)
# Java VM: OpenJDK 64-Bit Server VM Temurin-17.0.2+8 (17.0.2+8, mixed mode, tiered, compressed oops, compressed class ptrs, g1 gc, windows-amd64)
# Problematic frame:
# V  [jvm.dll+0x23cce8]
#
# No core dump will be written. Minidumps are not enabled by default on client versions of Windows
#
# If you would like to submit a bug report, please visit:
#   https://github.com/adoptium/adoptium-support/issues
#

---------------  S U M M A R Y ------------

Command Line: -XX:+ShowCodeDetailsInExceptionMessages -agentlib:jdwp=transport=dt_socket,suspend=y,address=localhost:63879 -javaagent:C:\Users\jeanmartin\eclipse\java-2022-03\eclipse\configuration\org.eclipse.osgi\225\0\.cp\lib\javaagent-shaded.jar -Dfile.encoding=Cp1252 com.maintain.Maintainance

Host: Intel(R) Core(TM) i7-4500U CPU @ 1.80GHz, 4 cores, 15G,  Windows 10 , 64 bit Build 19041 (10.0.19041.2546)
Time: Sat Mar 25 11:38:37 2023 India Standard Time elapsed time: 247.007329 seconds (0d 0h 4m 7s)

---------------  T H R E A D  ---------------

Current thread (0x000001dbcda3ea00):  VMThread "VM Thread" [stack: 0x000000a0c0a00000,0x000000a0c0b00000] [id=19308]

Stack: [0x000000a0c0a00000,0x000000a0c0b00000],  sp=0x000000a0c0afee88,  free space=1019k
Native frames: (J=compiled Java code, j=interpreted, Vv=VM code, C=native code)
V  [jvm.dll+0x23cce8]


siginfo: EXCEPTION_ACCESS_VIOLATION (0xc0000005), reading address 0x000001dbd27aead8


Register to memory mapping:

RIP=0x00007ffb7ff9cce8 jvm.dll
RAX=0x00000000001940c0 is an unknown value
RBX=0x000001dbd261a088 is pointing into metadata
RCX=0x000001dbd261aa18 is pointing into metadata
RDX=0x000000000000ca05 is an unknown value
RSP=0x000000a0c0afee88 points into unknown readable memory: 0x00007ffb7ff9cd6e | 6e cd f9 7f fb 7f 00 00
RBP=0x000000a0c0afefc0 points into unknown readable memory: 0xffffffffffffffff | ff ff ff ff ff ff ff ff
RSI=0x0 is NULL
RDI=0x000000a0c0aff5d0 points into unknown readable memory: 0x00007ffb80702eb0 | b0 2e 70 80 fb 7f 00 00
R8 =0x0 is NULL
R9 =0x000001dbd261a088 is pointing into metadata
R10=0x0 is NULL
R11=0x0000000047000000 is an unknown value
R12=0x00007ffb7fd60000 jvm.dll
R13=0x000001dbcfccb4b0 points into unknown readable memory: 0x0000015300000000 | 00 00 00 00 53 01 00 00
R14=0x000001dbd2619bc0 is pointing into metadata
R15=0x00000000000001dc is an unknown value


Registers:
RAX=0x00000000001940c0, RBX=0x000001dbd261a088, RCX=0x000001dbd261aa18, RDX=0x000000000000ca05
RSP=0x000000a0c0afee88, RBP=0x000000a0c0afefc0, RSI=0x0000000000000000, RDI=0x000000a0c0aff5d0
R8 =0x0000000000000000, R9 =0x000001dbd261a088, R10=0x0000000000000000, R11=0x0000000047000000
R12=0x00007ffb7fd60000, R13=0x000001dbcfccb4b0, R14=0x000001dbd2619bc0, R15=0x00000000000001dc
RIP=0x00007ffb7ff9cce8, EFLAGS=0x0000000000010206

Top of Stack: (sp=0x000000a0c0afee88)
0x000000a0c0afee88:   00007ffb7ff9cd6e 000000a0c0afef18
0x000000a0c0afee98:   0000000000000000 000001dbcd8e4050
0x000000a0c0afeea8:   0000000000000000 000000a0c0aff440
0x000000a0c0afeeb8:   00007ffb80095934 0000000000000001
0x000000a0c0afeec8:   0000000000000000 0000000000000000
0x000000a0c0afeed8:   00007ffb8037b900 000001dbad86eaf0
0x000000a0c0afeee8:   000000a0c0aff110 000001dbcd8ea3d0
0x000000a0c0afeef8:   00007ffb0000000e 0000000000000000
0x000000a0c0afef08:   000000a0c0afef60 000001db00000002
0x000000a0c0afef18:   000001dbcd8ea3d0 0000001500000014
0x000000a0c0afef28:   0000000000000015 000000030000000e
0x000000a0c0afef38:   000001dbcd8e4050 0000000000000000
0x000000a0c0afef48:   0000000000000000 000000a0c0aff6a0
0x000000a0c0afef58:   00007ffb804ad930 4fffffff4fffffff
0x000000a0c0afef68:   00007ffb4fffffff 000000a0c0aff0d0
0x000000a0c0afef78:   000000a0c0aff000 000000a0c0aff5d0 

Instructions: (pc=0x00007ffb7ff9cce8)
0x00007ffb7ff9cbe8:   03 03 03 03 03 03 03 03 03 03 03 03 03 03 03 03
0x00007ffb7ff9cbf8:   03 03 03 03 03 03 03 03 03 03 03 03 03 03 03 03
0x00007ffb7ff9cc08:   03 03 03 03 03 03 03 03 03 03 03 03 03 03 03 03
0x00007ffb7ff9cc18:   03 03 03 03 03 03 03 03 03 03 03 03 03 03 03 03
0x00007ffb7ff9cc28:   03 03 03 02 03 03 02 cc 48 89 5c 24 08 48 89 74
0x00007ffb7ff9cc38:   24 10 57 48 83 ec 20 48 63 da 41 0f b6 f0 48 8b
0x00007ffb7ff9cc48:   f9 85 d2 79 24 4c 8d 0d 34 32 70 00 ba b4 02 00
0x00007ffb7ff9cc58:   00 4c 8d 05 60 32 70 00 48 8d 0d b9 31 70 00 e8
0x00007ffb7ff9cc68:   84 84 00 00 e8 4f 85 43 00 40 84 f6 75 18 48 8b
0x00007ffb7ff9cc78:   4f 10 48 85 c9 74 0f 48 8d 43 01 48 c1 e0 05 48
0x00007ffb7ff9cc88:   8b 04 08 0f b7 d8 48 8b 74 24 38 48 63 c3 48 8b
0x00007ffb7ff9cc98:   5c 24 30 0f b7 44 c7 48 48 83 c4 20 5f c3 cc cc
0x00007ffb7ff9cca8:   cc cc cc cc cc cc cc cc 4c 8b c9 45 84 c0 75 41
0x00007ffb7ff9ccb8:   48 8b 49 10 48 85 c9 74 38 85 d2 79 19 f7 d2 8b
0x00007ffb7ff9ccc8:   c2 48 ff c0 48 c1 e0 05 48 8b 04 08 0f b7 c8 41
0x00007ffb7ff9ccd8:   0f b7 44 c9 4a c3 48 63 c2 48 ff c0 48 c1 e0 05
0x00007ffb7ff9cce8:   48 8b 04 08 0f b7 d0 48 63 c2 41 0f b7 44 c1 4a
0x00007ffb7ff9ccf8:   c3 49 8b 41 08 4c 63 c2 42 0f b6 44 00 04 8d 48
0x00007ffb7ff9cd08:   ef 80 f9 01 76 0e 3c 6a 74 0a 48 63 c2 41 0f b7
0x00007ffb7ff9cd18:   44 c1 4a c3 43 0f b7 44 c1 4a c3 cc cc cc cc cc
0x00007ffb7ff9cd28:   cc cc cc cc cc cc cc cc 40 53 48 83 ec 20 48 8b
0x00007ffb7ff9cd38:   d9 e8 72 ff ff ff 48 63 d0 0f b7 44 d3 48 48 8b
0x00007ffb7ff9cd48:   44 c3 48 48 83 c4 20 5b c3 cc cc cc cc cc cc cc
0x00007ffb7ff9cd58:   cc cc cc cc cc cc cc cc 40 53 48 83 ec 20 48 8b
0x00007ffb7ff9cd68:   d9 e8 42 ff ff ff 48 63 d0 0f b7 44 d3 4a 48 8b
0x00007ffb7ff9cd78:   44 c3 48 48 83 c4 20 5b c3 cc cc cc cc cc cc cc
0x00007ffb7ff9cd88:   cc cc cc cc cc cc cc cc 4c 8b d1 45 84 c9 75 28
0x00007ffb7ff9cd98:   4c 8b 49 10 4d 85 c9 74 1f 45 85 c0 79 08 41 f7
0x00007ffb7ff9cda8:   d0 41 8b c0 eb 03 49 63 c0 48 ff c0 48 c1 e0 05
0x00007ffb7ff9cdb8:   4a 8b 04 08 44 0f b7 c0 49 8b 42 08 49 63 c8 0f
0x00007ffb7ff9cdc8:   b6 4c 08 04 48 8b c2 88 0a c3 cc cc cc cc cc cc
0x00007ffb7ff9cdd8:   cc cc cc cc cc cc cc cc 40 56 57 41 54 41 56 41 


Stack slot to memory mapping:
stack at sp + 0 slots: 0x00007ffb7ff9cd6e jvm.dll
stack at sp + 1 slots: 0x000000a0c0afef18 points into unknown readable memory: 0x000001dbcd8ea3d0 | d0 a3 8e cd db 01 00 00
stack at sp + 2 slots: 0x0 is NULL
stack at sp + 3 slots: 0x000001dbcd8e4050 points into unknown readable memory: 0x616a00106e30ffff | ff ff 30 6e 10 00 6a 61
stack at sp + 4 slots: 0x0 is NULL
stack at sp + 5 slots: 0x000000a0c0aff440 points into unknown readable memory: 0x000001dbd2619f98 | 98 9f 61 d2 db 01 00 00
stack at sp + 6 slots: 0x00007ffb80095934 jvm.dll
stack at sp + 7 slots: 0x0000000000000001 is an unknown value

VM_Operation (0x000000a0c15ff260): get/set locals, mode: safepoint, requested by thread 0x000001dbce778950


---------------  P R O C E S S  ---------------

Threads class SMR info:
_java_thread_list=0x000001dbcef3f890, length=16, elements={
0x000001dbad790a40, 0x000001dbcda23f20, 0x000001dbcda25010, 0x000001dbce42abd0,
0x000001dbce42d4b0, 0x000001dbce42de60, 0x000001dbce42e810, 0x000001dbce42f4f0,
0x000001dbce4c4a40, 0x000001dbce4617f0, 0x000001dbcd9c3400, 0x000001dbce778950,
0x000001dbce6da3c0, 0x000001dbce74bee0, 0x000001dbcebbac30, 0x000001dbcec9e350
}

Java Threads: ( => current thread )
  0x000001dbad790a40 JavaThread "main" [_thread_blocked, id=2852, stack(0x000000a0c0400000,0x000000a0c0500000)]
  0x000001dbcda23f20 JavaThread "Reference Handler" daemon [_thread_blocked, id=19184, stack(0x000000a0c0b00000,0x000000a0c0c00000)]
  0x000001dbcda25010 JavaThread "Finalizer" daemon [_thread_blocked, id=16172, stack(0x000000a0c0c00000,0x000000a0c0d00000)]
  0x000001dbce42abd0 JavaThread "Signal Dispatcher" daemon [_thread_blocked, id=14680, stack(0x000000a0c0d00000,0x000000a0c0e00000)]
  0x000001dbce42d4b0 JavaThread "Attach Listener" daemon [_thread_blocked, id=12040, stack(0x000000a0c0e00000,0x000000a0c0f00000)]
  0x000001dbce42de60 JavaThread "Service Thread" daemon [_thread_blocked, id=12348, stack(0x000000a0c0f00000,0x000000a0c1000000)]
  0x000001dbce42e810 JavaThread "Monitor Deflation Thread" daemon [_thread_blocked, id=12864, stack(0x000000a0c1000000,0x000000a0c1100000)]
  0x000001dbce42f4f0 JavaThread "C2 CompilerThread0" daemon [_thread_blocked, id=10112, stack(0x000000a0c1100000,0x000000a0c1200000)]
  0x000001dbce4c4a40 JavaThread "C1 CompilerThread0" daemon [_thread_blocked, id=6328, stack(0x000000a0c1200000,0x000000a0c1300000)]
  0x000001dbce4617f0 JavaThread "Sweeper thread" daemon [_thread_blocked, id=15660, stack(0x000000a0c1300000,0x000000a0c1400000)]
  0x000001dbcd9c3400 JavaThread "Common-Cleaner" daemon [_thread_blocked, id=10684, stack(0x000000a0c1400000,0x000000a0c1500000)]
  0x000001dbce778950 JavaThread "JDWP Transport Listener: dt_socket" daemon [_thread_blocked, id=3944, stack(0x000000a0c1500000,0x000000a0c1600000)]
  0x000001dbce6da3c0 JavaThread "JDWP Event Helper Thread" daemon [_thread_blocked, id=10360, stack(0x000000a0c1600000,0x000000a0c1700000)]
  0x000001dbce74bee0 JavaThread "JDWP Command Reader" daemon [_thread_in_native, id=15332, stack(0x000000a0c1700000,0x000000a0c1800000)]
  0x000001dbcebbac30 JavaThread "Notification Thread" daemon [_thread_blocked, id=17616, stack(0x000000a0c1800000,0x000000a0c1900000)]
  0x000001dbcec9e350 JavaThread "mysql-cj-abandoned-connection-cleanup" daemon [_thread_blocked, id=14536, stack(0x000000a0c1a00000,0x000000a0c1b00000)]

Other Threads:
=>0x000001dbcda3ea00 VMThread "VM Thread" [stack: 0x000000a0c0a00000,0x000000a0c0b00000] [id=19308]
  0x000001dbad7fcd60 WatcherThread [stack: 0x000000a0c1900000,0x000000a0c1a00000] [id=4060]
  0x000001dbad7df750 GCTaskThread "GC Thread#0" [stack: 0x000000a0c0500000,0x000000a0c0600000] [id=6184]
  0x000001dbcf0fdf30 GCTaskThread "GC Thread#1" [stack: 0x000000a0c1b00000,0x000000a0c1c00000] [id=14700]
  0x000001dbcf057af0 GCTaskThread "GC Thread#2" [stack: 0x000000a0c1c00000,0x000000a0c1d00000] [id=10916]
  0x000001dbcf12d710 GCTaskThread "GC Thread#3" [stack: 0x000000a0c1d00000,0x000000a0c1e00000] [id=5200]
  0x000001dbad7f0c80 ConcurrentGCThread "G1 Main Marker" [stack: 0x000000a0c0600000,0x000000a0c0700000] [id=13612]
  0x000001dbad7f1690 ConcurrentGCThread "G1 Conc#0" [stack: 0x000000a0c0700000,0x000000a0c0800000] [id=3740]
  0x000001dbcd8a24c0 ConcurrentGCThread "G1 Refine#0" [stack: 0x000000a0c0800000,0x000000a0c0900000] [id=12380]
  0x000001dbcd8a2ee0 ConcurrentGCThread "G1 Service" [stack: 0x000000a0c0900000,0x000000a0c0a00000] [id=2524]

Threads with active compile tasks:

VM state: at safepoint (normal execution)

VM Mutex/Monitor currently owned by a thread:  ([mutex/lock_event])
[0x000001dbad78c710] Threads_lock - owner thread: 0x000001dbcda3ea00

Heap address: 0x0000000701a00000, size: 4070 MB, Compressed Oops mode: Zero based, Oop shift amount: 3

CDS archive(s) not mapped
Compressed class space mapped at: 0x0000000800000000-0x0000000840000000, reserved size: 1073741824
Narrow klass base: 0x0000000800000000, Narrow klass shift: 0, Narrow klass range: 0x40000000

GC Precious Log:
 CPUs: 4 total, 4 available
 Memory: 16272M
 Large Page Support: Disabled
 NUMA Support: Disabled
 Compressed Oops: Enabled (Zero based)
 Heap Region Size: 2M
 Heap Min Capacity: 8M
 Heap Initial Capacity: 256M
 Heap Max Capacity: 4070M
 Pre-touch: Disabled
 Parallel Workers: 4
 Concurrent Workers: 1
 Concurrent Refinement Workers: 4
 Periodic GC: Disabled

Heap:
 garbage-first heap   total 262144K, used 29091K [0x0000000701a00000, 0x0000000800000000)
  region size 2048K, 16 young (32768K), 1 survivors (2048K)
 Metaspace       used 20201K, committed 20352K, reserved 1073152K
  class space    used 1949K, committed 2048K, reserved 1048576K

Heap Regions: E=young(eden), S=young(survivor), O=old, HS=humongous(starts), HC=humongous(continues), CS=collection set, F=free, OA=open archive, CA=closed archive, TAMS=top-at-mark-start (previous, next)
|   0|0x0000000701a00000, 0x0000000701bf1800, 0x0000000701c00000| 97%| O|  |TAMS 0x0000000701a00000, 0x0000000701a00000| Untracked 
|   1|0x0000000701c00000, 0x0000000701c00000, 0x0000000701e00000|  0%| F|  |TAMS 0x0000000701c00000, 0x0000000701c00000| Untracked 
|   2|0x0000000701e00000, 0x0000000701e00000, 0x0000000702000000|  0%| F|  |TAMS 0x0000000701e00000, 0x0000000701e00000| Untracked 
|   3|0x0000000702000000, 0x0000000702000000, 0x0000000702200000|  0%| F|  |TAMS 0x0000000702000000, 0x0000000702000000| Untracked 
|   4|0x0000000702200000, 0x0000000702200000, 0x0000000702400000|  0%| F|  |TAMS 0x0000000702200000, 0x0000000702200000| Untracked 
|   5|0x0000000702400000, 0x0000000702400000, 0x0000000702600000|  0%| F|  |TAMS 0x0000000702400000, 0x0000000702400000| Untracked 
|   6|0x0000000702600000, 0x0000000702600000, 0x0000000702800000|  0%| F|  |TAMS 0x0000000702600000, 0x0000000702600000| Untracked 
|   7|0x0000000702800000, 0x0000000702800000, 0x0000000702a00000|  0%| F|  |TAMS 0x0000000702800000, 0x0000000702800000| Untracked 
|   8|0x0000000702a00000, 0x0000000702a00000, 0x0000000702c00000|  0%| F|  |TAMS 0x0000000702a00000, 0x0000000702a00000| Untracked 
|   9|0x0000000702c00000, 0x0000000702c00000, 0x0000000702e00000|  0%| F|  |TAMS 0x0000000702c00000, 0x0000000702c00000| Untracked 
|  10|0x0000000702e00000, 0x0000000702e00000, 0x0000000703000000|  0%| F|  |TAMS 0x0000000702e00000, 0x0000000702e00000| Untracked 
|  11|0x0000000703000000, 0x0000000703000000, 0x0000000703200000|  0%| F|  |TAMS 0x0000000703000000, 0x0000000703000000| Untracked 
|  12|0x0000000703200000, 0x0000000703200000, 0x0000000703400000|  0%| F|  |TAMS 0x0000000703200000, 0x0000000703200000| Untracked 
|  13|0x0000000703400000, 0x0000000703400000, 0x0000000703600000|  0%| F|  |TAMS 0x0000000703400000, 0x0000000703400000| Untracked 
|  14|0x0000000703600000, 0x0000000703600000, 0x0000000703800000|  0%| F|  |TAMS 0x0000000703600000, 0x0000000703600000| Untracked 
|  15|0x0000000703800000, 0x0000000703800000, 0x0000000703a00000|  0%| F|  |TAMS 0x0000000703800000, 0x0000000703800000| Untracked 
|  16|0x0000000703a00000, 0x0000000703a00000, 0x0000000703c00000|  0%| F|  |TAMS 0x0000000703a00000, 0x0000000703a00000| Untracked 
|  17|0x0000000703c00000, 0x0000000703c00000, 0x0000000703e00000|  0%| F|  |TAMS 0x0000000703c00000, 0x0000000703c00000| Untracked 
|  18|0x0000000703e00000, 0x0000000703e00000, 0x0000000704000000|  0%| F|  |TAMS 0x0000000703e00000, 0x0000000703e00000| Untracked 
|  19|0x0000000704000000, 0x0000000704000000, 0x0000000704200000|  0%| F|  |TAMS 0x0000000704000000, 0x0000000704000000| Untracked 
|  20|0x0000000704200000, 0x0000000704200000, 0x0000000704400000|  0%| F|  |TAMS 0x0000000704200000, 0x0000000704200000| Untracked 
|  21|0x0000000704400000, 0x0000000704400000, 0x0000000704600000|  0%| F|  |TAMS 0x0000000704400000, 0x0000000704400000| Untracked 
|  22|0x0000000704600000, 0x0000000704600000, 0x0000000704800000|  0%| F|  |TAMS 0x0000000704600000, 0x0000000704600000| Untracked 
|  23|0x0000000704800000, 0x0000000704800000, 0x0000000704a00000|  0%| F|  |TAMS 0x0000000704800000, 0x0000000704800000| Untracked 
|  24|0x0000000704a00000, 0x0000000704a00000, 0x0000000704c00000|  0%| F|  |TAMS 0x0000000704a00000, 0x0000000704a00000| Untracked 
|  25|0x0000000704c00000, 0x0000000704c00000, 0x0000000704e00000|  0%| F|  |TAMS 0x0000000704c00000, 0x0000000704c00000| Untracked 
|  26|0x0000000704e00000, 0x0000000704e00000, 0x0000000705000000|  0%| F|  |TAMS 0x0000000704e00000, 0x0000000704e00000| Untracked 
|  27|0x0000000705000000, 0x0000000705000000, 0x0000000705200000|  0%| F|  |TAMS 0x0000000705000000, 0x0000000705000000| Untracked 
|  28|0x0000000705200000, 0x0000000705200000, 0x0000000705400000|  0%| F|  |TAMS 0x0000000705200000, 0x0000000705200000| Untracked 
|  29|0x0000000705400000, 0x0000000705400000, 0x0000000705600000|  0%| F|  |TAMS 0x0000000705400000, 0x0000000705400000| Untracked 
|  30|0x0000000705600000, 0x0000000705600000, 0x0000000705800000|  0%| F|  |TAMS 0x0000000705600000, 0x0000000705600000| Untracked 
|  31|0x0000000705800000, 0x0000000705800000, 0x0000000705a00000|  0%| F|  |TAMS 0x0000000705800000, 0x0000000705800000| Untracked 
|  32|0x0000000705a00000, 0x0000000705a00000, 0x0000000705c00000|  0%| F|  |TAMS 0x0000000705a00000, 0x0000000705a00000| Untracked 
|  33|0x0000000705c00000, 0x0000000705c00000, 0x0000000705e00000|  0%| F|  |TAMS 0x0000000705c00000, 0x0000000705c00000| Untracked 
|  34|0x0000000705e00000, 0x0000000705e00000, 0x0000000706000000|  0%| F|  |TAMS 0x0000000705e00000, 0x0000000705e00000| Untracked 
|  35|0x0000000706000000, 0x0000000706000000, 0x0000000706200000|  0%| F|  |TAMS 0x0000000706000000, 0x0000000706000000| Untracked 
|  36|0x0000000706200000, 0x0000000706200000, 0x0000000706400000|  0%| F|  |TAMS 0x0000000706200000, 0x0000000706200000| Untracked 
|  37|0x0000000706400000, 0x0000000706400000, 0x0000000706600000|  0%| F|  |TAMS 0x0000000706400000, 0x0000000706400000| Untracked 
|  38|0x0000000706600000, 0x0000000706600000, 0x0000000706800000|  0%| F|  |TAMS 0x0000000706600000, 0x0000000706600000| Untracked 
|  39|0x0000000706800000, 0x0000000706800000, 0x0000000706a00000|  0%| F|  |TAMS 0x0000000706800000, 0x0000000706800000| Untracked 
|  40|0x0000000706a00000, 0x0000000706a00000, 0x0000000706c00000|  0%| F|  |TAMS 0x0000000706a00000, 0x0000000706a00000| Untracked 
|  41|0x0000000706c00000, 0x0000000706c00000, 0x0000000706e00000|  0%| F|  |TAMS 0x0000000706c00000, 0x0000000706c00000| Untracked 
|  42|0x0000000706e00000, 0x0000000706e00000, 0x0000000707000000|  0%| F|  |TAMS 0x0000000706e00000, 0x0000000706e00000| Untracked 
|  43|0x0000000707000000, 0x0000000707000000, 0x0000000707200000|  0%| F|  |TAMS 0x0000000707000000, 0x0000000707000000| Untracked 
|  44|0x0000000707200000, 0x0000000707200000, 0x0000000707400000|  0%| F|  |TAMS 0x0000000707200000, 0x0000000707200000| Untracked 
|  45|0x0000000707400000, 0x0000000707400000, 0x0000000707600000|  0%| F|  |TAMS 0x0000000707400000, 0x0000000707400000| Untracked 
|  46|0x0000000707600000, 0x0000000707600000, 0x0000000707800000|  0%| F|  |TAMS 0x0000000707600000, 0x0000000707600000| Untracked 
|  47|0x0000000707800000, 0x0000000707800000, 0x0000000707a00000|  0%| F|  |TAMS 0x0000000707800000, 0x0000000707800000| Untracked 
|  48|0x0000000707a00000, 0x0000000707a00000, 0x0000000707c00000|  0%| F|  |TAMS 0x0000000707a00000, 0x0000000707a00000| Untracked 
|  49|0x0000000707c00000, 0x0000000707c00000, 0x0000000707e00000|  0%| F|  |TAMS 0x0000000707c00000, 0x0000000707c00000| Untracked 
|  50|0x0000000707e00000, 0x0000000707e00000, 0x0000000708000000|  0%| F|  |TAMS 0x0000000707e00000, 0x0000000707e00000| Untracked 
|  51|0x0000000708000000, 0x0000000708000000, 0x0000000708200000|  0%| F|  |TAMS 0x0000000708000000, 0x0000000708000000| Untracked 
|  52|0x0000000708200000, 0x0000000708200000, 0x0000000708400000|  0%| F|  |TAMS 0x0000000708200000, 0x0000000708200000| Untracked 
|  53|0x0000000708400000, 0x0000000708400000, 0x0000000708600000|  0%| F|  |TAMS 0x0000000708400000, 0x0000000708400000| Untracked 
|  54|0x0000000708600000, 0x0000000708600000, 0x0000000708800000|  0%| F|  |TAMS 0x0000000708600000, 0x0000000708600000| Untracked 
|  55|0x0000000708800000, 0x0000000708800000, 0x0000000708a00000|  0%| F|  |TAMS 0x0000000708800000, 0x0000000708800000| Untracked 
|  56|0x0000000708a00000, 0x0000000708a00000, 0x0000000708c00000|  0%| F|  |TAMS 0x0000000708a00000, 0x0000000708a00000| Untracked 
|  57|0x0000000708c00000, 0x0000000708c00000, 0x0000000708e00000|  0%| F|  |TAMS 0x0000000708c00000, 0x0000000708c00000| Untracked 
|  58|0x0000000708e00000, 0x0000000708e00000, 0x0000000709000000|  0%| F|  |TAMS 0x0000000708e00000, 0x0000000708e00000| Untracked 
|  59|0x0000000709000000, 0x0000000709000000, 0x0000000709200000|  0%| F|  |TAMS 0x0000000709000000, 0x0000000709000000| Untracked 
|  60|0x0000000709200000, 0x0000000709200000, 0x0000000709400000|  0%| F|  |TAMS 0x0000000709200000, 0x0000000709200000| Untracked 
|  61|0x0000000709400000, 0x0000000709400000, 0x0000000709600000|  0%| F|  |TAMS 0x0000000709400000, 0x0000000709400000| Untracked 
|  62|0x0000000709600000, 0x0000000709600000, 0x0000000709800000|  0%| F|  |TAMS 0x0000000709600000, 0x0000000709600000| Untracked 
|  63|0x0000000709800000, 0x0000000709800000, 0x0000000709a00000|  0%| F|  |TAMS 0x0000000709800000, 0x0000000709800000| Untracked 
|  64|0x0000000709a00000, 0x0000000709a00000, 0x0000000709c00000|  0%| F|  |TAMS 0x0000000709a00000, 0x0000000709a00000| Untracked 
|  65|0x0000000709c00000, 0x0000000709c00000, 0x0000000709e00000|  0%| F|  |TAMS 0x0000000709c00000, 0x0000000709c00000| Untracked 
|  66|0x0000000709e00000, 0x0000000709e00000, 0x000000070a000000|  0%| F|  |TAMS 0x0000000709e00000, 0x0000000709e00000| Untracked 
|  67|0x000000070a000000, 0x000000070a000000, 0x000000070a200000|  0%| F|  |TAMS 0x000000070a000000, 0x000000070a000000| Untracked 
|  68|0x000000070a200000, 0x000000070a200000, 0x000000070a400000|  0%| F|  |TAMS 0x000000070a200000, 0x000000070a200000| Untracked 
|  69|0x000000070a400000, 0x000000070a400000, 0x000000070a600000|  0%| F|  |TAMS 0x000000070a400000, 0x000000070a400000| Untracked 
|  70|0x000000070a600000, 0x000000070a600000, 0x000000070a800000|  0%| F|  |TAMS 0x000000070a600000, 0x000000070a600000| Untracked 
|  71|0x000000070a800000, 0x000000070a800000, 0x000000070aa00000|  0%| F|  |TAMS 0x000000070a800000, 0x000000070a800000| Untracked 
|  72|0x000000070aa00000, 0x000000070aa00000, 0x000000070ac00000|  0%| F|  |TAMS 0x000000070aa00000, 0x000000070aa00000| Untracked 
|  73|0x000000070ac00000, 0x000000070ac00000, 0x000000070ae00000|  0%| F|  |TAMS 0x000000070ac00000, 0x000000070ac00000| Untracked 
|  74|0x000000070ae00000, 0x000000070ae00000, 0x000000070b000000|  0%| F|  |TAMS 0x000000070ae00000, 0x000000070ae00000| Untracked 
|  75|0x000000070b000000, 0x000000070b000000, 0x000000070b200000|  0%| F|  |TAMS 0x000000070b000000, 0x000000070b000000| Untracked 
|  76|0x000000070b200000, 0x000000070b200000, 0x000000070b400000|  0%| F|  |TAMS 0x000000070b200000, 0x000000070b200000| Untracked 
|  77|0x000000070b400000, 0x000000070b400000, 0x000000070b600000|  0%| F|  |TAMS 0x000000070b400000, 0x000000070b400000| Untracked 
|  78|0x000000070b600000, 0x000000070b600000, 0x000000070b800000|  0%| F|  |TAMS 0x000000070b600000, 0x000000070b600000| Untracked 
|  79|0x000000070b800000, 0x000000070b800000, 0x000000070ba00000|  0%| F|  |TAMS 0x000000070b800000, 0x000000070b800000| Untracked 
|  80|0x000000070ba00000, 0x000000070ba00000, 0x000000070bc00000|  0%| F|  |TAMS 0x000000070ba00000, 0x000000070ba00000| Untracked 
|  81|0x000000070bc00000, 0x000000070bc00000, 0x000000070be00000|  0%| F|  |TAMS 0x000000070bc00000, 0x000000070bc00000| Untracked 
|  82|0x000000070be00000, 0x000000070be00000, 0x000000070c000000|  0%| F|  |TAMS 0x000000070be00000, 0x000000070be00000| Untracked 
|  83|0x000000070c000000, 0x000000070c000000, 0x000000070c200000|  0%| F|  |TAMS 0x000000070c000000, 0x000000070c000000| Untracked 
|  84|0x000000070c200000, 0x000000070c200000, 0x000000070c400000|  0%| F|  |TAMS 0x000000070c200000, 0x000000070c200000| Untracked 
|  85|0x000000070c400000, 0x000000070c400000, 0x000000070c600000|  0%| F|  |TAMS 0x000000070c400000, 0x000000070c400000| Untracked 
|  86|0x000000070c600000, 0x000000070c600000, 0x000000070c800000|  0%| F|  |TAMS 0x000000070c600000, 0x000000070c600000| Untracked 
|  87|0x000000070c800000, 0x000000070c800000, 0x000000070ca00000|  0%| F|  |TAMS 0x000000070c800000, 0x000000070c800000| Untracked 
|  88|0x000000070ca00000, 0x000000070ca00000, 0x000000070cc00000|  0%| F|  |TAMS 0x000000070ca00000, 0x000000070ca00000| Untracked 
|  89|0x000000070cc00000, 0x000000070cc00000, 0x000000070ce00000|  0%| F|  |TAMS 0x000000070cc00000, 0x000000070cc00000| Untracked 
|  90|0x000000070ce00000, 0x000000070ce00000, 0x000000070d000000|  0%| F|  |TAMS 0x000000070ce00000, 0x000000070ce00000| Untracked 
|  91|0x000000070d000000, 0x000000070d000000, 0x000000070d200000|  0%| F|  |TAMS 0x000000070d000000, 0x000000070d000000| Untracked 
|  92|0x000000070d200000, 0x000000070d200000, 0x000000070d400000|  0%| F|  |TAMS 0x000000070d200000, 0x000000070d200000| Untracked 
|  93|0x000000070d400000, 0x000000070d400000, 0x000000070d600000|  0%| F|  |TAMS 0x000000070d400000, 0x000000070d400000| Untracked 
|  94|0x000000070d600000, 0x000000070d600000, 0x000000070d800000|  0%| F|  |TAMS 0x000000070d600000, 0x000000070d600000| Untracked 
|  95|0x000000070d800000, 0x000000070d800000, 0x000000070da00000|  0%| F|  |TAMS 0x000000070d800000, 0x000000070d800000| Untracked 
|  96|0x000000070da00000, 0x000000070da00000, 0x000000070dc00000|  0%| F|  |TAMS 0x000000070da00000, 0x000000070da00000| Untracked 
|  97|0x000000070dc00000, 0x000000070dc00000, 0x000000070de00000|  0%| F|  |TAMS 0x000000070dc00000, 0x000000070dc00000| Untracked 
|  98|0x000000070de00000, 0x000000070de00000, 0x000000070e000000|  0%| F|  |TAMS 0x000000070de00000, 0x000000070de00000| Untracked 
|  99|0x000000070e000000, 0x000000070e000000, 0x000000070e200000|  0%| F|  |TAMS 0x000000070e000000, 0x000000070e000000| Untracked 
| 100|0x000000070e200000, 0x000000070e200000, 0x000000070e400000|  0%| F|  |TAMS 0x000000070e200000, 0x000000070e200000| Untracked 
| 101|0x000000070e400000, 0x000000070e400000, 0x000000070e600000|  0%| F|  |TAMS 0x000000070e400000, 0x000000070e400000| Untracked 
| 102|0x000000070e600000, 0x000000070e600000, 0x000000070e800000|  0%| F|  |TAMS 0x000000070e600000, 0x000000070e600000| Untracked 
| 103|0x000000070e800000, 0x000000070e800000, 0x000000070ea00000|  0%| F|  |TAMS 0x000000070e800000, 0x000000070e800000| Untracked 
| 104|0x000000070ea00000, 0x000000070ea00000, 0x000000070ec00000|  0%| F|  |TAMS 0x000000070ea00000, 0x000000070ea00000| Untracked 
| 105|0x000000070ec00000, 0x000000070ec00000, 0x000000070ee00000|  0%| F|  |TAMS 0x000000070ec00000, 0x000000070ec00000| Untracked 
| 106|0x000000070ee00000, 0x000000070ee00000, 0x000000070f000000|  0%| F|  |TAMS 0x000000070ee00000, 0x000000070ee00000| Untracked 
| 107|0x000000070f000000, 0x000000070f000000, 0x000000070f200000|  0%| F|  |TAMS 0x000000070f000000, 0x000000070f000000| Untracked 
| 108|0x000000070f200000, 0x000000070f200000, 0x000000070f400000|  0%| F|  |TAMS 0x000000070f200000, 0x000000070f200000| Untracked 
| 109|0x000000070f400000, 0x000000070f400000, 0x000000070f600000|  0%| F|  |TAMS 0x000000070f400000, 0x000000070f400000| Untracked 
| 110|0x000000070f600000, 0x000000070f600000, 0x000000070f800000|  0%| F|  |TAMS 0x000000070f600000, 0x000000070f600000| Untracked 
| 111|0x000000070f800000, 0x000000070f800000, 0x000000070fa00000|  0%| F|  |TAMS 0x000000070f800000, 0x000000070f800000| Untracked 
| 112|0x000000070fa00000, 0x000000070fc00000, 0x000000070fc00000|100%| E|  |TAMS 0x000000070fa00000, 0x000000070fa00000| Complete 
| 113|0x000000070fc00000, 0x000000070fe00000, 0x000000070fe00000|100%| E|CS|TAMS 0x000000070fc00000, 0x000000070fc00000| Complete 
| 114|0x000000070fe00000, 0x0000000710000000, 0x0000000710000000|100%| E|CS|TAMS 0x000000070fe00000, 0x000000070fe00000| Complete 
| 115|0x0000000710000000, 0x0000000710200000, 0x0000000710200000|100%| E|CS|TAMS 0x0000000710000000, 0x0000000710000000| Complete 
| 116|0x0000000710200000, 0x0000000710400000, 0x0000000710400000|100%| E|CS|TAMS 0x0000000710200000, 0x0000000710200000| Complete 
| 117|0x0000000710400000, 0x0000000710600000, 0x0000000710600000|100%| E|CS|TAMS 0x0000000710400000, 0x0000000710400000| Complete 
| 118|0x0000000710600000, 0x0000000710800000, 0x0000000710800000|100%| E|CS|TAMS 0x0000000710600000, 0x0000000710600000| Complete 
| 119|0x0000000710800000, 0x0000000710877730, 0x0000000710a00000| 23%| S|CS|TAMS 0x0000000710800000, 0x0000000710800000| Complete 
| 120|0x0000000710a00000, 0x0000000710c00000, 0x0000000710c00000|100%| E|CS|TAMS 0x0000000710a00000, 0x0000000710a00000| Complete 
| 121|0x0000000710c00000, 0x0000000710e00000, 0x0000000710e00000|100%| E|CS|TAMS 0x0000000710c00000, 0x0000000710c00000| Complete 
| 122|0x0000000710e00000, 0x0000000711000000, 0x0000000711000000|100%| E|CS|TAMS 0x0000000710e00000, 0x0000000710e00000| Complete 
| 123|0x0000000711000000, 0x0000000711200000, 0x0000000711200000|100%| E|CS|TAMS 0x0000000711000000, 0x0000000711000000| Complete 
| 124|0x0000000711200000, 0x0000000711400000, 0x0000000711400000|100%| E|CS|TAMS 0x0000000711200000, 0x0000000711200000| Complete 
| 125|0x0000000711400000, 0x0000000711600000, 0x0000000711600000|100%| E|CS|TAMS 0x0000000711400000, 0x0000000711400000| Complete 
| 126|0x0000000711600000, 0x0000000711800000, 0x0000000711800000|100%| E|CS|TAMS 0x0000000711600000, 0x0000000711600000| Complete 
| 127|0x0000000711800000, 0x0000000711a00000, 0x0000000711a00000|100%| E|  |TAMS 0x0000000711800000, 0x0000000711800000| Complete 

Card table byte_map: [0x000001dbc2470000,0x000001dbc2c70000] _byte_map_base: 0x000001dbbec63000

Marking Bits (Prev, Next): (CMBitMap*) 0x000001dbad7dfd60, (CMBitMap*) 0x000001dbad7dfda0
 Prev Bits: [0x000001dbc3470000, 0x000001dbc7408000)
 Next Bits: [0x000001dbc7410000, 0x000001dbcb3a8000)

Polling page: 0x000001dbad870000

Metaspace:

Usage:
  Non-class:     17.82 MB used.
      Class:      1.90 MB used.
       Both:     19.73 MB used.

Virtual space:
  Non-class space:       24.00 MB reserved,      17.88 MB ( 74%) committed,  3 nodes.
      Class space:        1.00 GB reserved,       2.00 MB ( <1%) committed,  1 nodes.
             Both:        1.02 GB reserved,      19.88 MB (  2%) committed. 

Chunk freelists:
   Non-Class:  1.88 MB
       Class:  2.02 MB
        Both:  3.89 MB

MaxMetaspaceSize: unlimited
CompressedClassSpaceSize: 1.00 GB
Initial GC threshold: 21.00 MB
Current GC threshold: 21.00 MB
CDS: off
MetaspaceReclaimPolicy: balanced
 - commit_granule_bytes: 65536.
 - commit_granule_words: 8192.
 - virtual_space_node_default_size: 1048576.
 - enlarge_chunks_in_place: 1.
 - new_chunks_are_fully_committed: 0.
 - uncommit_free_chunks: 1.
 - use_allocation_guard: 0.
 - handle_deallocations: 1.


Internal statistics:

num_allocs_failed_limit: 0.
num_arena_births: 62.
num_arena_deaths: 0.
num_vsnodes_births: 4.
num_vsnodes_deaths: 0.
num_space_committed: 318.
num_space_uncommitted: 0.
num_chunks_returned_to_freelist: 0.
num_chunks_taken_from_freelist: 284.
num_chunk_merges: 0.
num_chunk_splits: 171.
num_chunks_enlarged: 123.
num_purges: 0.
num_inconsistent_stats: 0.

CodeHeap 'non-profiled nmethods': size=120000Kb used=777Kb max_used=777Kb free=119222Kb
 bounds [0x000001dbba120000, 0x000001dbba390000, 0x000001dbc1650000]
CodeHeap 'profiled nmethods': size=120000Kb used=3622Kb max_used=3622Kb free=116377Kb
 bounds [0x000001dbb2bf0000, 0x000001dbb2f80000, 0x000001dbba120000]
CodeHeap 'non-nmethods': size=5760Kb used=1293Kb max_used=1353Kb free=4466Kb
 bounds [0x000001dbb2650000, 0x000001dbb28c0000, 0x000001dbb2bf0000]
 total_blobs=2235 nmethods=1708 adapters=440
 compilation: enabled
              stopped_count=0, restarted_count=0
 full_count=0

Compilation events (20 events):
Event: 13.515 Thread 0x000001dbce4c4a40 1693       3       sun.util.locale.LanguageTag::isScript (21 bytes)
Event: 13.516 Thread 0x000001dbce4c4a40 nmethod 1693 0x000001dbb2f73310 code [0x000001dbb2f73540, 0x000001dbb2f73ed8]
Event: 13.516 Thread 0x000001dbce4c4a40 1699       3       sun.util.locale.LanguageTag::isRegion (36 bytes)
Event: 13.518 Thread 0x000001dbce4c4a40 nmethod 1699 0x000001dbb2f74210 code [0x000001dbb2f744e0, 0x000001dbb2f75658]
Event: 13.518 Thread 0x000001dbce4c4a40 1709       3       jdk.internal.reflect.ConstructorAccessorImpl::<init> (5 bytes)
Event: 13.518 Thread 0x000001dbce4c4a40 nmethod 1709 0x000001dbb2f75c10 code [0x000001dbb2f75dc0, 0x000001dbb2f75f78]
Event: 13.518 Thread 0x000001dbcfc52b60 nmethod 1708 0x000001dbba1db110 code [0x000001dbba1db2a0, 0x000001dbba1db608]
Event: 13.523 Thread 0x000001dbce4c4a40 1710   !   3       java.util.concurrent.ConcurrentHashMap::putVal (432 bytes)
Event: 13.526 Thread 0x000001dbce4c4a40 nmethod 1710 0x000001dbb2f76090 code [0x000001dbb2f76420, 0x000001dbb2f78148]
Event: 13.541 Thread 0x000001dbce4c4a40 1711       3       java.lang.StringBuffer::<init> (7 bytes)
Event: 13.541 Thread 0x000001dbce4c4a40 nmethod 1711 0x000001dbb2f78c10 code [0x000001dbb2f78da0, 0x000001dbb2f78ee8]
Event: 13.542 Thread 0x000001dbcfc52b60 1712       4       java.util.regex.Matcher::reset (128 bytes)
Event: 13.549 Thread 0x000001dbcfc52b60 nmethod 1712 0x000001dbba1db910 code [0x000001dbba1dbaa0, 0x000001dbba1dbd58]
Event: 13.632 Thread 0x000001dbce42f4f0 nmethod 1704 0x000001dbba1dbf90 code [0x000001dbba1dc360, 0x000001dbba1dffb0]
Event: 161.006 Thread 0x000001dbce4c4a40 1713       3       jdk.internal.loader.BuiltinClassLoader::hasClassPath (13 bytes)
Event: 161.007 Thread 0x000001dbce4c4a40 nmethod 1713 0x000001dbb2f78f90 code [0x000001dbb2f79120, 0x000001dbb2f79298]
Event: 206.073 Thread 0x000001dbce42f4f0 1714       4       java.lang.String::startsWith (138 bytes)
Event: 206.078 Thread 0x000001dbce42f4f0 nmethod 1714 0x000001dbba1e2110 code [0x000001dbba1e22a0, 0x000001dbba1e2538]
Event: 221.092 Thread 0x000001dbce4c4a40 1715       3       java.lang.ref.ReferenceQueue::reallyPoll (65 bytes)
Event: 221.093 Thread 0x000001dbce4c4a40 nmethod 1715 0x000001dbb2f79310 code [0x000001dbb2f794e0, 0x000001dbb2f79a38]

GC Heap History (4 events):
Event: 0.939 GC heap before
{Heap before GC invocations=0 (full 0):
 garbage-first heap   total 262144K, used 12288K [0x0000000701a00000, 0x0000000800000000)
  region size 2048K, 6 young (12288K), 0 survivors (0K)
 Metaspace       used 11213K, committed 11392K, reserved 1064960K
  class space    used 980K, committed 1088K, reserved 1048576K
}
Event: 0.943 GC heap after
{Heap after GC invocations=1 (full 0):
 garbage-first heap   total 262144K, used 2404K [0x0000000701a00000, 0x0000000800000000)
  region size 2048K, 1 young (2048K), 1 survivors (2048K)
 Metaspace       used 11213K, committed 11392K, reserved 1064960K
  class space    used 980K, committed 1088K, reserved 1048576K
}
Event: 1.321 GC heap before
{Heap before GC invocations=1 (full 0):
 garbage-first heap   total 262144K, used 14692K [0x0000000701a00000, 0x0000000800000000)
  region size 2048K, 8 young (16384K), 1 survivors (2048K)
 Metaspace       used 13719K, committed 13888K, reserved 1064960K
  class space    used 1212K, committed 1280K, reserved 1048576K
}
Event: 1.326 GC heap after
{Heap after GC invocations=2 (full 0):
 garbage-first heap   total 262144K, used 2467K [0x0000000701a00000, 0x0000000800000000)
  region size 2048K, 1 young (2048K), 1 survivors (2048K)
 Metaspace       used 13719K, committed 13888K, reserved 1064960K
  class space    used 1212K, committed 1280K, reserved 1048576K
}

Deoptimization events (20 events):
Event: 3.570 Thread 0x000001dbad790a40 DEOPT PACKING pc=0x000001dbba133ae0 sp=0x000000a0c04fe820
Event: 3.570 Thread 0x000001dbad790a40 DEOPT UNPACKING pc=0x000001dbb26a23a3 sp=0x000000a0c04fe7a8 mode 2
Event: 3.604 Thread 0x000001dbad790a40 DEOPT PACKING pc=0x000001dbb2c5e44f sp=0x000000a0c04fde90
Event: 3.604 Thread 0x000001dbad790a40 DEOPT UNPACKING pc=0x000001dbb26a2b43 sp=0x000000a0c04fd358 mode 1
Event: 3.609 Thread 0x000001dbad790a40 Uncommon trap: trap_request=0xffffffde fr.pc=0x000001dbba1908fc relative=0x000000000000113c
Event: 3.609 Thread 0x000001dbad790a40 Uncommon trap: reason=class_check action=maybe_recompile pc=0x000001dbba1908fc method=java.util.HashMap.putVal(ILjava/lang/Object;Ljava/lang/Object;ZZ)Ljava/lang/Object; @ 253 c2
Event: 3.609 Thread 0x000001dbad790a40 DEOPT PACKING pc=0x000001dbba1908fc sp=0x000000a0c04fddf0
Event: 3.609 Thread 0x000001dbad790a40 DEOPT UNPACKING pc=0x000001dbb26a23a3 sp=0x000000a0c04fddb0 mode 2
Event: 3.615 Thread 0x000001dbad790a40 DEOPT PACKING pc=0x000001dbb2d660c3 sp=0x000000a0c04f8c50
Event: 3.615 Thread 0x000001dbad790a40 DEOPT UNPACKING pc=0x000001dbb26a2b43 sp=0x000000a0c04f8198 mode 0
Event: 3.626 Thread 0x000001dbad790a40 Uncommon trap: trap_request=0xffffffde fr.pc=0x000001dbba1a0f6c relative=0x00000000000001cc
Event: 3.626 Thread 0x000001dbad790a40 Uncommon trap: reason=class_check action=maybe_recompile pc=0x000001dbba1a0f6c method=java.util.regex.Matcher.getTextLength()I @ 4 c2
Event: 3.626 Thread 0x000001dbad790a40 DEOPT PACKING pc=0x000001dbba1a0f6c sp=0x000000a0c04fed80
Event: 3.626 Thread 0x000001dbad790a40 DEOPT UNPACKING pc=0x000001dbb26a23a3 sp=0x000000a0c04fecb8 mode 2
Event: 13.477 Thread 0x000001dbad790a40 DEOPT PACKING pc=0x000001dbb2f3c81d sp=0x000000a0c04fdad0
Event: 13.477 Thread 0x000001dbad790a40 DEOPT UNPACKING pc=0x000001dbb26a2b43 sp=0x000000a0c04fd000 mode 0
Event: 13.509 Thread 0x000001dbad790a40 Uncommon trap: trap_request=0xffffff45 fr.pc=0x000001dbba18bca4 relative=0x0000000000001104
Event: 13.509 Thread 0x000001dbad790a40 Uncommon trap: reason=unstable_if action=reinterpret pc=0x000001dbba18bca4 method=java.util.concurrent.ConcurrentHashMap.putVal(Ljava/lang/Object;Ljava/lang/Object;Z)Ljava/lang/Object; @ 231 c2
Event: 13.509 Thread 0x000001dbad790a40 DEOPT PACKING pc=0x000001dbba18bca4 sp=0x000000a0c04fe100
Event: 13.509 Thread 0x000001dbad790a40 DEOPT UNPACKING pc=0x000001dbb26a23a3 sp=0x000000a0c04fe080 mode 2

Classes unloaded (0 events):
No events

Classes redefined (2 events):
Event: 246.813 Thread 0x000001dbcda3ea00 redefined class name=com.user.UserPortal$UserAccess, count=1
Event: 246.813 Thread 0x000001dbcda3ea00 redefined class name=com.user.UserPortal, count=1

Internal exceptions (14 events):
Event: 0.813 Thread 0x000001dbad790a40 Exception <a 'java/lang/NoSuchMethodError'{0x00000007110b59f0}: 'java.lang.Object java.lang.invoke.DirectMethodHandle$Holder.invokeStaticInit(java.lang.Object)'> (0x00000007110b59f0) 
thrown [e:\jenkins\tmp\workspace\build\src\src\hotspot\share\interpreter\linkResolver.cpp, line 766]
Event: 0.814 Thread 0x000001dbad790a40 Exception <a 'java/lang/NoSuchMethodError'{0x00000007110bc6d0}: 'java.lang.Object java.lang.invoke.DirectMethodHandle$Holder.invokeInterface(java.lang.Object, java.lang.Object)'> (0x00000007110bc6d0) 
thrown [e:\jenkins\tmp\workspace\build\src\src\hotspot\share\interpreter\linkResolver.cpp, line 766]
Event: 0.866 Thread 0x000001dbad790a40 Exception <a 'java/lang/NoSuchMethodError'{0x00000007111777f8}: 'void java.lang.invoke.DirectMethodHandle$Holder.invokeSpecial(java.lang.Object, java.lang.Object, java.lang.Object)'> (0x00000007111777f8) 
thrown [e:\jenkins\tmp\workspace\build\src\src\hotspot\share\interpreter\linkResolver.cpp, line 766]
Event: 0.868 Thread 0x000001dbad790a40 Exception <a 'java/lang/NoSuchMethodError'{0x000000071117ee88}: 'void java.lang.invoke.DirectMethodHandle$Holder.invokeStatic(java.lang.Object, java.lang.Object, java.lang.Object)'> (0x000000071117ee88) 
thrown [e:\jenkins\tmp\workspace\build\src\src\hotspot\share\interpreter\linkResolver.cpp, line 766]
Event: 0.871 Thread 0x000001dbad790a40 Exception <a 'java/lang/NoSuchMethodError'{0x0000000711189cf8}: 'java.lang.Object java.lang.invoke.DirectMethodHandle$Holder.invokeVirtual(java.lang.Object, java.lang.Object, java.lang.Object)'> (0x0000000711189cf8) 
thrown [e:\jenkins\tmp\workspace\build\src\src\hotspot\share\interpreter\linkResolver.cpp, line 766]
Event: 1.194 Thread 0x000001dbad790a40 Exception <a 'java/lang/NoSuchMethodError'{0x0000000711111958}: 'void java.lang.invoke.DirectMethodHandle$Holder.invokeStatic(java.lang.Object, java.lang.Object)'> (0x0000000711111958) 
thrown [e:\jenkins\tmp\workspace\build\src\src\hotspot\share\interpreter\linkResolver.cpp, line 766]
Event: 1.419 Thread 0x000001dbad790a40 Exception <a 'java/lang/NoSuchMethodError'{0x000000071144a230}: 'void java.lang.invoke.DirectMethodHandle$Holder.invokeStaticInit(java.lang.Object, java.lang.Object)'> (0x000000071144a230) 
thrown [e:\jenkins\tmp\workspace\build\src\src\hotspot\share\interpreter\linkResolver.cpp, line 766]
Event: 1.493 Thread 0x000001dbad790a40 Exception <a 'sun/nio/fs/WindowsException'{0x00000007112944c8}> (0x00000007112944c8) 
thrown [e:\jenkins\tmp\workspace\build\src\src\hotspot\share\prims\jni.cpp, line 516]
Event: 1.517 Thread 0x000001dbad790a40 Exception <a 'java/lang/NoSuchMethodError'{0x00000007112f0068}: 'int java.lang.invoke.DirectMethodHandle$Holder.invokeStaticInit(java.lang.Object, java.lang.Object, java.lang.Object, java.lang.Object)'> (0x00000007112f0068) 
thrown [e:\jenkins\tmp\workspace\build\src\src\hotspot\share\interpreter\linkResolver.cpp, line 766]
Event: 1.519 Thread 0x000001dbad790a40 Exception <a 'java/lang/IncompatibleClassChangeError'{0x00000007112f9230}: Found class java.lang.Object, but interface was expected> (0x00000007112f9230) 
thrown [e:\jenkins\tmp\workspace\build\src\src\hotspot\share\interpreter\linkResolver.cpp, line 833]
Event: 1.522 Thread 0x000001dbad790a40 Exception <a 'java/lang/NoSuchMethodError'{0x0000000711301580}: 'int java.lang.invoke.DirectMethodHandle$Holder.invokeStaticInit(java.lang.Object, java.lang.Object)'> (0x0000000711301580) 
thrown [e:\jenkins\tmp\workspace\build\src\src\hotspot\share\interpreter\linkResolver.cpp, line 766]
Event: 1.594 Thread 0x000001dbad790a40 Exception <a 'java/lang/NoSuchMethodError'{0x00000007110ef308}: 'java.lang.Object java.lang.invoke.DirectMethodHandle$Holder.invokeStaticInit(java.lang.Object, int, int, int, int)'> (0x00000007110ef308) 
thrown [e:\jenkins\tmp\workspace\build\src\src\hotspot\share\interpreter\linkResolver.cpp, line 766]
Event: 1.690 Thread 0x000001dbad790a40 Exception <a 'java/lang/NoSuchMethodError'{0x00000007111d48f8}: 'java.lang.Object java.lang.invoke.DirectMethodHandle$Holder.invokeStaticInit(java.lang.Object, java.lang.Object, int, int, int, int)'> (0x00000007111d48f8) 
thrown [e:\jenkins\tmp\workspace\build\src\src\hotspot\share\interpreter\linkResolver.cpp, line 766]
Event: 2.076 Thread 0x000001dbad790a40 Exception <a 'java/io/IOException'{0x0000000710427bd0}> (0x0000000710427bd0) 
thrown [e:\jenkins\tmp\workspace\build\src\src\hotspot\share\prims\jni.cpp, line 516]

VM Operations (20 events):
Event: 246.853 Executing VM operation: ChangeBreakpoints done
Event: 246.865 Executing VM operation: ChangeBreakpoints
Event: 246.865 Executing VM operation: ChangeBreakpoints done
Event: 246.865 Executing VM operation: ChangeBreakpoints
Event: 246.866 Executing VM operation: ChangeBreakpoints done
Event: 246.874 Executing VM operation: ChangeBreakpoints
Event: 246.874 Executing VM operation: ChangeBreakpoints done
Event: 246.885 Executing VM operation: ChangeBreakpoints
Event: 246.886 Executing VM operation: ChangeBreakpoints done
Event: 246.886 Executing VM operation: ChangeBreakpoints
Event: 246.886 Executing VM operation: ChangeBreakpoints done
Event: 246.897 Executing VM operation: ChangeBreakpoints
Event: 246.897 Executing VM operation: ChangeBreakpoints done
Event: 246.899 Executing VM operation: ChangeSingleStep
Event: 246.899 Executing VM operation: ChangeSingleStep done
Event: 246.899 Executing VM operation: get/set locals
Event: 246.900 Executing VM operation: get/set locals done
Event: 246.901 Executing VM operation: ChangeSingleStep
Event: 246.901 Executing VM operation: ChangeSingleStep done
Event: 247.001 Executing VM operation: get/set locals

Events (20 events):
Event: 207.153 loading class java/text/DateFormatSymbols
Event: 207.153 loading class java/text/DateFormatSymbols done
Event: 207.163 loading class sun/util/locale/provider/DateFormatSymbolsProviderImpl
Event: 207.163 loading class sun/util/locale/provider/DateFormatSymbolsProviderImpl done
Event: 207.490 loading class java/text/DontCareFieldPosition
Event: 207.490 loading class java/text/DontCareFieldPosition done
Event: 207.491 loading class java/text/DontCareFieldPosition$1
Event: 207.491 loading class java/text/Format$FieldDelegate
Event: 207.491 loading class java/text/Format$FieldDelegate done
Event: 207.491 loading class java/text/DontCareFieldPosition$1 done
Event: 223.515 loading class java/lang/StringIndexOutOfBoundsException
Event: 223.515 loading class java/lang/StringIndexOutOfBoundsException done
Event: 223.647 loading class java/util/concurrent/atomic/AtomicReferenceFieldUpdater
Event: 223.648 loading class java/util/concurrent/atomic/AtomicReferenceFieldUpdater done
Event: 223.648 loading class java/util/concurrent/atomic/AtomicReferenceFieldUpdater$AtomicReferenceFieldUpdaterImpl
Event: 223.648 loading class java/util/concurrent/atomic/AtomicReferenceFieldUpdater$AtomicReferenceFieldUpdaterImpl done
Event: 223.648 loading class java/util/concurrent/atomic/AtomicReferenceFieldUpdater$AtomicReferenceFieldUpdaterImpl$1
Event: 223.648 loading class java/util/concurrent/atomic/AtomicReferenceFieldUpdater$AtomicReferenceFieldUpdaterImpl$1 done
Event: 223.648 loading class sun/reflect/misc/ReflectUtil
Event: 223.648 loading class sun/reflect/misc/ReflectUtil done


Dynamic libraries:
0x00007ff6eea60000 - 0x00007ff6eea6e000 	C:\Users\jeanmartin\.p2\pool\plugins\org.eclipse.justj.openjdk.hotspot.jre.full.win32.x86_64_17.0.2.v20220201-1208\jre\bin\javaw.exe
0x00007ffbd1e10000 - 0x00007ffbd2008000 	C:\WINDOWS\SYSTEM32\ntdll.dll
0x00007ffbd1220000 - 0x00007ffbd12df000 	C:\WINDOWS\System32\KERNEL32.DLL
0x00007ffbcf740000 - 0x00007ffbcfa12000 	C:\WINDOWS\System32\KERNELBASE.dll
0x00007ffbcfab0000 - 0x00007ffbcfbb0000 	C:\WINDOWS\System32\ucrtbase.dll
0x00007ffbca9f0000 - 0x00007ffbcaa08000 	C:\Users\jeanmartin\.p2\pool\plugins\org.eclipse.justj.openjdk.hotspot.jre.full.win32.x86_64_17.0.2.v20220201-1208\jre\bin\jli.dll
0x00007ffbc79c0000 - 0x00007ffbc79d9000 	C:\Users\jeanmartin\.p2\pool\plugins\org.eclipse.justj.openjdk.hotspot.jre.full.win32.x86_64_17.0.2.v20220201-1208\jre\bin\VCRUNTIME140.dll
0x00007ffbd1c20000 - 0x00007ffbd1dc1000 	C:\WINDOWS\System32\USER32.dll
0x00007ffbcfe50000 - 0x00007ffbcfe72000 	C:\WINDOWS\System32\win32u.dll
0x00007ffbc66b0000 - 0x00007ffbc694a000 	C:\WINDOWS\WinSxS\amd64_microsoft.windows.common-controls_6595b64144ccf1df_6.0.19041.1110_none_60b5254171f9507e\COMCTL32.dll
0x00007ffbd0e90000 - 0x00007ffbd0ebb000 	C:\WINDOWS\System32\GDI32.dll
0x00007ffbcfd10000 - 0x00007ffbcfe1f000 	C:\WINDOWS\System32\gdi32full.dll
0x00007ffbcf5a0000 - 0x00007ffbcf63d000 	C:\WINDOWS\System32\msvcp_win.dll
0x00007ffbd0d40000 - 0x00007ffbd0dde000 	C:\WINDOWS\System32\msvcrt.dll
0x00007ffbd13b0000 - 0x00007ffbd13e0000 	C:\WINDOWS\System32\IMM32.DLL
0x00007ffbc79b0000 - 0x00007ffbc79bc000 	C:\Users\jeanmartin\.p2\pool\plugins\org.eclipse.justj.openjdk.hotspot.jre.full.win32.x86_64_17.0.2.v20220201-1208\jre\bin\vcruntime140_1.dll
0x00007ffba6dc0000 - 0x00007ffba6e51000 	C:\Users\jeanmartin\.p2\pool\plugins\org.eclipse.justj.openjdk.hotspot.jre.full.win32.x86_64_17.0.2.v20220201-1208\jre\bin\msvcp140.dll
0x00007ffb7fd60000 - 0x00007ffb809a7000 	C:\Users\jeanmartin\.p2\pool\plugins\org.eclipse.justj.openjdk.hotspot.jre.full.win32.x86_64_17.0.2.v20220201-1208\jre\bin\server\jvm.dll
0x00007ffbd1630000 - 0x00007ffbd16de000 	C:\WINDOWS\System32\ADVAPI32.dll
0x00007ffbd00e0000 - 0x00007ffbd017c000 	C:\WINDOWS\System32\sechost.dll
0x00007ffbd1af0000 - 0x00007ffbd1c14000 	C:\WINDOWS\System32\RPCRT4.dll
0x00007ffbd1540000 - 0x00007ffbd1548000 	C:\WINDOWS\System32\PSAPI.DLL
0x00007ffbcaf30000 - 0x00007ffbcaf39000 	C:\WINDOWS\SYSTEM32\WSOCK32.dll
0x00007ffbc8670000 - 0x00007ffbc8697000 	C:\WINDOWS\SYSTEM32\WINMM.dll
0x00007ffbd1440000 - 0x00007ffbd14ab000 	C:\WINDOWS\System32\WS2_32.dll
0x00007ffbc5d70000 - 0x00007ffbc5d7a000 	C:\WINDOWS\SYSTEM32\VERSION.dll
0x00007ffbcd460000 - 0x00007ffbcd472000 	C:\WINDOWS\SYSTEM32\kernel.appcore.dll
0x00007ffbc6b20000 - 0x00007ffbc6b2a000 	C:\Users\jeanmartin\.p2\pool\plugins\org.eclipse.justj.openjdk.hotspot.jre.full.win32.x86_64_17.0.2.v20220201-1208\jre\bin\jimage.dll
0x00007ffbc8730000 - 0x00007ffbc8914000 	C:\WINDOWS\SYSTEM32\DBGHELP.DLL
0x00007ffbc78b0000 - 0x00007ffbc78e5000 	C:\WINDOWS\SYSTEM32\dbgcore.DLL
0x00007ffbcfa20000 - 0x00007ffbcfaa2000 	C:\WINDOWS\System32\bcryptPrimitives.dll
0x00007ffbc1c00000 - 0x00007ffbc1c3b000 	C:\Users\jeanmartin\.p2\pool\plugins\org.eclipse.justj.openjdk.hotspot.jre.full.win32.x86_64_17.0.2.v20220201-1208\jre\bin\jdwp.dll
0x00007ffbc4b90000 - 0x00007ffbc4b9e000 	C:\Users\jeanmartin\.p2\pool\plugins\org.eclipse.justj.openjdk.hotspot.jre.full.win32.x86_64_17.0.2.v20220201-1208\jre\bin\instrument.dll
0x00007ffbc4c20000 - 0x00007ffbc4c45000 	C:\Users\jeanmartin\.p2\pool\plugins\org.eclipse.justj.openjdk.hotspot.jre.full.win32.x86_64_17.0.2.v20220201-1208\jre\bin\java.dll
0x00007ffbc4c00000 - 0x00007ffbc4c18000 	C:\Users\jeanmartin\.p2\pool\plugins\org.eclipse.justj.openjdk.hotspot.jre.full.win32.x86_64_17.0.2.v20220201-1208\jre\bin\zip.dll
0x00007ffbd05f0000 - 0x00007ffbd0d35000 	C:\WINDOWS\System32\SHELL32.dll
0x00007ffbcd660000 - 0x00007ffbcddf2000 	C:\WINDOWS\SYSTEM32\windows.storage.dll
0x00007ffbd0ec0000 - 0x00007ffbd1215000 	C:\WINDOWS\System32\combase.dll
0x00007ffbcf000000 - 0x00007ffbcf030000 	C:\WINDOWS\SYSTEM32\Wldp.dll
0x00007ffbd0de0000 - 0x00007ffbd0e8d000 	C:\WINDOWS\System32\SHCORE.dll
0x00007ffbd0080000 - 0x00007ffbd00d5000 	C:\WINDOWS\System32\shlwapi.dll
0x00007ffbcf4e0000 - 0x00007ffbcf4ff000 	C:\WINDOWS\SYSTEM32\profapi.dll
0x00007ffbc0e90000 - 0x00007ffbc0e9c000 	C:\Users\jeanmartin\.p2\pool\plugins\org.eclipse.justj.openjdk.hotspot.jre.full.win32.x86_64_17.0.2.v20220201-1208\jre\bin\dt_socket.dll
0x00007ffbce9e0000 - 0x00007ffbcea1b000 	C:\WINDOWS\SYSTEM32\IPHLPAPI.DLL
0x00007ffbced10000 - 0x00007ffbced7a000 	C:\WINDOWS\system32\mswsock.dll
0x00007ffbcea20000 - 0x00007ffbceaeb000 	C:\WINDOWS\SYSTEM32\DNSAPI.dll
0x00007ffbd14b0000 - 0x00007ffbd14b8000 	C:\WINDOWS\System32\NSI.dll
0x00007ffbc5770000 - 0x00007ffbc577a000 	C:\Windows\System32\rasadhlp.dll
0x00007ffbc5990000 - 0x00007ffbc5a10000 	C:\WINDOWS\System32\fwpuclnt.dll
0x00007ffbcfe20000 - 0x00007ffbcfe47000 	C:\WINDOWS\System32\bcrypt.dll
0x00007ffbc4be0000 - 0x00007ffbc4bf9000 	C:\Users\jeanmartin\.p2\pool\plugins\org.eclipse.justj.openjdk.hotspot.jre.full.win32.x86_64_17.0.2.v20220201-1208\jre\bin\net.dll
0x00007ffbc5a60000 - 0x00007ffbc5b6a000 	C:\WINDOWS\SYSTEM32\WINHTTP.dll
0x00007ffbc42e0000 - 0x00007ffbc42f5000 	C:\Users\jeanmartin\.p2\pool\plugins\org.eclipse.justj.openjdk.hotspot.jre.full.win32.x86_64_17.0.2.v20220201-1208\jre\bin\nio.dll
0x00007ffbc4880000 - 0x00007ffbc4890000 	C:\Users\jeanmartin\.p2\pool\plugins\org.eclipse.justj.openjdk.hotspot.jre.full.win32.x86_64_17.0.2.v20220201-1208\jre\bin\verify.dll
0x00007ffbc4050000 - 0x00007ffbc405e000 	C:\Users\jeanmartin\.p2\pool\plugins\org.eclipse.justj.openjdk.hotspot.jre.full.win32.x86_64_17.0.2.v20220201-1208\jre\bin\sunmscapi.dll
0x00007ffbcfbb0000 - 0x00007ffbcfd06000 	C:\WINDOWS\System32\CRYPT32.dll
0x00007ffbcf070000 - 0x00007ffbcf097000 	C:\WINDOWS\SYSTEM32\ncrypt.dll
0x00007ffbcf030000 - 0x00007ffbcf06b000 	C:\WINDOWS\SYSTEM32\NTASN1.dll
0x00007ffbcef50000 - 0x00007ffbcef68000 	C:\WINDOWS\SYSTEM32\CRYPTSP.dll
0x00007ffbce5a0000 - 0x00007ffbce5d4000 	C:\WINDOWS\system32\rsaenh.dll
0x00007ffbcf4a0000 - 0x00007ffbcf4ce000 	C:\WINDOWS\SYSTEM32\USERENV.dll
0x00007ffbcef70000 - 0x00007ffbcef7c000 	C:\WINDOWS\SYSTEM32\CRYPTBASE.dll
0x00007ffbc6270000 - 0x00007ffbc6287000 	C:\WINDOWS\SYSTEM32\dhcpcsvc6.DLL
0x00007ffbc6b90000 - 0x00007ffbc6bad000 	C:\WINDOWS\SYSTEM32\dhcpcsvc.DLL

dbghelp: loaded successfully - version: 4.0.5 - missing functions: none
symbol engine: initialized successfully - sym options: 0x614 - pdb path: .;C:\Users\jeanmartin\.p2\pool\plugins\org.eclipse.justj.openjdk.hotspot.jre.full.win32.x86_64_17.0.2.v20220201-1208\jre\bin;C:\WINDOWS\SYSTEM32;C:\WINDOWS\WinSxS\amd64_microsoft.windows.common-controls_6595b64144ccf1df_6.0.19041.1110_none_60b5254171f9507e;C:\Users\jeanmartin\.p2\pool\plugins\org.eclipse.justj.openjdk.hotspot.jre.full.win32.x86_64_17.0.2.v20220201-1208\jre\bin\server

VM Arguments:
jvm_args: -XX:+ShowCodeDetailsInExceptionMessages -agentlib:jdwp=transport=dt_socket,suspend=y,address=localhost:63879 -javaagent:C:\Users\jeanmartin\eclipse\java-2022-03\eclipse\configuration\org.eclipse.osgi\225\0\.cp\lib\javaagent-shaded.jar -Dfile.encoding=Cp1252 
java_command: com.maintain.Maintainance
java_class_path (initial): C:\Users\jeanmartin\eclipse-workspace\Attendance_Maintenance\bin;C:\Users\jeanmartin\eclipse-workspace\Attendance_Maintenance\Driver\mysql-connector-java-8.0.30.jar
Launcher Type: SUN_STANDARD

[Global flags]
     intx CICompilerCount                          = 3                                         {product} {ergonomic}
     uint ConcGCThreads                            = 1                                         {product} {ergonomic}
     uint G1ConcRefinementThreads                  = 4                                         {product} {ergonomic}
   size_t G1HeapRegionSize                         = 2097152                                   {product} {ergonomic}
    uintx GCDrainStackTargetSize                   = 64                                        {product} {ergonomic}
   size_t InitialHeapSize                          = 268435456                                 {product} {ergonomic}
   size_t MarkStackSize                            = 4194304                                   {product} {ergonomic}
   size_t MaxHeapSize                              = 4267704320                                {product} {ergonomic}
   size_t MaxNewSize                               = 2560622592                                {product} {ergonomic}
   size_t MinHeapDeltaBytes                        = 2097152                                   {product} {ergonomic}
   size_t MinHeapSize                              = 8388608                                   {product} {ergonomic}
    uintx NonNMethodCodeHeapSize                   = 5832780                                {pd product} {ergonomic}
    uintx NonProfiledCodeHeapSize                  = 122912730                              {pd product} {ergonomic}
    uintx ProfiledCodeHeapSize                     = 122912730                              {pd product} {ergonomic}
    uintx ReservedCodeCacheSize                    = 251658240                              {pd product} {ergonomic}
     bool SegmentedCodeCache                       = true                                      {product} {ergonomic}
     bool ShowCodeDetailsInExceptionMessages       = true                                   {manageable} {command line}
   size_t SoftMaxHeapSize                          = 4267704320                             {manageable} {ergonomic}
     bool UseCompressedClassPointers               = true                           {product lp64_product} {ergonomic}
     bool UseCompressedOops                        = true                           {product lp64_product} {ergonomic}
     bool UseG1GC                                  = true                                      {product} {ergonomic}
     bool UseLargePagesIndividualAllocation        = false                                  {pd product} {ergonomic}

Logging:
Log output configuration:
 #0: stdout all=warning uptime,level,tags
 #1: stderr all=off uptime,level,tags

Environment Variables:
JAVA_HOME=C:\Program Files\Java\jdk-11
PATH=C:\Users\jeanmartin\.p2\pool\plugins\org.eclipse.justj.openjdk.hotspot.jre.full.win32.x86_64_17.0.2.v20220201-1208\jre\bin;C:/Users/jeanmartin/.p2/pool/plugins/org.eclipse.justj.openjdk.hotspot.jre.full.win32.x86_64_17.0.2.v20220201-1208/jre/bin/server;C:/Users/jeanmartin/.p2/pool/plugins/org.eclipse.justj.openjdk.hotspot.jre.full.win32.x86_64_17.0.2.v20220201-1208/jre/bin;C:\Python311\Scripts\;C:\Python311\;C:\Program Files\Common Files\Oracle\Java\javapath;C:\WINDOWS\System32\WindowsPowerShell\v1.0\;C:\Program Files (x86)\Common Files\Oracle\Java\javapath;C:\WINDOWS\system32;C:\WINDOWS;C:\WINDOWS\System32\Wbem;C:\WINDOWS\System32\OpenSSH\;C:\Program Files\Java\jdk-11\bin;C:\ProgramData\chocolatey\bin;D:\Prakash\;C:\Program Files\Git\cmd;C:\Program Files\MySQL\MySQL Shell 8.0\bin\;C:\Users\jeanmartin\AppData\Local\Microsoft\WindowsApps;C:\Users\jeanmartin\AppData\Local\Programs\Microsoft VS Code\bin;C:\Users\jeanmartin\AppData\Roaming\npm;C:\WINDOWS\system32;
USERNAME=jeanmartin
OS=Windows_NT
PROCESSOR_IDENTIFIER=Intel64 Family 6 Model 69 Stepping 1, GenuineIntel



---------------  S Y S T E M  ---------------

OS:
 Windows 10 , 64 bit Build 19041 (10.0.19041.2546)
OS uptime: 10 days 7:36 hours

CPU: total 4 (initial active 4) (2 cores per cpu, 2 threads per core) family 6 model 69 stepping 1 microcode 0x25, cx8, cmov, fxsr, ht, mmx, sse, sse2, sse3, ssse3, sse4.1, sse4.2, popcnt, lzcnt, tsc, tscinvbit, avx, avx2, aes, erms, clmul, bmi1, bmi2, fma, vzeroupper, clflush

Memory: 4k page, system-wide physical 16272M (6334M free)
TotalPageFile size 19712M (AvailPageFile size 3533M)
current process WorkingSet (physical memory assigned to process): 96M, peak: 123M
current process commit charge ("private bytes"): 354M, peak: 390M

vm_info: OpenJDK 64-Bit Server VM (17.0.2+8) for windows-amd64 JRE (17.0.2+8), built on Jan 20 2022 04:52:34 by "" with MS VC++ 16.7 (VS2019)

END.
